[2020-07-30 22:02:04,775] {{taskinstance.py:616}} INFO - Dependencies all met for <TaskInstance: store_DAG.clean_raw_csv 2020-07-26T00:00:00+00:00 [queued]>
[2020-07-30 22:02:04,936] {{taskinstance.py:616}} INFO - Dependencies all met for <TaskInstance: store_DAG.clean_raw_csv 2020-07-26T00:00:00+00:00 [queued]>
[2020-07-30 22:02:04,945] {{taskinstance.py:834}} INFO - 
--------------------------------------------------------------------------------
[2020-07-30 22:02:04,946] {{taskinstance.py:835}} INFO - Starting attempt 1 of 2
[2020-07-30 22:02:04,950] {{taskinstance.py:836}} INFO - 
--------------------------------------------------------------------------------
[2020-07-30 22:02:05,050] {{taskinstance.py:855}} INFO - Executing <Task(PythonOperator): clean_raw_csv> on 2020-07-26T00:00:00+00:00
[2020-07-30 22:02:05,057] {{base_task_runner.py:133}} INFO - Running: ['airflow', 'run', 'store_DAG', 'clean_raw_csv', '2020-07-26T00:00:00+00:00', '--job_id', '31', '--pool', 'default_pool', '--raw', '-sd', 'DAGS_FOLDER/store_DAG.py', '--cfg_path', '/tmp/tmptjnol7f_']
[2020-07-30 22:02:18,155] {{base_task_runner.py:115}} INFO - Job 31: Subtask clean_raw_csv [2020-07-30 22:02:18,144] {{settings.py:213}} INFO - settings.configure_orm(): Using pool settings. pool_size=5, max_overflow=10, pool_recycle=1800, pid=7779
[2020-07-30 22:02:18,685] {{base_task_runner.py:115}} INFO - Job 31: Subtask clean_raw_csv /usr/local/lib/python3.7/site-packages/psycopg2/__init__.py:144: UserWarning: The psycopg2 wheel package will be renamed from release 2.8; in order to keep installing from binary please use "pip install psycopg2-binary" instead. For details see: <http://initd.org/psycopg/docs/install.html#binary-install-from-pypi>.
[2020-07-30 22:02:18,686] {{base_task_runner.py:115}} INFO - Job 31: Subtask clean_raw_csv   """)
[2020-07-30 22:02:21,740] {{base_task_runner.py:115}} INFO - Job 31: Subtask clean_raw_csv [2020-07-30 22:02:21,724] {{__init__.py:51}} INFO - Using executor LocalExecutor
[2020-07-30 22:02:25,760] {{base_task_runner.py:115}} INFO - Job 31: Subtask clean_raw_csv [2020-07-30 22:02:25,755] {{dagbag.py:90}} INFO - Filling up the DagBag from /usr/local/airflow/dags/store_DAG.py
[2020-07-30 22:02:26,178] {{base_task_runner.py:115}} INFO - Job 31: Subtask clean_raw_csv [2020-07-30 22:02:26,178] {{cli.py:516}} INFO - Running <TaskInstance: store_DAG.clean_raw_csv 2020-07-26T00:00:00+00:00 [running]> on host 6097e8989e8b
[2020-07-30 22:02:26,395] {{python_operator.py:105}} INFO - Exporting the following env vars:
AIRFLOW_CTX_DAG_ID=store_DAG
AIRFLOW_CTX_TASK_ID=clean_raw_csv
AIRFLOW_CTX_EXECUTION_DATE=2020-07-26T00:00:00+00:00
AIRFLOW_CTX_DAG_RUN_ID=scheduled__2020-07-26T00:00:00+00:00
[2020-07-30 22:02:31,585] {{python_operator.py:114}} INFO - Done. Returned value was: None
[2020-07-30 22:02:34,779] {{logging_mixin.py:95}} INFO - [[34m2020-07-30 22:02:34,768[0m] {{[34mlocal_task_job.py:[0m105}} INFO[0m - Task exited with return code 0[0m
[2020-08-04 20:46:16,422] {{taskinstance.py:616}} time Dependencies all met for <TaskInstance: store_DAG.clean_raw_csv 2020-07-26T00:00:00+00:00 [queued]>
[2020-08-04 20:46:16,579] {{taskinstance.py:616}} time Dependencies all met for <TaskInstance: store_DAG.clean_raw_csv 2020-07-26T00:00:00+00:00 [queued]>
[2020-08-04 20:46:16,584] {{taskinstance.py:834}} time 
--------------------------------------------------------------------------------
[2020-08-04 20:46:16,589] {{taskinstance.py:835}} time Starting attempt 1 of 2
[2020-08-04 20:46:16,592] {{taskinstance.py:836}} time 
--------------------------------------------------------------------------------
[2020-08-04 20:46:16,659] {{taskinstance.py:855}} time Executing <Task(PythonOperator): clean_raw_csv> on 2020-07-26T00:00:00+00:00
[2020-08-04 20:46:16,665] {{base_task_runner.py:133}} time Running: ['airflow', 'run', 'store_DAG', 'clean_raw_csv', '2020-07-26T00:00:00+00:00', '--job_id', '21', '--pool', 'default_pool', '--raw', '-sd', 'DAGS_FOLDER/store_DAG.py', '--cfg_path', '/tmp/tmp4gvdo_tw']
[2020-08-04 20:46:31,857] {{base_task_runner.py:115}} time Job 21: Subtask clean_raw_csv [2020-08-04 20:46:31,851] {{settings.py:213}} INFO - settings.configure_orm(): Using pool settings. pool_size=5, max_overflow=10, pool_recycle=1800, pid=1637
[2020-08-04 20:46:32,226] {{base_task_runner.py:115}} time Job 21: Subtask clean_raw_csv /usr/local/lib/python3.7/site-packages/psycopg2/__init__.py:144: UserWarning: The psycopg2 wheel package will be renamed from release 2.8; in order to keep installing from binary please use "pip install psycopg2-binary" instead. For details see: <http://initd.org/psycopg/docs/install.html#binary-install-from-pypi>.
[2020-08-04 20:46:32,226] {{base_task_runner.py:115}} time Job 21: Subtask clean_raw_csv   """)
[2020-08-04 20:46:34,338] {{base_task_runner.py:115}} time Job 21: Subtask clean_raw_csv [2020-08-04 20:46:34,328] {{__init__.py:51}} INFO - Using executor LocalExecutor
[2020-08-04 20:46:39,529] {{base_task_runner.py:115}} time Job 21: Subtask clean_raw_csv [2020-08-04 20:46:39,519] {{dagbag.py:90}} INFO - Filling up the DagBag from /usr/local/airflow/dags/store_DAG.py
[2020-08-04 20:46:39,894] {{base_task_runner.py:115}} time Job 21: Subtask clean_raw_csv [2020-08-04 20:46:39,893] {{cli.py:516}} INFO - Running <TaskInstance: store_DAG.clean_raw_csv 2020-07-26T00:00:00+00:00 [running]> on host 46a88ec199b8
[2020-08-04 20:46:40,024] {{python_operator.py:105}} time Exporting the following env vars:
AIRFLOW_CTX_DAG_ID=store_DAG
AIRFLOW_CTX_TASK_ID=clean_raw_csv
AIRFLOW_CTX_EXECUTION_DATE=2020-07-26T00:00:00+00:00
AIRFLOW_CTX_DAG_RUN_ID=scheduled__2020-07-26T00:00:00+00:00
[2020-08-04 20:46:53,988] {{python_operator.py:114}} time Done. Returned value was: None
[2020-08-04 20:46:56,532] {{logging_mixin.py:95}} time [[34m2020-08-04 20:46:56,532[0m] {{[34mlocal_task_job.py:[0m172}} WARNING[0m - State of this instance has been externally set to [1msuccess[0m. Taking the poison pill.[0m
[2020-08-04 20:46:56,560] {{helpers.py:319}} time Sending Signals.SIGTERM to GPID 1637
[2020-08-04 20:46:56,707] {{helpers.py:297}} time Process psutil.Process(pid=1637, status='terminated') (1637) terminated with exit code -15
[2020-08-04 20:46:56,708] {{logging_mixin.py:95}} time [[34m2020-08-04 20:46:56,707[0m] {{[34mlocal_task_job.py:[0m105}} INFO[0m - Task exited with return code 0[0m
Dependencies all met for <TaskInstance: store_DAG.clean_raw_csv 2020-07-26T00:00:00+00:00 [queued]>
Dependencies all met for <TaskInstance: store_DAG.clean_raw_csv 2020-07-26T00:00:00+00:00 [queued]>

--------------------------------------------------------------------------------
Starting attempt 1 of 2

--------------------------------------------------------------------------------
Executing <Task(PythonOperator): clean_raw_csv> on 2020-07-26T00:00:00+00:00
Running: ['airflow', 'run', 'store_DAG', 'clean_raw_csv', '2020-07-26T00:00:00+00:00', '--job_id', '17', '--pool', 'default_pool', '--raw', '-sd', 'DAGS_FOLDER/store_DAG.py', '--cfg_path', '/tmp/tmpujuoxaqi']
Job 17: Subtask clean_raw_csv [2020-08-04 20:52:24,510] {{settings.py:213}} INFO - settings.configure_orm(): Using pool settings. pool_size=5, max_overflow=10, pool_recycle=1800, pid=1449
Job 17: Subtask clean_raw_csv /usr/local/lib/python3.7/site-packages/psycopg2/__init__.py:144: UserWarning: The psycopg2 wheel package will be renamed from release 2.8; in order to keep installing from binary please use "pip install psycopg2-binary" instead. For details see: <http://initd.org/psycopg/docs/install.html#binary-install-from-pypi>.
Job 17: Subtask clean_raw_csv   """)
Job 17: Subtask clean_raw_csv [2020-08-04 20:52:25,877] {{__init__.py:51}} INFO - Using executor LocalExecutor
Job 17: Subtask clean_raw_csv [2020-08-04 20:52:31,882] {{dagbag.py:90}} INFO - Filling up the DagBag from /usr/local/airflow/dags/store_DAG.py
Job 17: Subtask clean_raw_csv [2020-08-04 20:52:32,767] {{cli.py:516}} INFO - Running <TaskInstance: store_DAG.clean_raw_csv 2020-07-26T00:00:00+00:00 [running]> on host 6a822f9627d0
Exporting the following env vars:
AIRFLOW_CTX_DAG_ID=store_DAG
AIRFLOW_CTX_TASK_ID=clean_raw_csv
AIRFLOW_CTX_EXECUTION_DATE=2020-07-26T00:00:00+00:00
AIRFLOW_CTX_DAG_RUN_ID=scheduled__2020-07-26T00:00:00+00:00
Done. Returned value was: None
[[34m2020-08-04 20:52:53,703[0m] {{[34mlocal_task_job.py:[0m172}} WARNING[0m - State of this instance has been externally set to [1msuccess[0m. Taking the poison pill.[0m
Sending Signals.SIGTERM to GPID 1449
Process psutil.Process(pid=1449, status='terminated') (1449) terminated with exit code -15
[[34m2020-08-04 20:52:54,158[0m] {{[34mlocal_task_job.py:[0m105}} INFO[0m - Task exited with return code 0[0m
message ----> Dependencies all met for <TaskInstance: store_DAG.clean_raw_csv 2020-07-26T00:00:00+00:00 [queued]>
message ----> Dependencies all met for <TaskInstance: store_DAG.clean_raw_csv 2020-07-26T00:00:00+00:00 [queued]>
message ----> 
--------------------------------------------------------------------------------
message ----> Starting attempt 1 of 2
message ----> 
--------------------------------------------------------------------------------
message ----> Executing <Task(PythonOperator): clean_raw_csv> on 2020-07-26T00:00:00+00:00
message ----> Running: ['airflow', 'run', 'store_DAG', 'clean_raw_csv', '2020-07-26T00:00:00+00:00', '--job_id', '23', '--pool', 'default_pool', '--raw', '-sd', 'DAGS_FOLDER/store_DAG.py', '--cfg_path', '/tmp/tmpovsdliv7']
message ----> Job 23: Subtask clean_raw_csv [2020-08-04 21:10:59,126] {{settings.py:213}} INFO - settings.configure_orm(): Using pool settings. pool_size=5, max_overflow=10, pool_recycle=1800, pid=2088
message ----> Job 23: Subtask clean_raw_csv /usr/local/lib/python3.7/site-packages/psycopg2/__init__.py:144: UserWarning: The psycopg2 wheel package will be renamed from release 2.8; in order to keep installing from binary please use "pip install psycopg2-binary" instead. For details see: <http://initd.org/psycopg/docs/install.html#binary-install-from-pypi>.
message ----> Job 23: Subtask clean_raw_csv   """)
message ----> Job 23: Subtask clean_raw_csv [2020-08-04 21:11:04,826] {{__init__.py:51}} INFO - Using executor LocalExecutor
message ----> Job 23: Subtask clean_raw_csv [2020-08-04 21:11:13,981] {{dagbag.py:90}} INFO - Filling up the DagBag from /usr/local/airflow/dags/store_DAG.py
message ----> Job 23: Subtask clean_raw_csv [2020-08-04 21:11:14,403] {{cli.py:516}} INFO - Running <TaskInstance: store_DAG.clean_raw_csv 2020-07-26T00:00:00+00:00 [running]> on host 0885e5a330eb
message ----> Exporting the following env vars:
AIRFLOW_CTX_DAG_ID=store_DAG
AIRFLOW_CTX_TASK_ID=clean_raw_csv
AIRFLOW_CTX_EXECUTION_DATE=2020-07-26T00:00:00+00:00
AIRFLOW_CTX_DAG_RUN_ID=scheduled__2020-07-26T00:00:00+00:00
message ----> Done. Returned value was: None
message ----> [[34m2020-08-04 21:11:22,834[0m] {{[34mlocal_task_job.py:[0m172}} WARNING[0m - State of this instance has been externally set to [1msuccess[0m. Taking the poison pill.[0m
message ----> Sending Signals.SIGTERM to GPID 2088
message ----> Process psutil.Process(pid=2088, status='terminated') (2088) terminated with exit code -15
message ----> [[34m2020-08-04 21:11:22,995[0m] {{[34mlocal_task_job.py:[0m105}} INFO[0m - Task exited with return code 0[0m
