message ----> Dependencies all met for <TaskInstance: store_DAG.clean_raw_csv 2020-08-03T00:00:00+00:00 [queued]>
message ----> Dependencies all met for <TaskInstance: store_DAG.clean_raw_csv 2020-08-03T00:00:00+00:00 [queued]>
message ----> 
--------------------------------------------------------------------------------
message ----> Starting attempt 1 of 2
message ----> 
--------------------------------------------------------------------------------
message ----> Executing <Task(PythonOperator): clean_raw_csv> on 2020-08-03T00:00:00+00:00
message ----> Running: ['airflow', 'run', 'store_DAG', 'clean_raw_csv', '2020-08-03T00:00:00+00:00', '--job_id', '52', '--pool', 'default_pool', '--raw', '-sd', 'DAGS_FOLDER/store_DAG.py', '--cfg_path', '/tmp/tmpzizzoemn']
message ----> Job 52: Subtask clean_raw_csv [2020-08-04 21:13:09,370] {{settings.py:213}} INFO - settings.configure_orm(): Using pool settings. pool_size=5, max_overflow=10, pool_recycle=1800, pid=2690
message ----> Job 52: Subtask clean_raw_csv /usr/local/lib/python3.7/site-packages/psycopg2/__init__.py:144: UserWarning: The psycopg2 wheel package will be renamed from release 2.8; in order to keep installing from binary please use "pip install psycopg2-binary" instead. For details see: <http://initd.org/psycopg/docs/install.html#binary-install-from-pypi>.
message ----> Job 52: Subtask clean_raw_csv   """)
message ----> Job 52: Subtask clean_raw_csv [2020-08-04 21:13:13,249] {{__init__.py:51}} INFO - Using executor LocalExecutor
message ----> Job 52: Subtask clean_raw_csv [2020-08-04 21:13:23,612] {{dagbag.py:90}} INFO - Filling up the DagBag from /usr/local/airflow/dags/store_DAG.py
message ----> Job 52: Subtask clean_raw_csv [2020-08-04 21:13:24,240] {{cli.py:516}} INFO - Running <TaskInstance: store_DAG.clean_raw_csv 2020-08-03T00:00:00+00:00 [running]> on host 0885e5a330eb
message ----> Exporting the following env vars:
AIRFLOW_CTX_DAG_ID=store_DAG
AIRFLOW_CTX_TASK_ID=clean_raw_csv
AIRFLOW_CTX_EXECUTION_DATE=2020-08-03T00:00:00+00:00
AIRFLOW_CTX_DAG_RUN_ID=scheduled__2020-08-03T00:00:00+00:00
message ----> Done. Returned value was: None
message ----> [[34m2020-08-04 21:13:38,690[0m] {{[34mlocal_task_job.py:[0m172}} WARNING[0m - State of this instance has been externally set to [1msuccess[0m. Taking the poison pill.[0m
message ----> Sending Signals.SIGTERM to GPID 2690
message ----> Process psutil.Process(pid=2690, status='terminated') (2690) terminated with exit code -15
message ----> [[34m2020-08-04 21:13:38,898[0m] {{[34mlocal_task_job.py:[0m105}} INFO[0m - Task exited with return code 0[0m
