[2020-07-30 22:00:57,610] {{taskinstance.py:616}} INFO - Dependencies all met for <TaskInstance: store_DAG.check_file_exists 2020-07-23T00:00:00+00:00 [queued]>
[2020-07-30 22:00:57,655] {{taskinstance.py:616}} INFO - Dependencies all met for <TaskInstance: store_DAG.check_file_exists 2020-07-23T00:00:00+00:00 [queued]>
[2020-07-30 22:00:57,656] {{taskinstance.py:834}} INFO - 
--------------------------------------------------------------------------------
[2020-07-30 22:00:57,657] {{taskinstance.py:835}} INFO - Starting attempt 1 of 3
[2020-07-30 22:00:57,658] {{taskinstance.py:836}} INFO - 
--------------------------------------------------------------------------------
[2020-07-30 22:00:57,700] {{taskinstance.py:855}} INFO - Executing <Task(BashOperator): check_file_exists> on 2020-07-23T00:00:00+00:00
[2020-07-30 22:00:57,700] {{base_task_runner.py:133}} INFO - Running: ['airflow', 'run', 'store_DAG', 'check_file_exists', '2020-07-23T00:00:00+00:00', '--job_id', '14', '--pool', 'default_pool', '--raw', '-sd', 'DAGS_FOLDER/store_DAG.py', '--cfg_path', '/tmp/tmpowlp1xi6']
[2020-07-30 22:01:02,673] {{base_task_runner.py:115}} INFO - Job 14: Subtask check_file_exists [2020-07-30 22:01:02,671] {{settings.py:213}} INFO - settings.configure_orm(): Using pool settings. pool_size=5, max_overflow=10, pool_recycle=1800, pid=7339
[2020-07-30 22:01:02,825] {{base_task_runner.py:115}} INFO - Job 14: Subtask check_file_exists /usr/local/lib/python3.7/site-packages/psycopg2/__init__.py:144: UserWarning: The psycopg2 wheel package will be renamed from release 2.8; in order to keep installing from binary please use "pip install psycopg2-binary" instead. For details see: <http://initd.org/psycopg/docs/install.html#binary-install-from-pypi>.
[2020-07-30 22:01:02,826] {{base_task_runner.py:115}} INFO - Job 14: Subtask check_file_exists   """)
[2020-07-30 22:01:03,342] {{base_task_runner.py:115}} INFO - Job 14: Subtask check_file_exists [2020-07-30 22:01:03,340] {{__init__.py:51}} INFO - Using executor LocalExecutor
[2020-07-30 22:01:04,047] {{base_task_runner.py:115}} INFO - Job 14: Subtask check_file_exists [2020-07-30 22:01:04,045] {{dagbag.py:90}} INFO - Filling up the DagBag from /usr/local/airflow/dags/store_DAG.py
[2020-07-30 22:01:04,185] {{base_task_runner.py:115}} INFO - Job 14: Subtask check_file_exists [2020-07-30 22:01:04,184] {{cli.py:516}} INFO - Running <TaskInstance: store_DAG.check_file_exists 2020-07-23T00:00:00+00:00 [running]> on host 6097e8989e8b
[2020-07-30 22:01:04,266] {{bash_operator.py:81}} INFO - Tmp dir root location: 
 /tmp
[2020-07-30 22:01:04,268] {{bash_operator.py:91}} INFO - Exporting the following env vars:
AIRFLOW_CTX_DAG_ID=store_DAG
AIRFLOW_CTX_TASK_ID=check_file_exists
AIRFLOW_CTX_EXECUTION_DATE=2020-07-23T00:00:00+00:00
AIRFLOW_CTX_DAG_RUN_ID=scheduled__2020-07-23T00:00:00+00:00
[2020-07-30 22:01:04,270] {{bash_operator.py:105}} INFO - Temporary script location: /tmp/airflowtmpjn2aeh4x/check_file_existsy2i9fqni
[2020-07-30 22:01:04,271] {{bash_operator.py:115}} INFO - Running command: shasum ~/store_files_airflow/raw_store_transactions.csv
[2020-07-30 22:01:04,287] {{bash_operator.py:124}} INFO - Output:
[2020-07-30 22:01:04,378] {{bash_operator.py:128}} INFO - e9e298e9629d72f3255b4838ba07bd220150a146  /usr/local/airflow/store_files_airflow/raw_store_transactions.csv
[2020-07-30 22:01:04,381] {{bash_operator.py:132}} INFO - Command exited with return code 0
[2020-07-30 22:01:07,560] {{logging_mixin.py:95}} INFO - [[34m2020-07-30 22:01:07,559[0m] {{[34mlocal_task_job.py:[0m105}} INFO[0m - Task exited with return code 0[0m
[2020-08-04 20:45:14,971] {{taskinstance.py:616}} time Dependencies all met for <TaskInstance: store_DAG.check_file_exists 2020-07-23T00:00:00+00:00 [queued]>
[2020-08-04 20:45:14,988] {{taskinstance.py:616}} time Dependencies all met for <TaskInstance: store_DAG.check_file_exists 2020-07-23T00:00:00+00:00 [queued]>
[2020-08-04 20:45:14,988] {{taskinstance.py:834}} time 
--------------------------------------------------------------------------------
[2020-08-04 20:45:14,989] {{taskinstance.py:835}} time Starting attempt 1 of 3
[2020-08-04 20:45:14,989] {{taskinstance.py:836}} time 
--------------------------------------------------------------------------------
[2020-08-04 20:45:15,021] {{taskinstance.py:855}} time Executing <Task(BashOperator): check_file_exists> on 2020-07-23T00:00:00+00:00
[2020-08-04 20:45:15,021] {{base_task_runner.py:133}} time Running: ['airflow', 'run', 'store_DAG', 'check_file_exists', '2020-07-23T00:00:00+00:00', '--job_id', '8', '--pool', 'default_pool', '--raw', '-sd', 'DAGS_FOLDER/store_DAG.py', '--cfg_path', '/tmp/tmpsfujx171']
[2020-08-04 20:45:18,634] {{base_task_runner.py:115}} time Job 8: Subtask check_file_exists [2020-08-04 20:45:18,634] {{settings.py:213}} INFO - settings.configure_orm(): Using pool settings. pool_size=5, max_overflow=10, pool_recycle=1800, pid=1187
[2020-08-04 20:45:18,715] {{base_task_runner.py:115}} time Job 8: Subtask check_file_exists /usr/local/lib/python3.7/site-packages/psycopg2/__init__.py:144: UserWarning: The psycopg2 wheel package will be renamed from release 2.8; in order to keep installing from binary please use "pip install psycopg2-binary" instead. For details see: <http://initd.org/psycopg/docs/install.html#binary-install-from-pypi>.
[2020-08-04 20:45:18,716] {{base_task_runner.py:115}} time Job 8: Subtask check_file_exists   """)
[2020-08-04 20:45:19,668] {{base_task_runner.py:115}} time Job 8: Subtask check_file_exists [2020-08-04 20:45:19,662] {{__init__.py:51}} INFO - Using executor LocalExecutor
[2020-08-04 20:45:23,018] {{base_task_runner.py:115}} time Job 8: Subtask check_file_exists [2020-08-04 20:45:23,001] {{dagbag.py:90}} INFO - Filling up the DagBag from /usr/local/airflow/dags/store_DAG.py
[2020-08-04 20:45:23,432] {{base_task_runner.py:115}} time Job 8: Subtask check_file_exists [2020-08-04 20:45:23,428] {{cli.py:516}} INFO - Running <TaskInstance: store_DAG.check_file_exists 2020-07-23T00:00:00+00:00 [running]> on host 46a88ec199b8
[2020-08-04 20:45:23,579] {{bash_operator.py:81}} time Tmp dir root location: 
 /tmp
[2020-08-04 20:45:23,584] {{bash_operator.py:91}} time Exporting the following env vars:
AIRFLOW_CTX_DAG_ID=store_DAG
AIRFLOW_CTX_TASK_ID=check_file_exists
AIRFLOW_CTX_EXECUTION_DATE=2020-07-23T00:00:00+00:00
AIRFLOW_CTX_DAG_RUN_ID=scheduled__2020-07-23T00:00:00+00:00
[2020-08-04 20:45:23,589] {{bash_operator.py:105}} time Temporary script location: /tmp/airflowtmpinjs4vfe/check_file_existspnr8r3rt
[2020-08-04 20:45:23,591] {{bash_operator.py:115}} time Running command: shasum ~/store_files_airflow/raw_store_transactions.csv
[2020-08-04 20:45:23,660] {{bash_operator.py:124}} time Output:
[2020-08-04 20:45:24,180] {{bash_operator.py:128}} time e9e298e9629d72f3255b4838ba07bd220150a146  /usr/local/airflow/store_files_airflow/raw_store_transactions.csv
[2020-08-04 20:45:24,187] {{bash_operator.py:132}} time Command exited with return code 0
[2020-08-04 20:45:24,975] {{logging_mixin.py:95}} time [[34m2020-08-04 20:45:24,973[0m] {{[34mlocal_task_job.py:[0m172}} WARNING[0m - State of this instance has been externally set to [1msuccess[0m. Taking the poison pill.[0m
[2020-08-04 20:45:25,008] {{helpers.py:319}} time Sending Signals.SIGTERM to GPID 1187
[2020-08-04 20:45:25,111] {{helpers.py:297}} time Process psutil.Process(pid=1187, status='terminated') (1187) terminated with exit code -15
[2020-08-04 20:45:25,114] {{logging_mixin.py:95}} time [[34m2020-08-04 20:45:25,113[0m] {{[34mlocal_task_job.py:[0m105}} INFO[0m - Task exited with return code 0[0m
Dependencies all met for <TaskInstance: store_DAG.check_file_exists 2020-07-23T00:00:00+00:00 [queued]>
Dependencies all met for <TaskInstance: store_DAG.check_file_exists 2020-07-23T00:00:00+00:00 [queued]>

--------------------------------------------------------------------------------
Starting attempt 1 of 3

--------------------------------------------------------------------------------
Executing <Task(BashOperator): check_file_exists> on 2020-07-23T00:00:00+00:00
Running: ['airflow', 'run', 'store_DAG', 'check_file_exists', '2020-07-23T00:00:00+00:00', '--job_id', '5', '--pool', 'default_pool', '--raw', '-sd', 'DAGS_FOLDER/store_DAG.py', '--cfg_path', '/tmp/tmpjkhot8hd']
Job 5: Subtask check_file_exists [2020-08-04 20:50:53,310] {{settings.py:213}} INFO - settings.configure_orm(): Using pool settings. pool_size=5, max_overflow=10, pool_recycle=1800, pid=1001
Job 5: Subtask check_file_exists /usr/local/lib/python3.7/site-packages/psycopg2/__init__.py:144: UserWarning: The psycopg2 wheel package will be renamed from release 2.8; in order to keep installing from binary please use "pip install psycopg2-binary" instead. For details see: <http://initd.org/psycopg/docs/install.html#binary-install-from-pypi>.
Job 5: Subtask check_file_exists   """)
Job 5: Subtask check_file_exists [2020-08-04 20:50:53,756] {{__init__.py:51}} INFO - Using executor LocalExecutor
Job 5: Subtask check_file_exists [2020-08-04 20:50:57,868] {{dagbag.py:90}} INFO - Filling up the DagBag from /usr/local/airflow/dags/store_DAG.py
Job 5: Subtask check_file_exists [2020-08-04 20:50:58,440] {{cli.py:516}} INFO - Running <TaskInstance: store_DAG.check_file_exists 2020-07-23T00:00:00+00:00 [running]> on host 6a822f9627d0
Tmp dir root location: 
 /tmp
Exporting the following env vars:
AIRFLOW_CTX_DAG_ID=store_DAG
AIRFLOW_CTX_TASK_ID=check_file_exists
AIRFLOW_CTX_EXECUTION_DATE=2020-07-23T00:00:00+00:00
AIRFLOW_CTX_DAG_RUN_ID=scheduled__2020-07-23T00:00:00+00:00
Temporary script location: /tmp/airflowtmpamxxr4f0/check_file_existsi0wcgp_u
Running command: shasum ~/store_files_airflow/raw_store_transactions.csv
Output:
e9e298e9629d72f3255b4838ba07bd220150a146  /usr/local/airflow/store_files_airflow/raw_store_transactions.csv
Command exited with return code 0
[[34m2020-08-04 20:51:01,095[0m] {{[34mlocal_task_job.py:[0m172}} WARNING[0m - State of this instance has been externally set to [1msuccess[0m. Taking the poison pill.[0m
Sending Signals.SIGTERM to GPID 1001
Process psutil.Process(pid=1001, status='terminated') (1001) terminated with exit code -15
[[34m2020-08-04 20:51:01,444[0m] {{[34mlocal_task_job.py:[0m105}} INFO[0m - Task exited with return code 0[0m
message ----> Dependencies all met for <TaskInstance: store_DAG.check_file_exists 2020-07-23T00:00:00+00:00 [queued]>
message ----> Dependencies all met for <TaskInstance: store_DAG.check_file_exists 2020-07-23T00:00:00+00:00 [queued]>
message ----> 
--------------------------------------------------------------------------------
message ----> Starting attempt 1 of 3
message ----> 
--------------------------------------------------------------------------------
message ----> Executing <Task(BashOperator): check_file_exists> on 2020-07-23T00:00:00+00:00
message ----> Running: ['airflow', 'run', 'store_DAG', 'check_file_exists', '2020-07-23T00:00:00+00:00', '--job_id', '5', '--pool', 'default_pool', '--raw', '-sd', 'DAGS_FOLDER/store_DAG.py', '--cfg_path', '/tmp/tmpc4c1tvgl']
message ----> Job 5: Subtask check_file_exists [2020-08-04 21:09:22,873] {{settings.py:213}} INFO - settings.configure_orm(): Using pool settings. pool_size=5, max_overflow=10, pool_recycle=1800, pid=1581
message ----> Job 5: Subtask check_file_exists /usr/local/lib/python3.7/site-packages/psycopg2/__init__.py:144: UserWarning: The psycopg2 wheel package will be renamed from release 2.8; in order to keep installing from binary please use "pip install psycopg2-binary" instead. For details see: <http://initd.org/psycopg/docs/install.html#binary-install-from-pypi>.
message ----> Job 5: Subtask check_file_exists   """)
message ----> Job 5: Subtask check_file_exists [2020-08-04 21:09:24,009] {{__init__.py:51}} INFO - Using executor LocalExecutor
message ----> Job 5: Subtask check_file_exists [2020-08-04 21:09:25,914] {{dagbag.py:90}} INFO - Filling up the DagBag from /usr/local/airflow/dags/store_DAG.py
message ----> Job 5: Subtask check_file_exists [2020-08-04 21:09:26,053] {{cli.py:516}} INFO - Running <TaskInstance: store_DAG.check_file_exists 2020-07-23T00:00:00+00:00 [running]> on host 0885e5a330eb
message ----> Tmp dir root location: 
 /tmp
message ----> Exporting the following env vars:
AIRFLOW_CTX_DAG_ID=store_DAG
AIRFLOW_CTX_TASK_ID=check_file_exists
AIRFLOW_CTX_EXECUTION_DATE=2020-07-23T00:00:00+00:00
AIRFLOW_CTX_DAG_RUN_ID=scheduled__2020-07-23T00:00:00+00:00
message ----> Temporary script location: /tmp/airflowtmpjg0xu52f/check_file_exists83xeix9o
message ----> Running command: shasum ~/store_files_airflow/raw_store_transactions.csv
message ----> Output:
message ----> e9e298e9629d72f3255b4838ba07bd220150a146  /usr/local/airflow/store_files_airflow/raw_store_transactions.csv
message ----> Command exited with return code 0
message ----> [[34m2020-08-04 21:09:27,731[0m] {{[34mlocal_task_job.py:[0m172}} WARNING[0m - State of this instance has been externally set to [1msuccess[0m. Taking the poison pill.[0m
message ----> Sending Signals.SIGTERM to GPID 1581
message ----> Process psutil.Process(pid=1581, status='terminated') (1581) terminated with exit code -15
message ----> [[34m2020-08-04 21:09:27,842[0m] {{[34mlocal_task_job.py:[0m105}} INFO[0m - Task exited with return code 0[0m
