time---> [2020-08-04 21:47:15,334] filename and line ---> {{taskinstance.py:616}} level ----> INFO message ----> Dependencies all met for <TaskInstance: store_DAG.create_mysql_table 2020-08-04T21:47:06.275543+00:00 [queued]>
time---> [2020-08-04 21:47:15,369] filename and line ---> {{taskinstance.py:616}} level ----> INFO message ----> Dependencies all met for <TaskInstance: store_DAG.create_mysql_table 2020-08-04T21:47:06.275543+00:00 [queued]>
time---> [2020-08-04 21:47:15,377] filename and line ---> {{taskinstance.py:834}} level ----> INFO message ----> 
--------------------------------------------------------------------------------
time---> [2020-08-04 21:47:15,378] filename and line ---> {{taskinstance.py:835}} level ----> INFO message ----> Starting attempt 1 of 2
time---> [2020-08-04 21:47:15,378] filename and line ---> {{taskinstance.py:836}} level ----> INFO message ----> 
--------------------------------------------------------------------------------
time---> [2020-08-04 21:47:15,462] filename and line ---> {{taskinstance.py:855}} level ----> INFO message ----> Executing <Task(MySqlOperator): create_mysql_table> on 2020-08-04T21:47:06.275543+00:00
time---> [2020-08-04 21:47:15,469] filename and line ---> {{base_task_runner.py:133}} level ----> INFO message ----> Running: ['airflow', 'run', 'store_DAG', 'create_mysql_table', '2020-08-04T21:47:06.275543+00:00', '--job_id', '7', '--pool', 'default_pool', '--raw', '-sd', 'DAGS_FOLDER/store_DAG.py', '--cfg_path', '/tmp/tmp3kcmwjew']
time---> [2020-08-04 21:47:17,947] filename and line ---> {{base_task_runner.py:115}} level ----> INFO message ----> Job 7: Subtask create_mysql_table [2020-08-04 21:47:17,946] {{settings.py:213}} INFO - settings.configure_orm(): Using pool settings. pool_size=5, max_overflow=10, pool_recycle=1800, pid=1128
time---> [2020-08-04 21:47:17,990] filename and line ---> {{base_task_runner.py:115}} level ----> INFO message ----> Job 7: Subtask create_mysql_table /usr/local/lib/python3.7/site-packages/psycopg2/__init__.py:144: UserWarning: The psycopg2 wheel package will be renamed from release 2.8; in order to keep installing from binary please use "pip install psycopg2-binary" instead. For details see: <http://initd.org/psycopg/docs/install.html#binary-install-from-pypi>.
time---> [2020-08-04 21:47:17,991] filename and line ---> {{base_task_runner.py:115}} level ----> INFO message ----> Job 7: Subtask create_mysql_table   """)
time---> [2020-08-04 21:47:18,288] filename and line ---> {{base_task_runner.py:115}} level ----> INFO message ----> Job 7: Subtask create_mysql_table [2020-08-04 21:47:18,286] {{__init__.py:51}} INFO - Using executor LocalExecutor
time---> [2020-08-04 21:47:19,160] filename and line ---> {{base_task_runner.py:115}} level ----> INFO message ----> Job 7: Subtask create_mysql_table [2020-08-04 21:47:19,159] {{dagbag.py:90}} INFO - Filling up the DagBag from /usr/local/airflow/dags/store_DAG.py
time---> [2020-08-04 21:47:19,277] filename and line ---> {{base_task_runner.py:115}} level ----> INFO message ----> Job 7: Subtask create_mysql_table [2020-08-04 21:47:19,276] {{cli.py:516}} INFO - Running <TaskInstance: store_DAG.create_mysql_table 2020-08-04T21:47:06.275543+00:00 [running]> on host 9783af82c2b4
time---> [2020-08-04 21:47:19,317] filename and line ---> {{mysql_operator.py:61}} level ----> INFO message ----> Executing: CREATE TABLE IF NOT EXISTS clean_store_transactions(STORE_ID varchar(50), STORE_LOCATION varchar(50), PRODUCT_CATEGORY varchar(50), PRODUCT_ID int, MRP float, CP float, DISCOUNT float, SP float, DATE date);
time---> [2020-08-04 21:47:19,362] filename and line ---> {{taskinstance.py:1047}} level ----> ERROR message ----> The conn_id `mysql_conn` isn't defined
Traceback (most recent call last):
  File "/usr/local/lib/python3.7/site-packages/airflow/models/taskinstance.py", line 922, in _run_raw_task
    result = task_copy.execute(context=context)
  File "/usr/local/lib/python3.7/site-packages/airflow/operators/mysql_operator.py", line 67, in execute
    parameters=self.parameters)
  File "/usr/local/lib/python3.7/site-packages/airflow/hooks/dbapi_hook.py", line 159, in run
    with closing(self.get_conn()) as conn:
  File "/usr/local/lib/python3.7/site-packages/airflow/hooks/mysql_hook.py", line 72, in get_conn
    conn = self.get_connection(self.mysql_conn_id)
  File "/usr/local/lib/python3.7/site-packages/airflow/hooks/base_hook.py", line 81, in get_connection
    conn = random.choice(list(cls.get_connections(conn_id)))
  File "/usr/local/lib/python3.7/site-packages/airflow/hooks/base_hook.py", line 76, in get_connections
    conns = cls._get_connections_from_db(conn_id)
  File "/usr/local/lib/python3.7/site-packages/airflow/utils/db.py", line 74, in wrapper
    return func(*args, **kwargs)
  File "/usr/local/lib/python3.7/site-packages/airflow/hooks/base_hook.py", line 59, in _get_connections_from_db
    "The conn_id `{0}` isn't defined".format(conn_id))
airflow.exceptions.AirflowException: The conn_id `mysql_conn` isn't defined
time---> [2020-08-04 21:47:19,364] filename and line ---> {{taskinstance.py:1070}} level ----> INFO message ----> Marking task as UP_FOR_RETRY
time---> [2020-08-04 21:47:19,472] filename and line ---> {{base_task_runner.py:115}} level ----> INFO message ----> Job 7: Subtask create_mysql_table Traceback (most recent call last):
time---> [2020-08-04 21:47:19,472] filename and line ---> {{base_task_runner.py:115}} level ----> INFO message ----> Job 7: Subtask create_mysql_table   File "/usr/local/bin/airflow", line 32, in <module>
time---> [2020-08-04 21:47:19,473] filename and line ---> {{base_task_runner.py:115}} level ----> INFO message ----> Job 7: Subtask create_mysql_table     args.func(args)
time---> [2020-08-04 21:47:19,474] filename and line ---> {{base_task_runner.py:115}} level ----> INFO message ----> Job 7: Subtask create_mysql_table   File "/usr/local/lib/python3.7/site-packages/airflow/utils/cli.py", line 74, in wrapper
time---> [2020-08-04 21:47:19,474] filename and line ---> {{base_task_runner.py:115}} level ----> INFO message ----> Job 7: Subtask create_mysql_table     return f(*args, **kwargs)
time---> [2020-08-04 21:47:19,474] filename and line ---> {{base_task_runner.py:115}} level ----> INFO message ----> Job 7: Subtask create_mysql_table   File "/usr/local/lib/python3.7/site-packages/airflow/bin/cli.py", line 522, in run
time---> [2020-08-04 21:47:19,475] filename and line ---> {{base_task_runner.py:115}} level ----> INFO message ----> Job 7: Subtask create_mysql_table     _run(args, dag, ti)
time---> [2020-08-04 21:47:19,475] filename and line ---> {{base_task_runner.py:115}} level ----> INFO message ----> Job 7: Subtask create_mysql_table   File "/usr/local/lib/python3.7/site-packages/airflow/bin/cli.py", line 440, in _run
time---> [2020-08-04 21:47:19,476] filename and line ---> {{base_task_runner.py:115}} level ----> INFO message ----> Job 7: Subtask create_mysql_table     pool=args.pool,
time---> [2020-08-04 21:47:19,476] filename and line ---> {{base_task_runner.py:115}} level ----> INFO message ----> Job 7: Subtask create_mysql_table   File "/usr/local/lib/python3.7/site-packages/airflow/utils/db.py", line 74, in wrapper
time---> [2020-08-04 21:47:19,477] filename and line ---> {{base_task_runner.py:115}} level ----> INFO message ----> Job 7: Subtask create_mysql_table     return func(*args, **kwargs)
time---> [2020-08-04 21:47:19,478] filename and line ---> {{base_task_runner.py:115}} level ----> INFO message ----> Job 7: Subtask create_mysql_table   File "/usr/local/lib/python3.7/site-packages/airflow/models/taskinstance.py", line 922, in _run_raw_task
time---> [2020-08-04 21:47:19,478] filename and line ---> {{base_task_runner.py:115}} level ----> INFO message ----> Job 7: Subtask create_mysql_table     result = task_copy.execute(context=context)
time---> [2020-08-04 21:47:19,479] filename and line ---> {{base_task_runner.py:115}} level ----> INFO message ----> Job 7: Subtask create_mysql_table   File "/usr/local/lib/python3.7/site-packages/airflow/operators/mysql_operator.py", line 67, in execute
time---> [2020-08-04 21:47:19,480] filename and line ---> {{base_task_runner.py:115}} level ----> INFO message ----> Job 7: Subtask create_mysql_table     parameters=self.parameters)
time---> [2020-08-04 21:47:19,480] filename and line ---> {{base_task_runner.py:115}} level ----> INFO message ----> Job 7: Subtask create_mysql_table   File "/usr/local/lib/python3.7/site-packages/airflow/hooks/dbapi_hook.py", line 159, in run
time---> [2020-08-04 21:47:19,481] filename and line ---> {{base_task_runner.py:115}} level ----> INFO message ----> Job 7: Subtask create_mysql_table     with closing(self.get_conn()) as conn:
time---> [2020-08-04 21:47:19,482] filename and line ---> {{base_task_runner.py:115}} level ----> INFO message ----> Job 7: Subtask create_mysql_table   File "/usr/local/lib/python3.7/site-packages/airflow/hooks/mysql_hook.py", line 72, in get_conn
time---> [2020-08-04 21:47:19,482] filename and line ---> {{base_task_runner.py:115}} level ----> INFO message ----> Job 7: Subtask create_mysql_table     conn = self.get_connection(self.mysql_conn_id)
time---> [2020-08-04 21:47:19,483] filename and line ---> {{base_task_runner.py:115}} level ----> INFO message ----> Job 7: Subtask create_mysql_table   File "/usr/local/lib/python3.7/site-packages/airflow/hooks/base_hook.py", line 81, in get_connection
time---> [2020-08-04 21:47:19,483] filename and line ---> {{base_task_runner.py:115}} level ----> INFO message ----> Job 7: Subtask create_mysql_table     conn = random.choice(list(cls.get_connections(conn_id)))
time---> [2020-08-04 21:47:19,487] filename and line ---> {{base_task_runner.py:115}} level ----> INFO message ----> Job 7: Subtask create_mysql_table   File "/usr/local/lib/python3.7/site-packages/airflow/hooks/base_hook.py", line 76, in get_connections
time---> [2020-08-04 21:47:19,487] filename and line ---> {{base_task_runner.py:115}} level ----> INFO message ----> Job 7: Subtask create_mysql_table     conns = cls._get_connections_from_db(conn_id)
time---> [2020-08-04 21:47:19,488] filename and line ---> {{base_task_runner.py:115}} level ----> INFO message ----> Job 7: Subtask create_mysql_table   File "/usr/local/lib/python3.7/site-packages/airflow/utils/db.py", line 74, in wrapper
time---> [2020-08-04 21:47:19,489] filename and line ---> {{base_task_runner.py:115}} level ----> INFO message ----> Job 7: Subtask create_mysql_table     return func(*args, **kwargs)
time---> [2020-08-04 21:47:19,490] filename and line ---> {{base_task_runner.py:115}} level ----> INFO message ----> Job 7: Subtask create_mysql_table   File "/usr/local/lib/python3.7/site-packages/airflow/hooks/base_hook.py", line 59, in _get_connections_from_db
time---> [2020-08-04 21:47:19,491] filename and line ---> {{base_task_runner.py:115}} level ----> INFO message ----> Job 7: Subtask create_mysql_table     "The conn_id `{0}` isn't defined".format(conn_id))
time---> [2020-08-04 21:47:19,492] filename and line ---> {{base_task_runner.py:115}} level ----> INFO message ----> Job 7: Subtask create_mysql_table airflow.exceptions.AirflowException: The conn_id `mysql_conn` isn't defined
time---> [2020-08-04 21:47:20,260] filename and line ---> {{logging_mixin.py:95}} level ----> INFO message ----> [[34m2020-08-04 21:47:20,259[0m] {{[34mlocal_task_job.py:[0m105}} INFO[0m - Task exited with return code 1[0m
