[2020-08-04 20:47:02,425] {{taskinstance.py:616}} time Dependencies all met for <TaskInstance: store_DAG.check_file_exists 2020-07-31T00:00:00+00:00 [queued]>
[2020-08-04 20:47:02,651] {{taskinstance.py:616}} time Dependencies all met for <TaskInstance: store_DAG.check_file_exists 2020-07-31T00:00:00+00:00 [queued]>
[2020-08-04 20:47:02,652] {{taskinstance.py:834}} time 
--------------------------------------------------------------------------------
[2020-08-04 20:47:02,661] {{taskinstance.py:835}} time Starting attempt 1 of 3
[2020-08-04 20:47:02,662] {{taskinstance.py:836}} time 
--------------------------------------------------------------------------------
[2020-08-04 20:47:02,881] {{taskinstance.py:855}} time Executing <Task(BashOperator): check_file_exists> on 2020-07-31T00:00:00+00:00
[2020-08-04 20:47:02,883] {{base_task_runner.py:133}} time Running: ['airflow', 'run', 'store_DAG', 'check_file_exists', '2020-07-31T00:00:00+00:00', '--job_id', '31', '--pool', 'default_pool', '--raw', '-sd', 'DAGS_FOLDER/store_DAG.py', '--cfg_path', '/tmp/tmpw_m4sjcm']
[2020-08-04 20:47:10,332] {{base_task_runner.py:115}} time Job 31: Subtask check_file_exists [2020-08-04 20:47:10,329] {{settings.py:213}} INFO - settings.configure_orm(): Using pool settings. pool_size=5, max_overflow=10, pool_recycle=1800, pid=1856
[2020-08-04 20:47:10,509] {{base_task_runner.py:115}} time Job 31: Subtask check_file_exists /usr/local/lib/python3.7/site-packages/psycopg2/__init__.py:144: UserWarning: The psycopg2 wheel package will be renamed from release 2.8; in order to keep installing from binary please use "pip install psycopg2-binary" instead. For details see: <http://initd.org/psycopg/docs/install.html#binary-install-from-pypi>.
[2020-08-04 20:47:10,511] {{base_task_runner.py:115}} time Job 31: Subtask check_file_exists   """)
[2020-08-04 20:47:11,318] {{base_task_runner.py:115}} time Job 31: Subtask check_file_exists [2020-08-04 20:47:11,314] {{__init__.py:51}} INFO - Using executor LocalExecutor
[2020-08-04 20:47:12,847] {{base_task_runner.py:115}} time Job 31: Subtask check_file_exists [2020-08-04 20:47:12,841] {{dagbag.py:90}} INFO - Filling up the DagBag from /usr/local/airflow/dags/store_DAG.py
[2020-08-04 20:47:13,109] {{base_task_runner.py:115}} time Job 31: Subtask check_file_exists [2020-08-04 20:47:13,105] {{cli.py:516}} INFO - Running <TaskInstance: store_DAG.check_file_exists 2020-07-31T00:00:00+00:00 [running]> on host 46a88ec199b8
[2020-08-04 20:47:13,218] {{bash_operator.py:81}} time Tmp dir root location: 
 /tmp
[2020-08-04 20:47:13,220] {{bash_operator.py:91}} time Exporting the following env vars:
AIRFLOW_CTX_DAG_ID=store_DAG
AIRFLOW_CTX_TASK_ID=check_file_exists
AIRFLOW_CTX_EXECUTION_DATE=2020-07-31T00:00:00+00:00
AIRFLOW_CTX_DAG_RUN_ID=scheduled__2020-07-31T00:00:00+00:00
[2020-08-04 20:47:13,225] {{bash_operator.py:105}} time Temporary script location: /tmp/airflowtmp7sg02sl5/check_file_exists4mey8czb
[2020-08-04 20:47:13,226] {{bash_operator.py:115}} time Running command: shasum ~/store_files_airflow/raw_store_transactions.csv
[2020-08-04 20:47:13,309] {{bash_operator.py:124}} time Output:
[2020-08-04 20:47:13,686] {{bash_operator.py:128}} time e9e298e9629d72f3255b4838ba07bd220150a146  /usr/local/airflow/store_files_airflow/raw_store_transactions.csv
[2020-08-04 20:47:13,693] {{bash_operator.py:132}} time Command exited with return code 0
[2020-08-04 20:47:16,713] {{logging_mixin.py:95}} time [[34m2020-08-04 20:47:16,712[0m] {{[34mlocal_task_job.py:[0m105}} INFO[0m - Task exited with return code 0[0m
Dependencies all met for <TaskInstance: store_DAG.check_file_exists 2020-07-31T00:00:00+00:00 [queued]>
Dependencies all met for <TaskInstance: store_DAG.check_file_exists 2020-07-31T00:00:00+00:00 [queued]>

--------------------------------------------------------------------------------
Starting attempt 1 of 3

--------------------------------------------------------------------------------
Executing <Task(BashOperator): check_file_exists> on 2020-07-31T00:00:00+00:00
Running: ['airflow', 'run', 'store_DAG', 'check_file_exists', '2020-07-31T00:00:00+00:00', '--job_id', '26', '--pool', 'default_pool', '--raw', '-sd', 'DAGS_FOLDER/store_DAG.py', '--cfg_path', '/tmp/tmp1iokwv83']
Job 26: Subtask check_file_exists [2020-08-04 20:53:20,549] {{settings.py:213}} INFO - settings.configure_orm(): Using pool settings. pool_size=5, max_overflow=10, pool_recycle=1800, pid=1656
Job 26: Subtask check_file_exists /usr/local/lib/python3.7/site-packages/psycopg2/__init__.py:144: UserWarning: The psycopg2 wheel package will be renamed from release 2.8; in order to keep installing from binary please use "pip install psycopg2-binary" instead. For details see: <http://initd.org/psycopg/docs/install.html#binary-install-from-pypi>.
Job 26: Subtask check_file_exists   """)
Job 26: Subtask check_file_exists [2020-08-04 20:53:22,021] {{__init__.py:51}} INFO - Using executor LocalExecutor
Job 26: Subtask check_file_exists [2020-08-04 20:53:26,751] {{dagbag.py:90}} INFO - Filling up the DagBag from /usr/local/airflow/dags/store_DAG.py
Job 26: Subtask check_file_exists [2020-08-04 20:53:27,458] {{cli.py:516}} INFO - Running <TaskInstance: store_DAG.check_file_exists 2020-07-31T00:00:00+00:00 [running]> on host 6a822f9627d0
Tmp dir root location: 
 /tmp
Exporting the following env vars:
AIRFLOW_CTX_DAG_ID=store_DAG
AIRFLOW_CTX_TASK_ID=check_file_exists
AIRFLOW_CTX_EXECUTION_DATE=2020-07-31T00:00:00+00:00
AIRFLOW_CTX_DAG_RUN_ID=scheduled__2020-07-31T00:00:00+00:00
Temporary script location: /tmp/airflowtmpf644xyk2/check_file_existsqil4em6w
Running command: shasum ~/store_files_airflow/raw_store_transactions.csv
Output:
e9e298e9629d72f3255b4838ba07bd220150a146  /usr/local/airflow/store_files_airflow/raw_store_transactions.csv
Command exited with return code 0
[[34m2020-08-04 20:53:32,479[0m] {{[34mlocal_task_job.py:[0m105}} INFO[0m - Task exited with return code 0[0m
message ----> Dependencies all met for <TaskInstance: store_DAG.check_file_exists 2020-07-31T00:00:00+00:00 [queued]>
message ----> Dependencies all met for <TaskInstance: store_DAG.check_file_exists 2020-07-31T00:00:00+00:00 [queued]>
message ----> 
--------------------------------------------------------------------------------
message ----> Starting attempt 1 of 3
message ----> 
--------------------------------------------------------------------------------
message ----> Executing <Task(BashOperator): check_file_exists> on 2020-07-31T00:00:00+00:00
message ----> Running: ['airflow', 'run', 'store_DAG', 'check_file_exists', '2020-07-31T00:00:00+00:00', '--job_id', '20', '--pool', 'default_pool', '--raw', '-sd', 'DAGS_FOLDER/store_DAG.py', '--cfg_path', '/tmp/tmpb1ahqjao']
message ----> Job 20: Subtask check_file_exists [2020-08-04 21:10:59,438] {{settings.py:213}} INFO - settings.configure_orm(): Using pool settings. pool_size=5, max_overflow=10, pool_recycle=1800, pid=2072
message ----> Job 20: Subtask check_file_exists /usr/local/lib/python3.7/site-packages/psycopg2/__init__.py:144: UserWarning: The psycopg2 wheel package will be renamed from release 2.8; in order to keep installing from binary please use "pip install psycopg2-binary" instead. For details see: <http://initd.org/psycopg/docs/install.html#binary-install-from-pypi>.
message ----> Job 20: Subtask check_file_exists   """)
message ----> Job 20: Subtask check_file_exists [2020-08-04 21:11:05,291] {{__init__.py:51}} INFO - Using executor LocalExecutor
message ----> Job 20: Subtask check_file_exists [2020-08-04 21:11:14,247] {{dagbag.py:90}} INFO - Filling up the DagBag from /usr/local/airflow/dags/store_DAG.py
message ----> Job 20: Subtask check_file_exists [2020-08-04 21:11:14,651] {{cli.py:516}} INFO - Running <TaskInstance: store_DAG.check_file_exists 2020-07-31T00:00:00+00:00 [running]> on host 0885e5a330eb
message ----> Tmp dir root location: 
 /tmp
message ----> Exporting the following env vars:
AIRFLOW_CTX_DAG_ID=store_DAG
AIRFLOW_CTX_TASK_ID=check_file_exists
AIRFLOW_CTX_EXECUTION_DATE=2020-07-31T00:00:00+00:00
AIRFLOW_CTX_DAG_RUN_ID=scheduled__2020-07-31T00:00:00+00:00
message ----> Temporary script location: /tmp/airflowtmpe541b79u/check_file_existso3cjen2p
message ----> Running command: shasum ~/store_files_airflow/raw_store_transactions.csv
message ----> Output:
message ----> e9e298e9629d72f3255b4838ba07bd220150a146  /usr/local/airflow/store_files_airflow/raw_store_transactions.csv
message ----> Command exited with return code 0
message ----> [[34m2020-08-04 21:11:16,978[0m] {{[34mlocal_task_job.py:[0m172}} WARNING[0m - State of this instance has been externally set to [1msuccess[0m. Taking the poison pill.[0m
message ----> Sending Signals.SIGTERM to GPID 2072
message ----> Process psutil.Process(pid=2072, status='terminated') (2072) terminated with exit code -15
message ----> [[34m2020-08-04 21:11:17,199[0m] {{[34mlocal_task_job.py:[0m105}} INFO[0m - Task exited with return code 0[0m
