[2020-07-31 00:13:40,312] {{taskinstance.py:616}} INFO - Dependencies all met for <TaskInstance: store_DAG.check_file_exists 2020-07-30T00:00:00+00:00 [queued]>
[2020-07-31 00:13:40,329] {{taskinstance.py:616}} INFO - Dependencies all met for <TaskInstance: store_DAG.check_file_exists 2020-07-30T00:00:00+00:00 [queued]>
[2020-07-31 00:13:40,330] {{taskinstance.py:834}} INFO - 
--------------------------------------------------------------------------------
[2020-07-31 00:13:40,331] {{taskinstance.py:835}} INFO - Starting attempt 1 of 3
[2020-07-31 00:13:40,331] {{taskinstance.py:836}} INFO - 
--------------------------------------------------------------------------------
[2020-07-31 00:13:40,350] {{taskinstance.py:855}} INFO - Executing <Task(BashOperator): check_file_exists> on 2020-07-30T00:00:00+00:00
[2020-07-31 00:13:40,351] {{base_task_runner.py:133}} INFO - Running: ['airflow', 'run', 'store_DAG', 'check_file_exists', '2020-07-30T00:00:00+00:00', '--job_id', '52', '--pool', 'default_pool', '--raw', '-sd', 'DAGS_FOLDER/store_DAG.py', '--cfg_path', '/tmp/tmp0ed7o376']
[2020-07-31 00:13:44,537] {{base_task_runner.py:115}} INFO - Job 52: Subtask check_file_exists [2020-07-31 00:13:44,531] {{settings.py:213}} INFO - settings.configure_orm(): Using pool settings. pool_size=5, max_overflow=10, pool_recycle=1800, pid=210
[2020-07-31 00:13:44,810] {{base_task_runner.py:115}} INFO - Job 52: Subtask check_file_exists /usr/local/lib/python3.7/site-packages/psycopg2/__init__.py:144: UserWarning: The psycopg2 wheel package will be renamed from release 2.8; in order to keep installing from binary please use "pip install psycopg2-binary" instead. For details see: <http://initd.org/psycopg/docs/install.html#binary-install-from-pypi>.
[2020-07-31 00:13:44,811] {{base_task_runner.py:115}} INFO - Job 52: Subtask check_file_exists   """)
[2020-07-31 00:13:47,265] {{base_task_runner.py:115}} INFO - Job 52: Subtask check_file_exists [2020-07-31 00:13:47,263] {{__init__.py:51}} INFO - Using executor LocalExecutor
[2020-07-31 00:13:50,334] {{base_task_runner.py:115}} INFO - Job 52: Subtask check_file_exists [2020-07-31 00:13:50,333] {{dagbag.py:90}} INFO - Filling up the DagBag from /usr/local/airflow/dags/store_DAG.py
[2020-07-31 00:13:51,510] {{base_task_runner.py:115}} INFO - Job 52: Subtask check_file_exists [2020-07-31 00:13:51,503] {{cli.py:516}} INFO - Running <TaskInstance: store_DAG.check_file_exists 2020-07-30T00:00:00+00:00 [running]> on host 6097e8989e8b
[2020-07-31 00:13:51,707] {{bash_operator.py:81}} INFO - Tmp dir root location: 
 /tmp
[2020-07-31 00:13:51,716] {{bash_operator.py:91}} INFO - Exporting the following env vars:
AIRFLOW_CTX_DAG_ID=store_DAG
AIRFLOW_CTX_TASK_ID=check_file_exists
AIRFLOW_CTX_EXECUTION_DATE=2020-07-30T00:00:00+00:00
AIRFLOW_CTX_DAG_RUN_ID=scheduled__2020-07-30T00:00:00+00:00
[2020-07-31 00:13:51,733] {{bash_operator.py:105}} INFO - Temporary script location: /tmp/airflowtmpha3js57l/check_file_existsup4xbjmr
[2020-07-31 00:13:51,735] {{bash_operator.py:115}} INFO - Running command: shasum ~/store_files_airflow/raw_store_transactions.csv
[2020-07-31 00:13:51,822] {{bash_operator.py:124}} INFO - Output:
[2020-07-31 00:13:52,295] {{bash_operator.py:128}} INFO - e9e298e9629d72f3255b4838ba07bd220150a146  /usr/local/airflow/store_files_airflow/raw_store_transactions.csv
[2020-07-31 00:13:52,309] {{bash_operator.py:132}} INFO - Command exited with return code 0
[2020-07-31 00:13:55,568] {{logging_mixin.py:95}} INFO - [[34m2020-07-31 00:13:55,549[0m] {{[34mlocal_task_job.py:[0m105}} INFO[0m - Task exited with return code 0[0m
[2020-08-04 20:46:39,982] {{taskinstance.py:616}} time Dependencies all met for <TaskInstance: store_DAG.check_file_exists 2020-07-30T00:00:00+00:00 [queued]>
[2020-08-04 20:46:40,051] {{taskinstance.py:616}} time Dependencies all met for <TaskInstance: store_DAG.check_file_exists 2020-07-30T00:00:00+00:00 [queued]>
[2020-08-04 20:46:40,054] {{taskinstance.py:834}} time 
--------------------------------------------------------------------------------
[2020-08-04 20:46:40,055] {{taskinstance.py:835}} time Starting attempt 1 of 3
[2020-08-04 20:46:40,055] {{taskinstance.py:836}} time 
--------------------------------------------------------------------------------
[2020-08-04 20:46:40,126] {{taskinstance.py:855}} time Executing <Task(BashOperator): check_file_exists> on 2020-07-30T00:00:00+00:00
[2020-08-04 20:46:40,132] {{base_task_runner.py:133}} time Running: ['airflow', 'run', 'store_DAG', 'check_file_exists', '2020-07-30T00:00:00+00:00', '--job_id', '27', '--pool', 'default_pool', '--raw', '-sd', 'DAGS_FOLDER/store_DAG.py', '--cfg_path', '/tmp/tmpxspmipya']
[2020-08-04 20:46:54,575] {{base_task_runner.py:115}} time Job 27: Subtask check_file_exists [2020-08-04 20:46:54,574] {{settings.py:213}} INFO - settings.configure_orm(): Using pool settings. pool_size=5, max_overflow=10, pool_recycle=1800, pid=1734
[2020-08-04 20:46:54,755] {{base_task_runner.py:115}} time Job 27: Subtask check_file_exists /usr/local/lib/python3.7/site-packages/psycopg2/__init__.py:144: UserWarning: The psycopg2 wheel package will be renamed from release 2.8; in order to keep installing from binary please use "pip install psycopg2-binary" instead. For details see: <http://initd.org/psycopg/docs/install.html#binary-install-from-pypi>.
[2020-08-04 20:46:54,755] {{base_task_runner.py:115}} time Job 27: Subtask check_file_exists   """)
[2020-08-04 20:46:56,266] {{base_task_runner.py:115}} time Job 27: Subtask check_file_exists [2020-08-04 20:46:56,254] {{__init__.py:51}} INFO - Using executor LocalExecutor
[2020-08-04 20:47:00,514] {{base_task_runner.py:115}} time Job 27: Subtask check_file_exists [2020-08-04 20:47:00,498] {{dagbag.py:90}} INFO - Filling up the DagBag from /usr/local/airflow/dags/store_DAG.py
[2020-08-04 20:47:01,434] {{base_task_runner.py:115}} time Job 27: Subtask check_file_exists [2020-08-04 20:47:01,433] {{cli.py:516}} INFO - Running <TaskInstance: store_DAG.check_file_exists 2020-07-30T00:00:00+00:00 [running]> on host 46a88ec199b8
[2020-08-04 20:47:01,972] {{bash_operator.py:81}} time Tmp dir root location: 
 /tmp
[2020-08-04 20:47:02,007] {{bash_operator.py:91}} time Exporting the following env vars:
AIRFLOW_CTX_DAG_ID=store_DAG
AIRFLOW_CTX_TASK_ID=check_file_exists
AIRFLOW_CTX_EXECUTION_DATE=2020-07-30T00:00:00+00:00
AIRFLOW_CTX_DAG_RUN_ID=scheduled__2020-07-30T00:00:00+00:00
[2020-08-04 20:47:02,017] {{bash_operator.py:105}} time Temporary script location: /tmp/airflowtmp_c7e7ny6/check_file_existsis5r9bem
[2020-08-04 20:47:02,041] {{bash_operator.py:115}} time Running command: shasum ~/store_files_airflow/raw_store_transactions.csv
[2020-08-04 20:47:02,239] {{bash_operator.py:124}} time Output:
[2020-08-04 20:47:03,255] {{bash_operator.py:128}} time e9e298e9629d72f3255b4838ba07bd220150a146  /usr/local/airflow/store_files_airflow/raw_store_transactions.csv
[2020-08-04 20:47:03,268] {{bash_operator.py:132}} time Command exited with return code 0
[2020-08-04 20:47:04,963] {{logging_mixin.py:95}} time [[34m2020-08-04 20:47:04,962[0m] {{[34mlocal_task_job.py:[0m172}} WARNING[0m - State of this instance has been externally set to [1msuccess[0m. Taking the poison pill.[0m
[2020-08-04 20:47:05,001] {{helpers.py:319}} time Sending Signals.SIGTERM to GPID 1734
[2020-08-04 20:47:05,193] {{helpers.py:297}} time Process psutil.Process(pid=1734, status='terminated') (1734) terminated with exit code -15
[2020-08-04 20:47:05,198] {{logging_mixin.py:95}} time [[34m2020-08-04 20:47:05,196[0m] {{[34mlocal_task_job.py:[0m105}} INFO[0m - Task exited with return code 0[0m
Dependencies all met for <TaskInstance: store_DAG.check_file_exists 2020-07-30T00:00:00+00:00 [queued]>
Dependencies all met for <TaskInstance: store_DAG.check_file_exists 2020-07-30T00:00:00+00:00 [queued]>

--------------------------------------------------------------------------------
Starting attempt 1 of 3

--------------------------------------------------------------------------------
Executing <Task(BashOperator): check_file_exists> on 2020-07-30T00:00:00+00:00
Running: ['airflow', 'run', 'store_DAG', 'check_file_exists', '2020-07-30T00:00:00+00:00', '--job_id', '22', '--pool', 'default_pool', '--raw', '-sd', 'DAGS_FOLDER/store_DAG.py', '--cfg_path', '/tmp/tmp_ki47hm0']
Job 22: Subtask check_file_exists [2020-08-04 20:52:49,564] {{settings.py:213}} INFO - settings.configure_orm(): Using pool settings. pool_size=5, max_overflow=10, pool_recycle=1800, pid=1557
Job 22: Subtask check_file_exists /usr/local/lib/python3.7/site-packages/psycopg2/__init__.py:144: UserWarning: The psycopg2 wheel package will be renamed from release 2.8; in order to keep installing from binary please use "pip install psycopg2-binary" instead. For details see: <http://initd.org/psycopg/docs/install.html#binary-install-from-pypi>.
Job 22: Subtask check_file_exists   """)
Job 22: Subtask check_file_exists [2020-08-04 20:52:55,012] {{__init__.py:51}} INFO - Using executor LocalExecutor
Job 22: Subtask check_file_exists [2020-08-04 20:53:08,406] {{dagbag.py:90}} INFO - Filling up the DagBag from /usr/local/airflow/dags/store_DAG.py
Job 22: Subtask check_file_exists [2020-08-04 20:53:09,593] {{cli.py:516}} INFO - Running <TaskInstance: store_DAG.check_file_exists 2020-07-30T00:00:00+00:00 [running]> on host 6a822f9627d0
Tmp dir root location: 
 /tmp
Exporting the following env vars:
AIRFLOW_CTX_DAG_ID=store_DAG
AIRFLOW_CTX_TASK_ID=check_file_exists
AIRFLOW_CTX_EXECUTION_DATE=2020-07-30T00:00:00+00:00
AIRFLOW_CTX_DAG_RUN_ID=scheduled__2020-07-30T00:00:00+00:00
Temporary script location: /tmp/airflowtmpoe1f9j7n/check_file_existszokfy3v5
Running command: shasum ~/store_files_airflow/raw_store_transactions.csv
Output:
e9e298e9629d72f3255b4838ba07bd220150a146  /usr/local/airflow/store_files_airflow/raw_store_transactions.csv
Command exited with return code 0
[[34m2020-08-04 20:53:15,652[0m] {{[34mlocal_task_job.py:[0m105}} INFO[0m - Task exited with return code 0[0m
message ----> Dependencies all met for <TaskInstance: store_DAG.check_file_exists 2020-07-30T00:00:00+00:00 [queued]>
message ----> Dependencies all met for <TaskInstance: store_DAG.check_file_exists 2020-07-30T00:00:00+00:00 [queued]>
message ----> 
--------------------------------------------------------------------------------
message ----> Starting attempt 1 of 3
message ----> 
--------------------------------------------------------------------------------
message ----> Executing <Task(BashOperator): check_file_exists> on 2020-07-30T00:00:00+00:00
message ----> Running: ['airflow', 'run', 'store_DAG', 'check_file_exists', '2020-07-30T00:00:00+00:00', '--job_id', '17', '--pool', 'default_pool', '--raw', '-sd', 'DAGS_FOLDER/store_DAG.py', '--cfg_path', '/tmp/tmpu7ot2j01']
message ----> Job 17: Subtask check_file_exists [2020-08-04 21:10:26,759] {{settings.py:213}} INFO - settings.configure_orm(): Using pool settings. pool_size=5, max_overflow=10, pool_recycle=1800, pid=1953
message ----> Job 17: Subtask check_file_exists /usr/local/lib/python3.7/site-packages/psycopg2/__init__.py:144: UserWarning: The psycopg2 wheel package will be renamed from release 2.8; in order to keep installing from binary please use "pip install psycopg2-binary" instead. For details see: <http://initd.org/psycopg/docs/install.html#binary-install-from-pypi>.
message ----> Job 17: Subtask check_file_exists   """)
message ----> Job 17: Subtask check_file_exists [2020-08-04 21:10:28,806] {{__init__.py:51}} INFO - Using executor LocalExecutor
message ----> Job 17: Subtask check_file_exists [2020-08-04 21:10:33,875] {{dagbag.py:90}} INFO - Filling up the DagBag from /usr/local/airflow/dags/store_DAG.py
message ----> Job 17: Subtask check_file_exists [2020-08-04 21:10:34,773] {{cli.py:516}} INFO - Running <TaskInstance: store_DAG.check_file_exists 2020-07-30T00:00:00+00:00 [running]> on host 0885e5a330eb
message ----> Tmp dir root location: 
 /tmp
message ----> Exporting the following env vars:
AIRFLOW_CTX_DAG_ID=store_DAG
AIRFLOW_CTX_TASK_ID=check_file_exists
AIRFLOW_CTX_EXECUTION_DATE=2020-07-30T00:00:00+00:00
AIRFLOW_CTX_DAG_RUN_ID=scheduled__2020-07-30T00:00:00+00:00
message ----> Temporary script location: /tmp/airflowtmpkwz_f2nf/check_file_existsnw9dijn_
message ----> Running command: shasum ~/store_files_airflow/raw_store_transactions.csv
message ----> Output:
message ----> e9e298e9629d72f3255b4838ba07bd220150a146  /usr/local/airflow/store_files_airflow/raw_store_transactions.csv
message ----> Command exited with return code 0
message ----> [[34m2020-08-04 21:10:36,960[0m] {{[34mlocal_task_job.py:[0m172}} WARNING[0m - State of this instance has been externally set to [1msuccess[0m. Taking the poison pill.[0m
message ----> Sending Signals.SIGTERM to GPID 1953
message ----> Process psutil.Process(pid=1953, status='terminated') (1953) terminated with exit code -15
message ----> [[34m2020-08-04 21:10:37,428[0m] {{[34mlocal_task_job.py:[0m105}} INFO[0m - Task exited with return code 0[0m
