time---> [2020-08-04 21:22:40,529] filename and line ---> {{taskinstance.py:616}} INFO message ----> Dependencies all met for <TaskInstance: store_DAG.clean_raw_csv 2020-08-04T21:22:31.721187+00:00 [queued]>
time---> [2020-08-04 21:22:40,544] filename and line ---> {{taskinstance.py:616}} INFO message ----> Dependencies all met for <TaskInstance: store_DAG.clean_raw_csv 2020-08-04T21:22:31.721187+00:00 [queued]>
time---> [2020-08-04 21:22:40,545] filename and line ---> {{taskinstance.py:834}} INFO message ----> 
--------------------------------------------------------------------------------
time---> [2020-08-04 21:22:40,545] filename and line ---> {{taskinstance.py:835}} INFO message ----> Starting attempt 1 of 2
time---> [2020-08-04 21:22:40,545] filename and line ---> {{taskinstance.py:836}} INFO message ----> 
--------------------------------------------------------------------------------
time---> [2020-08-04 21:22:40,573] filename and line ---> {{taskinstance.py:855}} INFO message ----> Executing <Task(PythonOperator): clean_raw_csv> on 2020-08-04T21:22:31.721187+00:00
time---> [2020-08-04 21:22:40,574] filename and line ---> {{base_task_runner.py:133}} INFO message ----> Running: ['airflow', 'run', 'store_DAG', 'clean_raw_csv', '2020-08-04T21:22:31.721187+00:00', '--job_id', '8', '--pool', 'default_pool', '--raw', '-sd', 'DAGS_FOLDER/store_DAG.py', '--cfg_path', '/tmp/tmpxzdyc3ag']
time---> [2020-08-04 21:22:42,553] filename and line ---> {{base_task_runner.py:115}} INFO message ----> Job 8: Subtask clean_raw_csv [2020-08-04 21:22:42,552] {{settings.py:213}} INFO - settings.configure_orm(): Using pool settings. pool_size=5, max_overflow=10, pool_recycle=1800, pid=1712
time---> [2020-08-04 21:22:42,602] filename and line ---> {{base_task_runner.py:115}} INFO message ----> Job 8: Subtask clean_raw_csv /usr/local/lib/python3.7/site-packages/psycopg2/__init__.py:144: UserWarning: The psycopg2 wheel package will be renamed from release 2.8; in order to keep installing from binary please use "pip install psycopg2-binary" instead. For details see: <http://initd.org/psycopg/docs/install.html#binary-install-from-pypi>.
time---> [2020-08-04 21:22:42,603] filename and line ---> {{base_task_runner.py:115}} INFO message ----> Job 8: Subtask clean_raw_csv   """)
time---> [2020-08-04 21:22:43,827] filename and line ---> {{base_task_runner.py:115}} INFO message ----> Job 8: Subtask clean_raw_csv [2020-08-04 21:22:43,821] {{__init__.py:51}} INFO - Using executor LocalExecutor
time---> [2020-08-04 21:22:46,191] filename and line ---> {{base_task_runner.py:115}} INFO message ----> Job 8: Subtask clean_raw_csv [2020-08-04 21:22:46,183] {{dagbag.py:90}} INFO - Filling up the DagBag from /usr/local/airflow/dags/store_DAG.py
time---> [2020-08-04 21:22:46,384] filename and line ---> {{base_task_runner.py:115}} INFO message ----> Job 8: Subtask clean_raw_csv [2020-08-04 21:22:46,383] {{cli.py:516}} INFO - Running <TaskInstance: store_DAG.clean_raw_csv 2020-08-04T21:22:31.721187+00:00 [running]> on host efcc5644348e
time---> [2020-08-04 21:22:46,448] filename and line ---> {{python_operator.py:105}} INFO message ----> Exporting the following env vars:
AIRFLOW_CTX_DAG_ID=store_DAG
AIRFLOW_CTX_TASK_ID=clean_raw_csv
AIRFLOW_CTX_EXECUTION_DATE=2020-08-04T21:22:31.721187+00:00
AIRFLOW_CTX_DAG_RUN_ID=manual__2020-08-04T21:22:31.721187+00:00
time---> [2020-08-04 21:22:49,042] filename and line ---> {{python_operator.py:114}} INFO message ----> Done. Returned value was: None
time---> [2020-08-04 21:22:50,633] filename and line ---> {{logging_mixin.py:95}} INFO message ----> [[34m2020-08-04 21:22:50,632[0m] {{[34mlocal_task_job.py:[0m105}} INFO[0m - Task exited with return code 0[0m
