[2020-07-30 22:02:16,358] {{taskinstance.py:616}} INFO - Dependencies all met for <TaskInstance: store_DAG.clean_raw_csv 2020-07-28T00:00:00+00:00 [queued]>
[2020-07-30 22:02:16,467] {{taskinstance.py:616}} INFO - Dependencies all met for <TaskInstance: store_DAG.clean_raw_csv 2020-07-28T00:00:00+00:00 [queued]>
[2020-07-30 22:02:16,468] {{taskinstance.py:834}} INFO - 
--------------------------------------------------------------------------------
[2020-07-30 22:02:16,471] {{taskinstance.py:835}} INFO - Starting attempt 1 of 2
[2020-07-30 22:02:16,472] {{taskinstance.py:836}} INFO - 
--------------------------------------------------------------------------------
[2020-07-30 22:02:16,521] {{taskinstance.py:855}} INFO - Executing <Task(PythonOperator): clean_raw_csv> on 2020-07-28T00:00:00+00:00
[2020-07-30 22:02:16,524] {{base_task_runner.py:133}} INFO - Running: ['airflow', 'run', 'store_DAG', 'clean_raw_csv', '2020-07-28T00:00:00+00:00', '--job_id', '33', '--pool', 'default_pool', '--raw', '-sd', 'DAGS_FOLDER/store_DAG.py', '--cfg_path', '/tmp/tmp0rhrr2zf']
[2020-07-30 22:02:27,343] {{base_task_runner.py:115}} INFO - Job 33: Subtask clean_raw_csv [2020-07-30 22:02:27,342] {{settings.py:213}} INFO - settings.configure_orm(): Using pool settings. pool_size=5, max_overflow=10, pool_recycle=1800, pid=7830
[2020-07-30 22:02:27,414] {{base_task_runner.py:115}} INFO - Job 33: Subtask clean_raw_csv /usr/local/lib/python3.7/site-packages/psycopg2/__init__.py:144: UserWarning: The psycopg2 wheel package will be renamed from release 2.8; in order to keep installing from binary please use "pip install psycopg2-binary" instead. For details see: <http://initd.org/psycopg/docs/install.html#binary-install-from-pypi>.
[2020-07-30 22:02:27,415] {{base_task_runner.py:115}} INFO - Job 33: Subtask clean_raw_csv   """)
[2020-07-30 22:02:28,191] {{base_task_runner.py:115}} INFO - Job 33: Subtask clean_raw_csv [2020-07-30 22:02:28,190] {{__init__.py:51}} INFO - Using executor LocalExecutor
[2020-07-30 22:02:30,852] {{base_task_runner.py:115}} INFO - Job 33: Subtask clean_raw_csv [2020-07-30 22:02:30,841] {{dagbag.py:90}} INFO - Filling up the DagBag from /usr/local/airflow/dags/store_DAG.py
[2020-07-30 22:02:31,049] {{base_task_runner.py:115}} INFO - Job 33: Subtask clean_raw_csv [2020-07-30 22:02:31,048] {{cli.py:516}} INFO - Running <TaskInstance: store_DAG.clean_raw_csv 2020-07-28T00:00:00+00:00 [running]> on host 6097e8989e8b
[2020-07-30 22:02:31,138] {{python_operator.py:105}} INFO - Exporting the following env vars:
AIRFLOW_CTX_DAG_ID=store_DAG
AIRFLOW_CTX_TASK_ID=clean_raw_csv
AIRFLOW_CTX_EXECUTION_DATE=2020-07-28T00:00:00+00:00
AIRFLOW_CTX_DAG_RUN_ID=scheduled__2020-07-28T00:00:00+00:00
[2020-07-30 22:02:35,269] {{python_operator.py:114}} INFO - Done. Returned value was: None
[2020-07-30 22:02:36,226] {{logging_mixin.py:95}} INFO - [[34m2020-07-30 22:02:36,226[0m] {{[34mlocal_task_job.py:[0m172}} WARNING[0m - State of this instance has been externally set to [1msuccess[0m. Taking the poison pill.[0m
[2020-07-30 22:02:36,251] {{helpers.py:319}} INFO - Sending Signals.SIGTERM to GPID 7830
[2020-07-30 22:02:36,319] {{helpers.py:297}} INFO - Process psutil.Process(pid=7830, status='terminated') (7830) terminated with exit code -15
[2020-07-30 22:02:36,321] {{logging_mixin.py:95}} INFO - [[34m2020-07-30 22:02:36,320[0m] {{[34mlocal_task_job.py:[0m105}} INFO[0m - Task exited with return code 0[0m
[2020-08-04 20:47:02,001] {{taskinstance.py:616}} time Dependencies all met for <TaskInstance: store_DAG.clean_raw_csv 2020-07-28T00:00:00+00:00 [queued]>
[2020-08-04 20:47:02,415] {{taskinstance.py:616}} time Dependencies all met for <TaskInstance: store_DAG.clean_raw_csv 2020-07-28T00:00:00+00:00 [queued]>
[2020-08-04 20:47:02,429] {{taskinstance.py:834}} time 
--------------------------------------------------------------------------------
[2020-08-04 20:47:02,469] {{taskinstance.py:835}} time Starting attempt 1 of 2
[2020-08-04 20:47:02,479] {{taskinstance.py:836}} time 
--------------------------------------------------------------------------------
[2020-08-04 20:47:02,583] {{taskinstance.py:855}} time Executing <Task(PythonOperator): clean_raw_csv> on 2020-07-28T00:00:00+00:00
[2020-08-04 20:47:02,585] {{base_task_runner.py:133}} time Running: ['airflow', 'run', 'store_DAG', 'clean_raw_csv', '2020-07-28T00:00:00+00:00', '--job_id', '29', '--pool', 'default_pool', '--raw', '-sd', 'DAGS_FOLDER/store_DAG.py', '--cfg_path', '/tmp/tmp3xnmu37n']
[2020-08-04 20:47:10,405] {{base_task_runner.py:115}} time Job 29: Subtask clean_raw_csv [2020-08-04 20:47:10,391] {{settings.py:213}} INFO - settings.configure_orm(): Using pool settings. pool_size=5, max_overflow=10, pool_recycle=1800, pid=1853
[2020-08-04 20:47:10,619] {{base_task_runner.py:115}} time Job 29: Subtask clean_raw_csv /usr/local/lib/python3.7/site-packages/psycopg2/__init__.py:144: UserWarning: The psycopg2 wheel package will be renamed from release 2.8; in order to keep installing from binary please use "pip install psycopg2-binary" instead. For details see: <http://initd.org/psycopg/docs/install.html#binary-install-from-pypi>.
[2020-08-04 20:47:10,620] {{base_task_runner.py:115}} time Job 29: Subtask clean_raw_csv   """)
[2020-08-04 20:47:11,551] {{base_task_runner.py:115}} time Job 29: Subtask clean_raw_csv [2020-08-04 20:47:11,551] {{__init__.py:51}} INFO - Using executor LocalExecutor
[2020-08-04 20:47:14,070] {{base_task_runner.py:115}} time Job 29: Subtask clean_raw_csv [2020-08-04 20:47:14,069] {{dagbag.py:90}} INFO - Filling up the DagBag from /usr/local/airflow/dags/store_DAG.py
[2020-08-04 20:47:14,402] {{base_task_runner.py:115}} time Job 29: Subtask clean_raw_csv [2020-08-04 20:47:14,396] {{cli.py:516}} INFO - Running <TaskInstance: store_DAG.clean_raw_csv 2020-07-28T00:00:00+00:00 [running]> on host 46a88ec199b8
[2020-08-04 20:47:14,555] {{python_operator.py:105}} time Exporting the following env vars:
AIRFLOW_CTX_DAG_ID=store_DAG
AIRFLOW_CTX_TASK_ID=clean_raw_csv
AIRFLOW_CTX_EXECUTION_DATE=2020-07-28T00:00:00+00:00
AIRFLOW_CTX_DAG_RUN_ID=scheduled__2020-07-28T00:00:00+00:00
[2020-08-04 20:47:19,969] {{python_operator.py:114}} time Done. Returned value was: None
[2020-08-04 20:47:21,201] {{logging_mixin.py:95}} time [[34m2020-08-04 20:47:21,197[0m] {{[34mlocal_task_job.py:[0m105}} INFO[0m - Task exited with return code 0[0m
Dependencies all met for <TaskInstance: store_DAG.clean_raw_csv 2020-07-28T00:00:00+00:00 [queued]>
Dependencies all met for <TaskInstance: store_DAG.clean_raw_csv 2020-07-28T00:00:00+00:00 [queued]>

--------------------------------------------------------------------------------
Starting attempt 1 of 2

--------------------------------------------------------------------------------
Executing <Task(PythonOperator): clean_raw_csv> on 2020-07-28T00:00:00+00:00
Running: ['airflow', 'run', 'store_DAG', 'clean_raw_csv', '2020-07-28T00:00:00+00:00', '--job_id', '27', '--pool', 'default_pool', '--raw', '-sd', 'DAGS_FOLDER/store_DAG.py', '--cfg_path', '/tmp/tmphdj1va3j']
Job 27: Subtask clean_raw_csv [2020-08-04 20:53:20,518] {{settings.py:213}} INFO - settings.configure_orm(): Using pool settings. pool_size=5, max_overflow=10, pool_recycle=1800, pid=1658
Job 27: Subtask clean_raw_csv /usr/local/lib/python3.7/site-packages/psycopg2/__init__.py:144: UserWarning: The psycopg2 wheel package will be renamed from release 2.8; in order to keep installing from binary please use "pip install psycopg2-binary" instead. For details see: <http://initd.org/psycopg/docs/install.html#binary-install-from-pypi>.
Job 27: Subtask clean_raw_csv   """)
Job 27: Subtask clean_raw_csv [2020-08-04 20:53:21,902] {{__init__.py:51}} INFO - Using executor LocalExecutor
Job 27: Subtask clean_raw_csv [2020-08-04 20:53:27,150] {{dagbag.py:90}} INFO - Filling up the DagBag from /usr/local/airflow/dags/store_DAG.py
Job 27: Subtask clean_raw_csv [2020-08-04 20:53:27,914] {{cli.py:516}} INFO - Running <TaskInstance: store_DAG.clean_raw_csv 2020-07-28T00:00:00+00:00 [running]> on host 6a822f9627d0
Exporting the following env vars:
AIRFLOW_CTX_DAG_ID=store_DAG
AIRFLOW_CTX_TASK_ID=clean_raw_csv
AIRFLOW_CTX_EXECUTION_DATE=2020-07-28T00:00:00+00:00
AIRFLOW_CTX_DAG_RUN_ID=scheduled__2020-07-28T00:00:00+00:00
Done. Returned value was: None
[[34m2020-08-04 20:53:42,464[0m] {{[34mlocal_task_job.py:[0m172}} WARNING[0m - State of this instance has been externally set to [1msuccess[0m. Taking the poison pill.[0m
Sending Signals.SIGTERM to GPID 1658
Process psutil.Process(pid=1658, status='terminated') (1658) terminated with exit code -15
[[34m2020-08-04 20:53:42,828[0m] {{[34mlocal_task_job.py:[0m105}} INFO[0m - Task exited with return code 0[0m
message ----> Dependencies all met for <TaskInstance: store_DAG.clean_raw_csv 2020-07-28T00:00:00+00:00 [queued]>
message ----> Dependencies all met for <TaskInstance: store_DAG.clean_raw_csv 2020-07-28T00:00:00+00:00 [queued]>
message ----> 
--------------------------------------------------------------------------------
message ----> Starting attempt 1 of 2
message ----> 
--------------------------------------------------------------------------------
message ----> Executing <Task(PythonOperator): clean_raw_csv> on 2020-07-28T00:00:00+00:00
message ----> Running: ['airflow', 'run', 'store_DAG', 'clean_raw_csv', '2020-07-28T00:00:00+00:00', '--job_id', '22', '--pool', 'default_pool', '--raw', '-sd', 'DAGS_FOLDER/store_DAG.py', '--cfg_path', '/tmp/tmphf92y1hd']
message ----> Job 22: Subtask clean_raw_csv [2020-08-04 21:10:59,129] {{settings.py:213}} INFO - settings.configure_orm(): Using pool settings. pool_size=5, max_overflow=10, pool_recycle=1800, pid=2081
message ----> Job 22: Subtask clean_raw_csv /usr/local/lib/python3.7/site-packages/psycopg2/__init__.py:144: UserWarning: The psycopg2 wheel package will be renamed from release 2.8; in order to keep installing from binary please use "pip install psycopg2-binary" instead. For details see: <http://initd.org/psycopg/docs/install.html#binary-install-from-pypi>.
message ----> Job 22: Subtask clean_raw_csv   """)
message ----> Job 22: Subtask clean_raw_csv [2020-08-04 21:11:05,450] {{__init__.py:51}} INFO - Using executor LocalExecutor
message ----> Job 22: Subtask clean_raw_csv [2020-08-04 21:11:13,109] {{dagbag.py:90}} INFO - Filling up the DagBag from /usr/local/airflow/dags/store_DAG.py
message ----> Job 22: Subtask clean_raw_csv [2020-08-04 21:11:13,449] {{cli.py:516}} INFO - Running <TaskInstance: store_DAG.clean_raw_csv 2020-07-28T00:00:00+00:00 [running]> on host 0885e5a330eb
message ----> Exporting the following env vars:
AIRFLOW_CTX_DAG_ID=store_DAG
AIRFLOW_CTX_TASK_ID=clean_raw_csv
AIRFLOW_CTX_EXECUTION_DATE=2020-07-28T00:00:00+00:00
AIRFLOW_CTX_DAG_RUN_ID=scheduled__2020-07-28T00:00:00+00:00
message ----> Done. Returned value was: None
message ----> [[34m2020-08-04 21:11:22,259[0m] {{[34mlocal_task_job.py:[0m172}} WARNING[0m - State of this instance has been externally set to [1msuccess[0m. Taking the poison pill.[0m
message ----> Sending Signals.SIGTERM to GPID 2081
message ----> Process psutil.Process(pid=2081, status='terminated') (2081) terminated with exit code -15
message ----> [[34m2020-08-04 21:11:22,438[0m] {{[34mlocal_task_job.py:[0m105}} INFO[0m - Task exited with return code 0[0m
