[2020-08-07 22:42:20,360] | {{taskinstance.py:616}} | INFO | Dependencies all met for <TaskInstance: store_DAG.clean_raw_csv 2020-08-07T22:41:48.313176+00:00 [queued]>
[2020-08-07 22:42:20,431] | {{taskinstance.py:616}} | INFO | Dependencies all met for <TaskInstance: store_DAG.clean_raw_csv 2020-08-07T22:41:48.313176+00:00 [queued]>
[2020-08-07 22:42:20,436] | {{taskinstance.py:834}} | INFO | 
--------------------------------------------------------------------------------
[2020-08-07 22:42:20,437] | {{taskinstance.py:835}} | INFO | Starting attempt 1 of 2
[2020-08-07 22:42:20,439] | {{taskinstance.py:836}} | INFO | 
--------------------------------------------------------------------------------
[2020-08-07 22:42:20,528] | {{taskinstance.py:855}} | INFO | Executing <Task(PythonOperator): clean_raw_csv> on 2020-08-07T22:41:48.313176+00:00
[2020-08-07 22:42:20,529] | {{base_task_runner.py:133}} | INFO | Running: ['airflow', 'run', 'store_DAG', 'clean_raw_csv', '2020-08-07T22:41:48.313176+00:00', '--job_id', '21', '--pool', 'default_pool', '--raw', '-sd', 'DAGS_FOLDER/store_DAG.py', '--cfg_path', '/tmp/tmpaxatfoua']
[2020-08-07 22:42:31,465] | {{base_task_runner.py:115}} | INFO | Job 21: Subtask clean_raw_csv [2020-08-07 22:42:31,465] {{settings.py:213}} INFO - settings.configure_orm(): Using pool settings. pool_size=5, max_overflow=10, pool_recycle=1800, pid=4405
[2020-08-07 22:42:31,643] | {{base_task_runner.py:115}} | INFO | Job 21: Subtask clean_raw_csv /usr/local/lib/python3.7/site-packages/psycopg2/__init__.py:144: UserWarning: The psycopg2 wheel package will be renamed from release 2.8; in order to keep installing from binary please use "pip install psycopg2-binary" instead. For details see: <http://initd.org/psycopg/docs/install.html#binary-install-from-pypi>.
[2020-08-07 22:42:31,643] | {{base_task_runner.py:115}} | INFO | Job 21: Subtask clean_raw_csv   """)
[2020-08-07 22:42:32,595] | {{base_task_runner.py:115}} | INFO | Job 21: Subtask clean_raw_csv [2020-08-07 22:42:32,594] {{__init__.py:51}} INFO - Using executor LocalExecutor
[2020-08-07 22:42:36,172] | {{base_task_runner.py:115}} | INFO | Job 21: Subtask clean_raw_csv [2020-08-07 22:42:36,157] {{dagbag.py:90}} INFO - Filling up the DagBag from /usr/local/airflow/dags/store_DAG.py
[2020-08-07 22:42:36,576] | {{base_task_runner.py:115}} | INFO | Job 21: Subtask clean_raw_csv [2020-08-07 22:42:36,568] {{cli.py:516}} INFO - Running <TaskInstance: store_DAG.clean_raw_csv 2020-08-07T22:41:48.313176+00:00 [running]> on host 5f4c3a456296
[2020-08-07 22:42:36,692] | {{python_operator.py:105}} | INFO | Exporting the following env vars:
AIRFLOW_CTX_DAG_ID=store_DAG
AIRFLOW_CTX_TASK_ID=clean_raw_csv
AIRFLOW_CTX_EXECUTION_DATE=2020-08-07T22:41:48.313176+00:00
AIRFLOW_CTX_DAG_RUN_ID=manual__2020-08-07T22:41:48.313176+00:00
[2020-08-07 22:42:40,075] | {{python_operator.py:114}} | INFO | Done. Returned value was: None
[2020-08-07 22:42:40,246] | {{logging_mixin.py:95}} | INFO | [[34m2020-08-07 22:42:40,237[0m] {{[34mlocal_task_job.py:[0m172}} WARNING[0m - State of this instance has been externally set to [1msuccess[0m. Taking the poison pill.[0m
[2020-08-07 22:42:40,254] | {{helpers.py:319}} | INFO | Sending Signals.SIGTERM to GPID 4405
[2020-08-07 22:42:40,354] | {{helpers.py:297}} | INFO | Process psutil.Process(pid=4405, status='terminated') (4405) terminated with exit code -15
[2020-08-07 22:42:40,355] | {{logging_mixin.py:95}} | INFO | [[34m2020-08-07 22:42:40,355[0m] {{[34mlocal_task_job.py:[0m105}} INFO[0m - Task exited with return code 0[0m
