[2020-08-07 22:42:00,008] | {{taskinstance.py:616}} | INFO | Dependencies all met for <TaskInstance: store_DAG.clean_raw_csv 2020-08-04T00:00:00+00:00 [queued]>
[2020-08-07 22:42:00,119] | {{taskinstance.py:616}} | INFO | Dependencies all met for <TaskInstance: store_DAG.clean_raw_csv 2020-08-04T00:00:00+00:00 [queued]>
[2020-08-07 22:42:00,127] | {{taskinstance.py:834}} | INFO | 
--------------------------------------------------------------------------------
[2020-08-07 22:42:00,129] | {{taskinstance.py:835}} | INFO | Starting attempt 1 of 2
[2020-08-07 22:42:00,133] | {{taskinstance.py:836}} | INFO | 
--------------------------------------------------------------------------------
[2020-08-07 22:42:00,338] | {{taskinstance.py:855}} | INFO | Executing <Task(PythonOperator): clean_raw_csv> on 2020-08-04T00:00:00+00:00
[2020-08-07 22:42:00,342] | {{base_task_runner.py:133}} | INFO | Running: ['airflow', 'run', 'store_DAG', 'clean_raw_csv', '2020-08-04T00:00:00+00:00', '--job_id', '17', '--pool', 'default_pool', '--raw', '-sd', 'DAGS_FOLDER/store_DAG.py', '--cfg_path', '/tmp/tmpuc42n7wu']
[2020-08-07 22:42:17,218] | {{base_task_runner.py:115}} | INFO | Job 17: Subtask clean_raw_csv [2020-08-07 22:42:17,214] {{settings.py:213}} INFO - settings.configure_orm(): Using pool settings. pool_size=5, max_overflow=10, pool_recycle=1800, pid=4272
[2020-08-07 22:42:17,517] | {{base_task_runner.py:115}} | INFO | Job 17: Subtask clean_raw_csv /usr/local/lib/python3.7/site-packages/psycopg2/__init__.py:144: UserWarning: The psycopg2 wheel package will be renamed from release 2.8; in order to keep installing from binary please use "pip install psycopg2-binary" instead. For details see: <http://initd.org/psycopg/docs/install.html#binary-install-from-pypi>.
[2020-08-07 22:42:17,518] | {{base_task_runner.py:115}} | INFO | Job 17: Subtask clean_raw_csv   """)
[2020-08-07 22:42:19,841] | {{base_task_runner.py:115}} | INFO | Job 17: Subtask clean_raw_csv [2020-08-07 22:42:19,822] {{__init__.py:51}} INFO - Using executor LocalExecutor
[2020-08-07 22:42:25,459] | {{base_task_runner.py:115}} | INFO | Job 17: Subtask clean_raw_csv [2020-08-07 22:42:25,458] {{dagbag.py:90}} INFO - Filling up the DagBag from /usr/local/airflow/dags/store_DAG.py
[2020-08-07 22:42:26,088] | {{base_task_runner.py:115}} | INFO | Job 17: Subtask clean_raw_csv [2020-08-07 22:42:26,087] {{cli.py:516}} INFO - Running <TaskInstance: store_DAG.clean_raw_csv 2020-08-04T00:00:00+00:00 [running]> on host 5f4c3a456296
[2020-08-07 22:42:26,244] | {{python_operator.py:105}} | INFO | Exporting the following env vars:
AIRFLOW_CTX_DAG_ID=store_DAG
AIRFLOW_CTX_TASK_ID=clean_raw_csv
AIRFLOW_CTX_EXECUTION_DATE=2020-08-04T00:00:00+00:00
AIRFLOW_CTX_DAG_RUN_ID=scheduled__2020-08-04T00:00:00+00:00
[2020-08-07 22:42:34,665] | {{python_operator.py:114}} | INFO | Done. Returned value was: None
[2020-08-07 22:42:34,874] | {{logging_mixin.py:95}} | INFO | [[34m2020-08-07 22:42:34,874[0m] {{[34mlocal_task_job.py:[0m172}} WARNING[0m - State of this instance has been externally set to [1msuccess[0m. Taking the poison pill.[0m
[2020-08-07 22:42:34,883] | {{helpers.py:319}} | INFO | Sending Signals.SIGTERM to GPID 4272
[2020-08-07 22:42:35,034] | {{helpers.py:297}} | INFO | Process psutil.Process(pid=4272, status='terminated') (4272) terminated with exit code -15
[2020-08-07 22:42:35,035] | {{logging_mixin.py:95}} | INFO | [[34m2020-08-07 22:42:35,035[0m] {{[34mlocal_task_job.py:[0m105}} INFO[0m - Task exited with return code 0[0m
