[2020-07-30 22:01:21,906] {{taskinstance.py:616}} INFO - Dependencies all met for <TaskInstance: store_DAG.clean_raw_csv 2020-07-30T22:00:45.546208+00:00 [queued]>
[2020-07-30 22:01:22,361] {{taskinstance.py:616}} INFO - Dependencies all met for <TaskInstance: store_DAG.clean_raw_csv 2020-07-30T22:00:45.546208+00:00 [queued]>
[2020-07-30 22:01:22,369] {{taskinstance.py:834}} INFO - 
--------------------------------------------------------------------------------
[2020-07-30 22:01:22,373] {{taskinstance.py:835}} INFO - Starting attempt 1 of 2
[2020-07-30 22:01:22,375] {{taskinstance.py:836}} INFO - 
--------------------------------------------------------------------------------
[2020-07-30 22:01:22,542] {{taskinstance.py:855}} INFO - Executing <Task(PythonOperator): clean_raw_csv> on 2020-07-30T22:00:45.546208+00:00
[2020-07-30 22:01:22,545] {{base_task_runner.py:133}} INFO - Running: ['airflow', 'run', 'store_DAG', 'clean_raw_csv', '2020-07-30T22:00:45.546208+00:00', '--job_id', '17', '--pool', 'default_pool', '--raw', '-sd', 'DAGS_FOLDER/store_DAG.py', '--cfg_path', '/tmp/tmp18rp56oi']
[2020-07-30 22:01:34,142] {{base_task_runner.py:115}} INFO - Job 17: Subtask clean_raw_csv [2020-07-30 22:01:34,141] {{settings.py:213}} INFO - settings.configure_orm(): Using pool settings. pool_size=5, max_overflow=10, pool_recycle=1800, pid=7472
[2020-07-30 22:01:34,291] {{base_task_runner.py:115}} INFO - Job 17: Subtask clean_raw_csv /usr/local/lib/python3.7/site-packages/psycopg2/__init__.py:144: UserWarning: The psycopg2 wheel package will be renamed from release 2.8; in order to keep installing from binary please use "pip install psycopg2-binary" instead. For details see: <http://initd.org/psycopg/docs/install.html#binary-install-from-pypi>.
[2020-07-30 22:01:34,291] {{base_task_runner.py:115}} INFO - Job 17: Subtask clean_raw_csv   """)
[2020-07-30 22:01:34,773] {{base_task_runner.py:115}} INFO - Job 17: Subtask clean_raw_csv [2020-07-30 22:01:34,772] {{__init__.py:51}} INFO - Using executor LocalExecutor
[2020-07-30 22:01:37,944] {{base_task_runner.py:115}} INFO - Job 17: Subtask clean_raw_csv [2020-07-30 22:01:37,944] {{dagbag.py:90}} INFO - Filling up the DagBag from /usr/local/airflow/dags/store_DAG.py
[2020-07-30 22:01:38,174] {{base_task_runner.py:115}} INFO - Job 17: Subtask clean_raw_csv [2020-07-30 22:01:38,174] {{cli.py:516}} INFO - Running <TaskInstance: store_DAG.clean_raw_csv 2020-07-30T22:00:45.546208+00:00 [running]> on host 6097e8989e8b
[2020-07-30 22:01:38,281] {{python_operator.py:105}} INFO - Exporting the following env vars:
AIRFLOW_CTX_DAG_ID=store_DAG
AIRFLOW_CTX_TASK_ID=clean_raw_csv
AIRFLOW_CTX_EXECUTION_DATE=2020-07-30T22:00:45.546208+00:00
AIRFLOW_CTX_DAG_RUN_ID=manual__2020-07-30T22:00:45.546208+00:00
[2020-07-30 22:01:44,232] {{python_operator.py:114}} INFO - Done. Returned value was: None
[2020-07-30 22:01:46,537] {{logging_mixin.py:95}} INFO - [[34m2020-07-30 22:01:46,527[0m] {{[34mlocal_task_job.py:[0m105}} INFO[0m - Task exited with return code 0[0m
