time---> [2020-08-04 21:47:15,003] filename and line ---> {{taskinstance.py:616}} level ----> INFO message ----> Dependencies all met for <TaskInstance: store_DAG.clean_raw_csv 2020-08-04T21:47:06.275543+00:00 [queued]>
time---> [2020-08-04 21:47:15,012] filename and line ---> {{taskinstance.py:616}} level ----> INFO message ----> Dependencies all met for <TaskInstance: store_DAG.clean_raw_csv 2020-08-04T21:47:06.275543+00:00 [queued]>
time---> [2020-08-04 21:47:15,013] filename and line ---> {{taskinstance.py:834}} level ----> INFO message ----> 
--------------------------------------------------------------------------------
time---> [2020-08-04 21:47:15,013] filename and line ---> {{taskinstance.py:835}} level ----> INFO message ----> Starting attempt 1 of 2
time---> [2020-08-04 21:47:15,014] filename and line ---> {{taskinstance.py:836}} level ----> INFO message ----> 
--------------------------------------------------------------------------------
time---> [2020-08-04 21:47:15,041] filename and line ---> {{taskinstance.py:855}} level ----> INFO message ----> Executing <Task(PythonOperator): clean_raw_csv> on 2020-08-04T21:47:06.275543+00:00
time---> [2020-08-04 21:47:15,043] filename and line ---> {{base_task_runner.py:133}} level ----> INFO message ----> Running: ['airflow', 'run', 'store_DAG', 'clean_raw_csv', '2020-08-04T21:47:06.275543+00:00', '--job_id', '6', '--pool', 'default_pool', '--raw', '-sd', 'DAGS_FOLDER/store_DAG.py', '--cfg_path', '/tmp/tmpghx_oyko']
time---> [2020-08-04 21:47:17,703] filename and line ---> {{base_task_runner.py:115}} level ----> INFO message ----> Job 6: Subtask clean_raw_csv [2020-08-04 21:47:17,703] {{settings.py:213}} INFO - settings.configure_orm(): Using pool settings. pool_size=5, max_overflow=10, pool_recycle=1800, pid=1120
time---> [2020-08-04 21:47:17,752] filename and line ---> {{base_task_runner.py:115}} level ----> INFO message ----> Job 6: Subtask clean_raw_csv /usr/local/lib/python3.7/site-packages/psycopg2/__init__.py:144: UserWarning: The psycopg2 wheel package will be renamed from release 2.8; in order to keep installing from binary please use "pip install psycopg2-binary" instead. For details see: <http://initd.org/psycopg/docs/install.html#binary-install-from-pypi>.
time---> [2020-08-04 21:47:17,753] filename and line ---> {{base_task_runner.py:115}} level ----> INFO message ----> Job 6: Subtask clean_raw_csv   """)
time---> [2020-08-04 21:47:18,049] filename and line ---> {{base_task_runner.py:115}} level ----> INFO message ----> Job 6: Subtask clean_raw_csv [2020-08-04 21:47:18,049] {{__init__.py:51}} INFO - Using executor LocalExecutor
time---> [2020-08-04 21:47:18,905] filename and line ---> {{base_task_runner.py:115}} level ----> INFO message ----> Job 6: Subtask clean_raw_csv [2020-08-04 21:47:18,904] {{dagbag.py:90}} INFO - Filling up the DagBag from /usr/local/airflow/dags/store_DAG.py
time---> [2020-08-04 21:47:19,000] filename and line ---> {{base_task_runner.py:115}} level ----> INFO message ----> Job 6: Subtask clean_raw_csv [2020-08-04 21:47:19,000] {{cli.py:516}} INFO - Running <TaskInstance: store_DAG.clean_raw_csv 2020-08-04T21:47:06.275543+00:00 [running]> on host 9783af82c2b4
time---> [2020-08-04 21:47:19,079] filename and line ---> {{python_operator.py:105}} level ----> INFO message ----> Exporting the following env vars:
AIRFLOW_CTX_DAG_ID=store_DAG
AIRFLOW_CTX_TASK_ID=clean_raw_csv
AIRFLOW_CTX_EXECUTION_DATE=2020-08-04T21:47:06.275543+00:00
AIRFLOW_CTX_DAG_RUN_ID=manual__2020-08-04T21:47:06.275543+00:00
time---> [2020-08-04 21:47:21,579] filename and line ---> {{python_operator.py:114}} level ----> INFO message ----> Done. Returned value was: None
time---> [2020-08-04 21:47:24,969] filename and line ---> {{logging_mixin.py:95}} level ----> INFO message ----> [[34m2020-08-04 21:47:24,968[0m] {{[34mlocal_task_job.py:[0m105}} INFO[0m - Task exited with return code 0[0m
