[2020-07-30 22:01:46,915] {{taskinstance.py:616}} INFO - Dependencies all met for <TaskInstance: store_DAG.check_file_exists 2020-07-28T00:00:00+00:00 [queued]>
[2020-07-30 22:01:46,968] {{taskinstance.py:616}} INFO - Dependencies all met for <TaskInstance: store_DAG.check_file_exists 2020-07-28T00:00:00+00:00 [queued]>
[2020-07-30 22:01:46,968] {{taskinstance.py:834}} INFO - 
--------------------------------------------------------------------------------
[2020-07-30 22:01:46,971] {{taskinstance.py:835}} INFO - Starting attempt 1 of 3
[2020-07-30 22:01:46,971] {{taskinstance.py:836}} INFO - 
--------------------------------------------------------------------------------
[2020-07-30 22:01:47,065] {{taskinstance.py:855}} INFO - Executing <Task(BashOperator): check_file_exists> on 2020-07-28T00:00:00+00:00
[2020-07-30 22:01:47,070] {{base_task_runner.py:133}} INFO - Running: ['airflow', 'run', 'store_DAG', 'check_file_exists', '2020-07-28T00:00:00+00:00', '--job_id', '24', '--pool', 'default_pool', '--raw', '-sd', 'DAGS_FOLDER/store_DAG.py', '--cfg_path', '/tmp/tmp0eqa_li8']
[2020-07-30 22:01:52,051] {{base_task_runner.py:115}} INFO - Job 24: Subtask check_file_exists [2020-07-30 22:01:52,051] {{settings.py:213}} INFO - settings.configure_orm(): Using pool settings. pool_size=5, max_overflow=10, pool_recycle=1800, pid=7638
[2020-07-30 22:01:52,107] {{base_task_runner.py:115}} INFO - Job 24: Subtask check_file_exists /usr/local/lib/python3.7/site-packages/psycopg2/__init__.py:144: UserWarning: The psycopg2 wheel package will be renamed from release 2.8; in order to keep installing from binary please use "pip install psycopg2-binary" instead. For details see: <http://initd.org/psycopg/docs/install.html#binary-install-from-pypi>.
[2020-07-30 22:01:52,107] {{base_task_runner.py:115}} INFO - Job 24: Subtask check_file_exists   """)
[2020-07-30 22:01:52,763] {{base_task_runner.py:115}} INFO - Job 24: Subtask check_file_exists [2020-07-30 22:01:52,754] {{__init__.py:51}} INFO - Using executor LocalExecutor
[2020-07-30 22:01:55,532] {{base_task_runner.py:115}} INFO - Job 24: Subtask check_file_exists [2020-07-30 22:01:55,532] {{dagbag.py:90}} INFO - Filling up the DagBag from /usr/local/airflow/dags/store_DAG.py
[2020-07-30 22:01:55,824] {{base_task_runner.py:115}} INFO - Job 24: Subtask check_file_exists [2020-07-30 22:01:55,824] {{cli.py:516}} INFO - Running <TaskInstance: store_DAG.check_file_exists 2020-07-28T00:00:00+00:00 [running]> on host 6097e8989e8b
[2020-07-30 22:01:55,936] {{bash_operator.py:81}} INFO - Tmp dir root location: 
 /tmp
[2020-07-30 22:01:55,945] {{bash_operator.py:91}} INFO - Exporting the following env vars:
AIRFLOW_CTX_DAG_ID=store_DAG
AIRFLOW_CTX_TASK_ID=check_file_exists
AIRFLOW_CTX_EXECUTION_DATE=2020-07-28T00:00:00+00:00
AIRFLOW_CTX_DAG_RUN_ID=scheduled__2020-07-28T00:00:00+00:00
[2020-07-30 22:01:55,947] {{bash_operator.py:105}} INFO - Temporary script location: /tmp/airflowtmp_gwdaapa/check_file_existsxsexf9v5
[2020-07-30 22:01:55,949] {{bash_operator.py:115}} INFO - Running command: shasum ~/store_files_airflow/raw_store_transactions.csv
[2020-07-30 22:01:56,007] {{bash_operator.py:124}} INFO - Output:
[2020-07-30 22:01:56,210] {{bash_operator.py:128}} INFO - e9e298e9629d72f3255b4838ba07bd220150a146  /usr/local/airflow/store_files_airflow/raw_store_transactions.csv
[2020-07-30 22:01:56,211] {{bash_operator.py:132}} INFO - Command exited with return code 0
[2020-07-30 22:01:56,783] {{logging_mixin.py:95}} INFO - [[34m2020-07-30 22:01:56,782[0m] {{[34mlocal_task_job.py:[0m172}} WARNING[0m - State of this instance has been externally set to [1msuccess[0m. Taking the poison pill.[0m
[2020-07-30 22:01:56,797] {{helpers.py:319}} INFO - Sending Signals.SIGTERM to GPID 7638
[2020-07-30 22:01:56,904] {{helpers.py:297}} INFO - Process psutil.Process(pid=7638, status='terminated') (7638) terminated with exit code -15
[2020-07-30 22:01:56,905] {{logging_mixin.py:95}} INFO - [[34m2020-07-30 22:01:56,905[0m] {{[34mlocal_task_job.py:[0m105}} INFO[0m - Task exited with return code 0[0m
[2020-08-04 20:46:04,992] {{taskinstance.py:616}} time Dependencies all met for <TaskInstance: store_DAG.check_file_exists 2020-07-28T00:00:00+00:00 [queued]>
[2020-08-04 20:46:05,029] {{taskinstance.py:616}} time Dependencies all met for <TaskInstance: store_DAG.check_file_exists 2020-07-28T00:00:00+00:00 [queued]>
[2020-08-04 20:46:05,031] {{taskinstance.py:834}} time 
--------------------------------------------------------------------------------
[2020-08-04 20:46:05,033] {{taskinstance.py:835}} time Starting attempt 1 of 3
[2020-08-04 20:46:05,033] {{taskinstance.py:836}} time 
--------------------------------------------------------------------------------
[2020-08-04 20:46:05,131] {{taskinstance.py:855}} time Executing <Task(BashOperator): check_file_exists> on 2020-07-28T00:00:00+00:00
[2020-08-04 20:46:05,144] {{base_task_runner.py:133}} time Running: ['airflow', 'run', 'store_DAG', 'check_file_exists', '2020-07-28T00:00:00+00:00', '--job_id', '19', '--pool', 'default_pool', '--raw', '-sd', 'DAGS_FOLDER/store_DAG.py', '--cfg_path', '/tmp/tmplmqh358s']
[2020-08-04 20:46:11,907] {{base_task_runner.py:115}} time Job 19: Subtask check_file_exists [2020-08-04 20:46:11,906] {{settings.py:213}} INFO - settings.configure_orm(): Using pool settings. pool_size=5, max_overflow=10, pool_recycle=1800, pid=1553
[2020-08-04 20:46:11,979] {{base_task_runner.py:115}} time Job 19: Subtask check_file_exists /usr/local/lib/python3.7/site-packages/psycopg2/__init__.py:144: UserWarning: The psycopg2 wheel package will be renamed from release 2.8; in order to keep installing from binary please use "pip install psycopg2-binary" instead. For details see: <http://initd.org/psycopg/docs/install.html#binary-install-from-pypi>.
[2020-08-04 20:46:11,980] {{base_task_runner.py:115}} time Job 19: Subtask check_file_exists   """)
[2020-08-04 20:46:12,777] {{base_task_runner.py:115}} time Job 19: Subtask check_file_exists [2020-08-04 20:46:12,776] {{__init__.py:51}} INFO - Using executor LocalExecutor
[2020-08-04 20:46:16,228] {{base_task_runner.py:115}} time Job 19: Subtask check_file_exists [2020-08-04 20:46:16,228] {{dagbag.py:90}} INFO - Filling up the DagBag from /usr/local/airflow/dags/store_DAG.py
[2020-08-04 20:46:16,773] {{base_task_runner.py:115}} time Job 19: Subtask check_file_exists [2020-08-04 20:46:16,773] {{cli.py:516}} INFO - Running <TaskInstance: store_DAG.check_file_exists 2020-07-28T00:00:00+00:00 [running]> on host 46a88ec199b8
[2020-08-04 20:46:17,062] {{bash_operator.py:81}} time Tmp dir root location: 
 /tmp
[2020-08-04 20:46:17,066] {{bash_operator.py:91}} time Exporting the following env vars:
AIRFLOW_CTX_DAG_ID=store_DAG
AIRFLOW_CTX_TASK_ID=check_file_exists
AIRFLOW_CTX_EXECUTION_DATE=2020-07-28T00:00:00+00:00
AIRFLOW_CTX_DAG_RUN_ID=scheduled__2020-07-28T00:00:00+00:00
[2020-08-04 20:46:17,076] {{bash_operator.py:105}} time Temporary script location: /tmp/airflowtmpknlyx1_a/check_file_exists11dyfu52
[2020-08-04 20:46:17,078] {{bash_operator.py:115}} time Running command: shasum ~/store_files_airflow/raw_store_transactions.csv
[2020-08-04 20:46:17,190] {{bash_operator.py:124}} time Output:
[2020-08-04 20:46:17,870] {{bash_operator.py:128}} time e9e298e9629d72f3255b4838ba07bd220150a146  /usr/local/airflow/store_files_airflow/raw_store_transactions.csv
[2020-08-04 20:46:17,874] {{bash_operator.py:132}} time Command exited with return code 0
[2020-08-04 20:46:20,030] {{logging_mixin.py:95}} time [[34m2020-08-04 20:46:20,009[0m] {{[34mlocal_task_job.py:[0m172}} WARNING[0m - State of this instance has been externally set to [1msuccess[0m. Taking the poison pill.[0m
[2020-08-04 20:46:20,062] {{helpers.py:319}} time Sending Signals.SIGTERM to GPID 1553
[2020-08-04 20:46:20,388] {{helpers.py:297}} time Process psutil.Process(pid=1553, status='terminated') (1553) terminated with exit code -15
[2020-08-04 20:46:20,390] {{logging_mixin.py:95}} time [[34m2020-08-04 20:46:20,389[0m] {{[34mlocal_task_job.py:[0m105}} INFO[0m - Task exited with return code 0[0m
Dependencies all met for <TaskInstance: store_DAG.check_file_exists 2020-07-28T00:00:00+00:00 [queued]>
Dependencies all met for <TaskInstance: store_DAG.check_file_exists 2020-07-28T00:00:00+00:00 [queued]>

--------------------------------------------------------------------------------
Starting attempt 1 of 3

--------------------------------------------------------------------------------
Executing <Task(BashOperator): check_file_exists> on 2020-07-28T00:00:00+00:00
Running: ['airflow', 'run', 'store_DAG', 'check_file_exists', '2020-07-28T00:00:00+00:00', '--job_id', '15', '--pool', 'default_pool', '--raw', '-sd', 'DAGS_FOLDER/store_DAG.py', '--cfg_path', '/tmp/tmppxn41hxr']
Job 15: Subtask check_file_exists [2020-08-04 20:52:09,896] {{settings.py:213}} INFO - settings.configure_orm(): Using pool settings. pool_size=5, max_overflow=10, pool_recycle=1800, pid=1367
Job 15: Subtask check_file_exists /usr/local/lib/python3.7/site-packages/psycopg2/__init__.py:144: UserWarning: The psycopg2 wheel package will be renamed from release 2.8; in order to keep installing from binary please use "pip install psycopg2-binary" instead. For details see: <http://initd.org/psycopg/docs/install.html#binary-install-from-pypi>.
Job 15: Subtask check_file_exists   """)
Job 15: Subtask check_file_exists [2020-08-04 20:52:11,036] {{__init__.py:51}} INFO - Using executor LocalExecutor
Job 15: Subtask check_file_exists [2020-08-04 20:52:15,040] {{dagbag.py:90}} INFO - Filling up the DagBag from /usr/local/airflow/dags/store_DAG.py
Job 15: Subtask check_file_exists [2020-08-04 20:52:15,375] {{cli.py:516}} INFO - Running <TaskInstance: store_DAG.check_file_exists 2020-07-28T00:00:00+00:00 [running]> on host 6a822f9627d0
Tmp dir root location: 
 /tmp
Exporting the following env vars:
AIRFLOW_CTX_DAG_ID=store_DAG
AIRFLOW_CTX_TASK_ID=check_file_exists
AIRFLOW_CTX_EXECUTION_DATE=2020-07-28T00:00:00+00:00
AIRFLOW_CTX_DAG_RUN_ID=scheduled__2020-07-28T00:00:00+00:00
Temporary script location: /tmp/airflowtmp_5g2ehw7/check_file_existsuxs522ta
Running command: shasum ~/store_files_airflow/raw_store_transactions.csv
Output:
e9e298e9629d72f3255b4838ba07bd220150a146  /usr/local/airflow/store_files_airflow/raw_store_transactions.csv
Command exited with return code 0
[[34m2020-08-04 20:52:19,857[0m] {{[34mlocal_task_job.py:[0m105}} INFO[0m - Task exited with return code 0[0m
message ----> Dependencies all met for <TaskInstance: store_DAG.check_file_exists 2020-07-28T00:00:00+00:00 [queued]>
message ----> Dependencies all met for <TaskInstance: store_DAG.check_file_exists 2020-07-28T00:00:00+00:00 [queued]>
message ----> 
--------------------------------------------------------------------------------
message ----> Starting attempt 1 of 3
message ----> 
--------------------------------------------------------------------------------
message ----> Executing <Task(BashOperator): check_file_exists> on 2020-07-28T00:00:00+00:00
message ----> Running: ['airflow', 'run', 'store_DAG', 'check_file_exists', '2020-07-28T00:00:00+00:00', '--job_id', '14', '--pool', 'default_pool', '--raw', '-sd', 'DAGS_FOLDER/store_DAG.py', '--cfg_path', '/tmp/tmp_s5ize11']
message ----> Job 14: Subtask check_file_exists [2020-08-04 21:10:05,851] {{settings.py:213}} INFO - settings.configure_orm(): Using pool settings. pool_size=5, max_overflow=10, pool_recycle=1800, pid=1816
message ----> Job 14: Subtask check_file_exists /usr/local/lib/python3.7/site-packages/psycopg2/__init__.py:144: UserWarning: The psycopg2 wheel package will be renamed from release 2.8; in order to keep installing from binary please use "pip install psycopg2-binary" instead. For details see: <http://initd.org/psycopg/docs/install.html#binary-install-from-pypi>.
message ----> Job 14: Subtask check_file_exists   """)
message ----> Job 14: Subtask check_file_exists [2020-08-04 21:10:07,975] {{__init__.py:51}} INFO - Using executor LocalExecutor
message ----> Job 14: Subtask check_file_exists [2020-08-04 21:10:13,233] {{dagbag.py:90}} INFO - Filling up the DagBag from /usr/local/airflow/dags/store_DAG.py
message ----> Job 14: Subtask check_file_exists [2020-08-04 21:10:13,572] {{cli.py:516}} INFO - Running <TaskInstance: store_DAG.check_file_exists 2020-07-28T00:00:00+00:00 [running]> on host 0885e5a330eb
message ----> Tmp dir root location: 
 /tmp
message ----> Exporting the following env vars:
AIRFLOW_CTX_DAG_ID=store_DAG
AIRFLOW_CTX_TASK_ID=check_file_exists
AIRFLOW_CTX_EXECUTION_DATE=2020-07-28T00:00:00+00:00
AIRFLOW_CTX_DAG_RUN_ID=scheduled__2020-07-28T00:00:00+00:00
message ----> Temporary script location: /tmp/airflowtmpa7jwcw_6/check_file_existsnz47hnun
message ----> Running command: shasum ~/store_files_airflow/raw_store_transactions.csv
message ----> Output:
message ----> e9e298e9629d72f3255b4838ba07bd220150a146  /usr/local/airflow/store_files_airflow/raw_store_transactions.csv
message ----> Command exited with return code 0
message ----> [[34m2020-08-04 21:10:18,748[0m] {{[34mlocal_task_job.py:[0m105}} INFO[0m - Task exited with return code 0[0m
