[2020-08-04 20:45:10,267] {{taskinstance.py:616}} time Dependencies all met for <TaskInstance: store_DAG.check_file_exists 2020-08-04T20:44:56.089578+00:00 [queued]>
[2020-08-04 20:45:10,330] {{taskinstance.py:616}} time Dependencies all met for <TaskInstance: store_DAG.check_file_exists 2020-08-04T20:44:56.089578+00:00 [queued]>
[2020-08-04 20:45:10,331] {{taskinstance.py:834}} time 
--------------------------------------------------------------------------------
[2020-08-04 20:45:10,332] {{taskinstance.py:835}} time Starting attempt 1 of 3
[2020-08-04 20:45:10,333] {{taskinstance.py:836}} time 
--------------------------------------------------------------------------------
[2020-08-04 20:45:10,438] {{taskinstance.py:855}} time Executing <Task(BashOperator): check_file_exists> on 2020-08-04T20:44:56.089578+00:00
[2020-08-04 20:45:10,444] {{base_task_runner.py:133}} time Running: ['airflow', 'run', 'store_DAG', 'check_file_exists', '2020-08-04T20:44:56.089578+00:00', '--job_id', '7', '--pool', 'default_pool', '--raw', '-sd', 'DAGS_FOLDER/store_DAG.py', '--cfg_path', '/tmp/tmpepba3ap9']
[2020-08-04 20:45:13,912] {{base_task_runner.py:115}} time Job 7: Subtask check_file_exists [2020-08-04 20:45:13,909] {{settings.py:213}} INFO - settings.configure_orm(): Using pool settings. pool_size=5, max_overflow=10, pool_recycle=1800, pid=1145
[2020-08-04 20:45:14,021] {{base_task_runner.py:115}} time Job 7: Subtask check_file_exists /usr/local/lib/python3.7/site-packages/psycopg2/__init__.py:144: UserWarning: The psycopg2 wheel package will be renamed from release 2.8; in order to keep installing from binary please use "pip install psycopg2-binary" instead. For details see: <http://initd.org/psycopg/docs/install.html#binary-install-from-pypi>.
[2020-08-04 20:45:14,021] {{base_task_runner.py:115}} time Job 7: Subtask check_file_exists   """)
[2020-08-04 20:45:14,779] {{base_task_runner.py:115}} time Job 7: Subtask check_file_exists [2020-08-04 20:45:14,778] {{__init__.py:51}} INFO - Using executor LocalExecutor
[2020-08-04 20:45:16,166] {{base_task_runner.py:115}} time Job 7: Subtask check_file_exists [2020-08-04 20:45:16,165] {{dagbag.py:90}} INFO - Filling up the DagBag from /usr/local/airflow/dags/store_DAG.py
[2020-08-04 20:45:16,332] {{base_task_runner.py:115}} time Job 7: Subtask check_file_exists [2020-08-04 20:45:16,331] {{cli.py:516}} INFO - Running <TaskInstance: store_DAG.check_file_exists 2020-08-04T20:44:56.089578+00:00 [running]> on host 46a88ec199b8
[2020-08-04 20:45:16,410] {{bash_operator.py:81}} time Tmp dir root location: 
 /tmp
[2020-08-04 20:45:16,413] {{bash_operator.py:91}} time Exporting the following env vars:
AIRFLOW_CTX_DAG_ID=store_DAG
AIRFLOW_CTX_TASK_ID=check_file_exists
AIRFLOW_CTX_EXECUTION_DATE=2020-08-04T20:44:56.089578+00:00
AIRFLOW_CTX_DAG_RUN_ID=manual__2020-08-04T20:44:56.089578+00:00
[2020-08-04 20:45:16,414] {{bash_operator.py:105}} time Temporary script location: /tmp/airflowtmpqsmeub4p/check_file_existssua5y3wf
[2020-08-04 20:45:16,415] {{bash_operator.py:115}} time Running command: shasum ~/store_files_airflow/raw_store_transactions.csv
[2020-08-04 20:45:16,458] {{bash_operator.py:124}} time Output:
[2020-08-04 20:45:16,687] {{bash_operator.py:128}} time e9e298e9629d72f3255b4838ba07bd220150a146  /usr/local/airflow/store_files_airflow/raw_store_transactions.csv
[2020-08-04 20:45:16,690] {{bash_operator.py:132}} time Command exited with return code 0
[2020-08-04 20:45:20,221] {{logging_mixin.py:95}} time [[34m2020-08-04 20:45:20,221[0m] {{[34mlocal_task_job.py:[0m105}} INFO[0m - Task exited with return code 0[0m
