[2020-07-30 22:02:28,146] {{taskinstance.py:616}} INFO - Dependencies all met for <TaskInstance: store_DAG.clean_raw_csv 2020-07-29T00:00:00+00:00 [queued]>
[2020-07-30 22:02:28,187] {{taskinstance.py:616}} INFO - Dependencies all met for <TaskInstance: store_DAG.clean_raw_csv 2020-07-29T00:00:00+00:00 [queued]>
[2020-07-30 22:02:28,191] {{taskinstance.py:834}} INFO - 
--------------------------------------------------------------------------------
[2020-07-30 22:02:28,192] {{taskinstance.py:835}} INFO - Starting attempt 1 of 2
[2020-07-30 22:02:28,192] {{taskinstance.py:836}} INFO - 
--------------------------------------------------------------------------------
[2020-07-30 22:02:28,247] {{taskinstance.py:855}} INFO - Executing <Task(PythonOperator): clean_raw_csv> on 2020-07-29T00:00:00+00:00
[2020-07-30 22:02:28,249] {{base_task_runner.py:133}} INFO - Running: ['airflow', 'run', 'store_DAG', 'clean_raw_csv', '2020-07-29T00:00:00+00:00', '--job_id', '34', '--pool', 'default_pool', '--raw', '-sd', 'DAGS_FOLDER/store_DAG.py', '--cfg_path', '/tmp/tmpxh1xl41g']
[2020-07-30 22:02:33,036] {{base_task_runner.py:115}} INFO - Job 34: Subtask clean_raw_csv [2020-07-30 22:02:33,035] {{settings.py:213}} INFO - settings.configure_orm(): Using pool settings. pool_size=5, max_overflow=10, pool_recycle=1800, pid=7903
[2020-07-30 22:02:33,080] {{base_task_runner.py:115}} INFO - Job 34: Subtask clean_raw_csv /usr/local/lib/python3.7/site-packages/psycopg2/__init__.py:144: UserWarning: The psycopg2 wheel package will be renamed from release 2.8; in order to keep installing from binary please use "pip install psycopg2-binary" instead. For details see: <http://initd.org/psycopg/docs/install.html#binary-install-from-pypi>.
[2020-07-30 22:02:33,081] {{base_task_runner.py:115}} INFO - Job 34: Subtask clean_raw_csv   """)
[2020-07-30 22:02:33,463] {{base_task_runner.py:115}} INFO - Job 34: Subtask clean_raw_csv [2020-07-30 22:02:33,455] {{__init__.py:51}} INFO - Using executor LocalExecutor
[2020-07-30 22:02:36,722] {{base_task_runner.py:115}} INFO - Job 34: Subtask clean_raw_csv [2020-07-30 22:02:36,722] {{dagbag.py:90}} INFO - Filling up the DagBag from /usr/local/airflow/dags/store_DAG.py
[2020-07-30 22:02:37,008] {{base_task_runner.py:115}} INFO - Job 34: Subtask clean_raw_csv [2020-07-30 22:02:37,008] {{cli.py:516}} INFO - Running <TaskInstance: store_DAG.clean_raw_csv 2020-07-29T00:00:00+00:00 [running]> on host 6097e8989e8b
[2020-07-30 22:02:37,107] {{python_operator.py:105}} INFO - Exporting the following env vars:
AIRFLOW_CTX_DAG_ID=store_DAG
AIRFLOW_CTX_TASK_ID=clean_raw_csv
AIRFLOW_CTX_EXECUTION_DATE=2020-07-29T00:00:00+00:00
AIRFLOW_CTX_DAG_RUN_ID=scheduled__2020-07-29T00:00:00+00:00
[2020-07-30 22:02:43,195] {{python_operator.py:114}} INFO - Done. Returned value was: None
[2020-07-30 22:02:48,044] {{logging_mixin.py:95}} INFO - [[34m2020-07-30 22:02:48,043[0m] {{[34mlocal_task_job.py:[0m105}} INFO[0m - Task exited with return code 0[0m
Dependencies all met for <TaskInstance: store_DAG.clean_raw_csv 2020-07-29T00:00:00+00:00 [queued]>
Dependencies all met for <TaskInstance: store_DAG.clean_raw_csv 2020-07-29T00:00:00+00:00 [queued]>

--------------------------------------------------------------------------------
Starting attempt 1 of 2

--------------------------------------------------------------------------------
Executing <Task(PythonOperator): clean_raw_csv> on 2020-07-29T00:00:00+00:00
Running: ['airflow', 'run', 'store_DAG', 'clean_raw_csv', '2020-07-29T00:00:00+00:00', '--job_id', '29', '--pool', 'default_pool', '--raw', '-sd', 'DAGS_FOLDER/store_DAG.py', '--cfg_path', '/tmp/tmpjn4jqzpx']
Job 29: Subtask clean_raw_csv [2020-08-04 20:53:38,087] {{settings.py:213}} INFO - settings.configure_orm(): Using pool settings. pool_size=5, max_overflow=10, pool_recycle=1800, pid=1729
Job 29: Subtask clean_raw_csv /usr/local/lib/python3.7/site-packages/psycopg2/__init__.py:144: UserWarning: The psycopg2 wheel package will be renamed from release 2.8; in order to keep installing from binary please use "pip install psycopg2-binary" instead. For details see: <http://initd.org/psycopg/docs/install.html#binary-install-from-pypi>.
Job 29: Subtask clean_raw_csv   """)
Job 29: Subtask clean_raw_csv [2020-08-04 20:53:40,302] {{__init__.py:51}} INFO - Using executor LocalExecutor
Job 29: Subtask clean_raw_csv [2020-08-04 20:53:48,394] {{dagbag.py:90}} INFO - Filling up the DagBag from /usr/local/airflow/dags/store_DAG.py
Job 29: Subtask clean_raw_csv [2020-08-04 20:53:49,563] {{cli.py:516}} INFO - Running <TaskInstance: store_DAG.clean_raw_csv 2020-07-29T00:00:00+00:00 [running]> on host 6a822f9627d0
Exporting the following env vars:
AIRFLOW_CTX_DAG_ID=store_DAG
AIRFLOW_CTX_TASK_ID=clean_raw_csv
AIRFLOW_CTX_EXECUTION_DATE=2020-07-29T00:00:00+00:00
AIRFLOW_CTX_DAG_RUN_ID=scheduled__2020-07-29T00:00:00+00:00
Done. Returned value was: None
[[34m2020-08-04 20:54:19,672[0m] {{[34mlocal_task_job.py:[0m172}} WARNING[0m - State of this instance has been externally set to [1msuccess[0m. Taking the poison pill.[0m
Sending Signals.SIGTERM to GPID 1729
Process psutil.Process(pid=1729, status='terminated') (1729) terminated with exit code -15
[[34m2020-08-04 20:54:20,243[0m] {{[34mlocal_task_job.py:[0m105}} INFO[0m - Task exited with return code 0[0m
message ----> Dependencies all met for <TaskInstance: store_DAG.clean_raw_csv 2020-07-29T00:00:00+00:00 [queued]>
message ----> Dependencies all met for <TaskInstance: store_DAG.clean_raw_csv 2020-07-29T00:00:00+00:00 [queued]>
message ----> 
--------------------------------------------------------------------------------
message ----> Starting attempt 1 of 2
message ----> 
--------------------------------------------------------------------------------
message ----> Executing <Task(PythonOperator): clean_raw_csv> on 2020-07-29T00:00:00+00:00
message ----> Running: ['airflow', 'run', 'store_DAG', 'clean_raw_csv', '2020-07-29T00:00:00+00:00', '--job_id', '26', '--pool', 'default_pool', '--raw', '-sd', 'DAGS_FOLDER/store_DAG.py', '--cfg_path', '/tmp/tmp_0w_73b4']
message ----> Job 26: Subtask clean_raw_csv [2020-08-04 21:11:21,605] {{settings.py:213}} INFO - settings.configure_orm(): Using pool settings. pool_size=5, max_overflow=10, pool_recycle=1800, pid=2195
message ----> Job 26: Subtask clean_raw_csv /usr/local/lib/python3.7/site-packages/psycopg2/__init__.py:144: UserWarning: The psycopg2 wheel package will be renamed from release 2.8; in order to keep installing from binary please use "pip install psycopg2-binary" instead. For details see: <http://initd.org/psycopg/docs/install.html#binary-install-from-pypi>.
message ----> Job 26: Subtask clean_raw_csv   """)
message ----> Job 26: Subtask clean_raw_csv [2020-08-04 21:11:23,109] {{__init__.py:51}} INFO - Using executor LocalExecutor
message ----> Job 26: Subtask clean_raw_csv [2020-08-04 21:11:25,065] {{dagbag.py:90}} INFO - Filling up the DagBag from /usr/local/airflow/dags/store_DAG.py
message ----> Job 26: Subtask clean_raw_csv [2020-08-04 21:11:25,280] {{cli.py:516}} INFO - Running <TaskInstance: store_DAG.clean_raw_csv 2020-07-29T00:00:00+00:00 [running]> on host 0885e5a330eb
message ----> Exporting the following env vars:
AIRFLOW_CTX_DAG_ID=store_DAG
AIRFLOW_CTX_TASK_ID=clean_raw_csv
AIRFLOW_CTX_EXECUTION_DATE=2020-07-29T00:00:00+00:00
AIRFLOW_CTX_DAG_RUN_ID=scheduled__2020-07-29T00:00:00+00:00
message ----> Done. Returned value was: None
message ----> [[34m2020-08-04 21:11:32,743[0m] {{[34mlocal_task_job.py:[0m172}} WARNING[0m - State of this instance has been externally set to [1msuccess[0m. Taking the poison pill.[0m
message ----> Sending Signals.SIGTERM to GPID 2195
message ----> Process psutil.Process(pid=2195, status='terminated') (2195) terminated with exit code -15
message ----> [[34m2020-08-04 21:11:32,874[0m] {{[34mlocal_task_job.py:[0m105}} INFO[0m - Task exited with return code 0[0m
