time---> [2020-08-04 21:22:40,392] filename and line ---> {{taskinstance.py:616}} INFO message ----> Dependencies all met for <TaskInstance: store_DAG.check_file_exists 2020-08-04T21:22:31.721187+00:00 [queued]>
time---> [2020-08-04 21:22:40,417] filename and line ---> {{taskinstance.py:616}} INFO message ----> Dependencies all met for <TaskInstance: store_DAG.check_file_exists 2020-08-04T21:22:31.721187+00:00 [queued]>
time---> [2020-08-04 21:22:40,417] filename and line ---> {{taskinstance.py:834}} INFO message ----> 
--------------------------------------------------------------------------------
time---> [2020-08-04 21:22:40,418] filename and line ---> {{taskinstance.py:835}} INFO message ----> Starting attempt 1 of 3
time---> [2020-08-04 21:22:40,418] filename and line ---> {{taskinstance.py:836}} INFO message ----> 
--------------------------------------------------------------------------------
time---> [2020-08-04 21:22:40,456] filename and line ---> {{taskinstance.py:855}} INFO message ----> Executing <Task(BashOperator): check_file_exists> on 2020-08-04T21:22:31.721187+00:00
time---> [2020-08-04 21:22:40,458] filename and line ---> {{base_task_runner.py:133}} INFO message ----> Running: ['airflow', 'run', 'store_DAG', 'check_file_exists', '2020-08-04T21:22:31.721187+00:00', '--job_id', '7', '--pool', 'default_pool', '--raw', '-sd', 'DAGS_FOLDER/store_DAG.py', '--cfg_path', '/tmp/tmpr3wt1_1d']
time---> [2020-08-04 21:22:42,086] filename and line ---> {{base_task_runner.py:115}} INFO message ----> Job 7: Subtask check_file_exists [2020-08-04 21:22:42,086] {{settings.py:213}} INFO - settings.configure_orm(): Using pool settings. pool_size=5, max_overflow=10, pool_recycle=1800, pid=1708
time---> [2020-08-04 21:22:42,107] filename and line ---> {{base_task_runner.py:115}} INFO message ----> Job 7: Subtask check_file_exists /usr/local/lib/python3.7/site-packages/psycopg2/__init__.py:144: UserWarning: The psycopg2 wheel package will be renamed from release 2.8; in order to keep installing from binary please use "pip install psycopg2-binary" instead. For details see: <http://initd.org/psycopg/docs/install.html#binary-install-from-pypi>.
time---> [2020-08-04 21:22:42,108] filename and line ---> {{base_task_runner.py:115}} INFO message ----> Job 7: Subtask check_file_exists   """)
time---> [2020-08-04 21:22:42,560] filename and line ---> {{base_task_runner.py:115}} INFO message ----> Job 7: Subtask check_file_exists [2020-08-04 21:22:42,559] {{__init__.py:51}} INFO - Using executor LocalExecutor
time---> [2020-08-04 21:22:44,744] filename and line ---> {{base_task_runner.py:115}} INFO message ----> Job 7: Subtask check_file_exists [2020-08-04 21:22:44,742] {{dagbag.py:90}} INFO - Filling up the DagBag from /usr/local/airflow/dags/store_DAG.py
time---> [2020-08-04 21:22:45,000] filename and line ---> {{base_task_runner.py:115}} INFO message ----> Job 7: Subtask check_file_exists [2020-08-04 21:22:44,997] {{cli.py:516}} INFO - Running <TaskInstance: store_DAG.check_file_exists 2020-08-04T21:22:31.721187+00:00 [running]> on host efcc5644348e
time---> [2020-08-04 21:22:45,103] filename and line ---> {{bash_operator.py:81}} INFO message ----> Tmp dir root location: 
 /tmp
time---> [2020-08-04 21:22:45,104] filename and line ---> {{bash_operator.py:91}} INFO message ----> Exporting the following env vars:
AIRFLOW_CTX_DAG_ID=store_DAG
AIRFLOW_CTX_TASK_ID=check_file_exists
AIRFLOW_CTX_EXECUTION_DATE=2020-08-04T21:22:31.721187+00:00
AIRFLOW_CTX_DAG_RUN_ID=manual__2020-08-04T21:22:31.721187+00:00
time---> [2020-08-04 21:22:45,109] filename and line ---> {{bash_operator.py:105}} INFO message ----> Temporary script location: /tmp/airflowtmp0p7h7mds/check_file_existst1ueg5j8
time---> [2020-08-04 21:22:45,109] filename and line ---> {{bash_operator.py:115}} INFO message ----> Running command: shasum ~/store_files_airflow/raw_store_transactions.csv
time---> [2020-08-04 21:22:45,127] filename and line ---> {{bash_operator.py:124}} INFO message ----> Output:
time---> [2020-08-04 21:22:45,583] filename and line ---> {{bash_operator.py:128}} INFO message ----> e9e298e9629d72f3255b4838ba07bd220150a146  /usr/local/airflow/store_files_airflow/raw_store_transactions.csv
time---> [2020-08-04 21:22:45,592] filename and line ---> {{bash_operator.py:132}} INFO message ----> Command exited with return code 0
time---> [2020-08-04 21:22:50,419] filename and line ---> {{logging_mixin.py:95}} INFO message ----> [[34m2020-08-04 21:22:50,417[0m] {{[34mlocal_task_job.py:[0m105}} INFO[0m - Task exited with return code 0[0m
