[2020-07-30 22:01:39,753] {{taskinstance.py:616}} INFO - Dependencies all met for <TaskInstance: store_DAG.check_file_exists 2020-07-27T00:00:00+00:00 [queued]>
[2020-07-30 22:01:39,822] {{taskinstance.py:616}} INFO - Dependencies all met for <TaskInstance: store_DAG.check_file_exists 2020-07-27T00:00:00+00:00 [queued]>
[2020-07-30 22:01:39,823] {{taskinstance.py:834}} INFO - 
--------------------------------------------------------------------------------
[2020-07-30 22:01:39,825] {{taskinstance.py:835}} INFO - Starting attempt 1 of 3
[2020-07-30 22:01:39,827] {{taskinstance.py:836}} INFO - 
--------------------------------------------------------------------------------
[2020-07-30 22:01:39,941] {{taskinstance.py:855}} INFO - Executing <Task(BashOperator): check_file_exists> on 2020-07-27T00:00:00+00:00
[2020-07-30 22:01:39,942] {{base_task_runner.py:133}} INFO - Running: ['airflow', 'run', 'store_DAG', 'check_file_exists', '2020-07-27T00:00:00+00:00', '--job_id', '22', '--pool', 'default_pool', '--raw', '-sd', 'DAGS_FOLDER/store_DAG.py', '--cfg_path', '/tmp/tmpq72myuxy']
[2020-07-30 22:01:45,427] {{base_task_runner.py:115}} INFO - Job 22: Subtask check_file_exists [2020-07-30 22:01:45,426] {{settings.py:213}} INFO - settings.configure_orm(): Using pool settings. pool_size=5, max_overflow=10, pool_recycle=1800, pid=7587
[2020-07-30 22:01:45,548] {{base_task_runner.py:115}} INFO - Job 22: Subtask check_file_exists /usr/local/lib/python3.7/site-packages/psycopg2/__init__.py:144: UserWarning: The psycopg2 wheel package will be renamed from release 2.8; in order to keep installing from binary please use "pip install psycopg2-binary" instead. For details see: <http://initd.org/psycopg/docs/install.html#binary-install-from-pypi>.
[2020-07-30 22:01:45,549] {{base_task_runner.py:115}} INFO - Job 22: Subtask check_file_exists   """)
[2020-07-30 22:01:46,222] {{base_task_runner.py:115}} INFO - Job 22: Subtask check_file_exists [2020-07-30 22:01:46,213] {{__init__.py:51}} INFO - Using executor LocalExecutor
[2020-07-30 22:01:48,772] {{base_task_runner.py:115}} INFO - Job 22: Subtask check_file_exists [2020-07-30 22:01:48,767] {{dagbag.py:90}} INFO - Filling up the DagBag from /usr/local/airflow/dags/store_DAG.py
[2020-07-30 22:01:48,960] {{base_task_runner.py:115}} INFO - Job 22: Subtask check_file_exists [2020-07-30 22:01:48,959] {{cli.py:516}} INFO - Running <TaskInstance: store_DAG.check_file_exists 2020-07-27T00:00:00+00:00 [running]> on host 6097e8989e8b
[2020-07-30 22:01:49,043] {{bash_operator.py:81}} INFO - Tmp dir root location: 
 /tmp
[2020-07-30 22:01:49,044] {{bash_operator.py:91}} INFO - Exporting the following env vars:
AIRFLOW_CTX_DAG_ID=store_DAG
AIRFLOW_CTX_TASK_ID=check_file_exists
AIRFLOW_CTX_EXECUTION_DATE=2020-07-27T00:00:00+00:00
AIRFLOW_CTX_DAG_RUN_ID=scheduled__2020-07-27T00:00:00+00:00
[2020-07-30 22:01:49,045] {{bash_operator.py:105}} INFO - Temporary script location: /tmp/airflowtmpbzijg904/check_file_existsd1a7ypq0
[2020-07-30 22:01:49,052] {{bash_operator.py:115}} INFO - Running command: shasum ~/store_files_airflow/raw_store_transactions.csv
[2020-07-30 22:01:49,086] {{bash_operator.py:124}} INFO - Output:
[2020-07-30 22:01:49,283] {{bash_operator.py:128}} INFO - e9e298e9629d72f3255b4838ba07bd220150a146  /usr/local/airflow/store_files_airflow/raw_store_transactions.csv
[2020-07-30 22:01:49,284] {{bash_operator.py:132}} INFO - Command exited with return code 0
[2020-07-30 22:01:49,539] {{logging_mixin.py:95}} INFO - [[34m2020-07-30 22:01:49,539[0m] {{[34mlocal_task_job.py:[0m172}} WARNING[0m - State of this instance has been externally set to [1msuccess[0m. Taking the poison pill.[0m
[2020-07-30 22:01:49,553] {{helpers.py:319}} INFO - Sending Signals.SIGTERM to GPID 7587
[2020-07-30 22:01:49,622] {{helpers.py:297}} INFO - Process psutil.Process(pid=7587, status='terminated') (7587) terminated with exit code -15
[2020-07-30 22:01:49,624] {{logging_mixin.py:95}} INFO - [[34m2020-07-30 22:01:49,623[0m] {{[34mlocal_task_job.py:[0m105}} INFO[0m - Task exited with return code 0[0m
[2020-08-04 20:45:53,351] {{taskinstance.py:616}} time Dependencies all met for <TaskInstance: store_DAG.check_file_exists 2020-07-27T00:00:00+00:00 [queued]>
[2020-08-04 20:45:53,385] {{taskinstance.py:616}} time Dependencies all met for <TaskInstance: store_DAG.check_file_exists 2020-07-27T00:00:00+00:00 [queued]>
[2020-08-04 20:45:53,386] {{taskinstance.py:834}} time 
--------------------------------------------------------------------------------
[2020-08-04 20:45:53,387] {{taskinstance.py:835}} time Starting attempt 1 of 3
[2020-08-04 20:45:53,387] {{taskinstance.py:836}} time 
--------------------------------------------------------------------------------
[2020-08-04 20:45:53,420] {{taskinstance.py:855}} time Executing <Task(BashOperator): check_file_exists> on 2020-07-27T00:00:00+00:00
[2020-08-04 20:45:53,421] {{base_task_runner.py:133}} time Running: ['airflow', 'run', 'store_DAG', 'check_file_exists', '2020-07-27T00:00:00+00:00', '--job_id', '16', '--pool', 'default_pool', '--raw', '-sd', 'DAGS_FOLDER/store_DAG.py', '--cfg_path', '/tmp/tmp0pky7p76']
[2020-08-04 20:45:59,917] {{base_task_runner.py:115}} time Job 16: Subtask check_file_exists [2020-08-04 20:45:59,916] {{settings.py:213}} INFO - settings.configure_orm(): Using pool settings. pool_size=5, max_overflow=10, pool_recycle=1800, pid=1462
[2020-08-04 20:46:00,032] {{base_task_runner.py:115}} time Job 16: Subtask check_file_exists /usr/local/lib/python3.7/site-packages/psycopg2/__init__.py:144: UserWarning: The psycopg2 wheel package will be renamed from release 2.8; in order to keep installing from binary please use "pip install psycopg2-binary" instead. For details see: <http://initd.org/psycopg/docs/install.html#binary-install-from-pypi>.
[2020-08-04 20:46:00,034] {{base_task_runner.py:115}} time Job 16: Subtask check_file_exists   """)
[2020-08-04 20:46:01,268] {{base_task_runner.py:115}} time Job 16: Subtask check_file_exists [2020-08-04 20:46:01,267] {{__init__.py:51}} INFO - Using executor LocalExecutor
[2020-08-04 20:46:03,585] {{base_task_runner.py:115}} time Job 16: Subtask check_file_exists [2020-08-04 20:46:03,583] {{dagbag.py:90}} INFO - Filling up the DagBag from /usr/local/airflow/dags/store_DAG.py
[2020-08-04 20:46:03,905] {{base_task_runner.py:115}} time Job 16: Subtask check_file_exists [2020-08-04 20:46:03,900] {{cli.py:516}} INFO - Running <TaskInstance: store_DAG.check_file_exists 2020-07-27T00:00:00+00:00 [running]> on host 46a88ec199b8
[2020-08-04 20:46:04,058] {{bash_operator.py:81}} time Tmp dir root location: 
 /tmp
[2020-08-04 20:46:04,065] {{bash_operator.py:91}} time Exporting the following env vars:
AIRFLOW_CTX_DAG_ID=store_DAG
AIRFLOW_CTX_TASK_ID=check_file_exists
AIRFLOW_CTX_EXECUTION_DATE=2020-07-27T00:00:00+00:00
AIRFLOW_CTX_DAG_RUN_ID=scheduled__2020-07-27T00:00:00+00:00
[2020-08-04 20:46:04,071] {{bash_operator.py:105}} time Temporary script location: /tmp/airflowtmp4htuz27z/check_file_exists8djn9qih
[2020-08-04 20:46:04,073] {{bash_operator.py:115}} time Running command: shasum ~/store_files_airflow/raw_store_transactions.csv
[2020-08-04 20:46:04,124] {{bash_operator.py:124}} time Output:
[2020-08-04 20:46:04,382] {{bash_operator.py:128}} time e9e298e9629d72f3255b4838ba07bd220150a146  /usr/local/airflow/store_files_airflow/raw_store_transactions.csv
[2020-08-04 20:46:04,384] {{bash_operator.py:132}} time Command exited with return code 0
[2020-08-04 20:46:08,333] {{logging_mixin.py:95}} time [[34m2020-08-04 20:46:08,332[0m] {{[34mlocal_task_job.py:[0m105}} INFO[0m - Task exited with return code 0[0m
Dependencies all met for <TaskInstance: store_DAG.check_file_exists 2020-07-27T00:00:00+00:00 [queued]>
Dependencies all met for <TaskInstance: store_DAG.check_file_exists 2020-07-27T00:00:00+00:00 [queued]>

--------------------------------------------------------------------------------
Starting attempt 1 of 3

--------------------------------------------------------------------------------
Executing <Task(BashOperator): check_file_exists> on 2020-07-27T00:00:00+00:00
Running: ['airflow', 'run', 'store_DAG', 'check_file_exists', '2020-07-27T00:00:00+00:00', '--job_id', '13', '--pool', 'default_pool', '--raw', '-sd', 'DAGS_FOLDER/store_DAG.py', '--cfg_path', '/tmp/tmpq4gzw7vw']
Job 13: Subtask check_file_exists [2020-08-04 20:51:51,726] {{settings.py:213}} INFO - settings.configure_orm(): Using pool settings. pool_size=5, max_overflow=10, pool_recycle=1800, pid=1270
Job 13: Subtask check_file_exists /usr/local/lib/python3.7/site-packages/psycopg2/__init__.py:144: UserWarning: The psycopg2 wheel package will be renamed from release 2.8; in order to keep installing from binary please use "pip install psycopg2-binary" instead. For details see: <http://initd.org/psycopg/docs/install.html#binary-install-from-pypi>.
Job 13: Subtask check_file_exists   """)
Job 13: Subtask check_file_exists [2020-08-04 20:51:55,397] {{__init__.py:51}} INFO - Using executor LocalExecutor
Job 13: Subtask check_file_exists [2020-08-04 20:52:04,295] {{dagbag.py:90}} INFO - Filling up the DagBag from /usr/local/airflow/dags/store_DAG.py
Job 13: Subtask check_file_exists [2020-08-04 20:52:04,921] {{cli.py:516}} INFO - Running <TaskInstance: store_DAG.check_file_exists 2020-07-27T00:00:00+00:00 [running]> on host 6a822f9627d0
Tmp dir root location: 
 /tmp
Exporting the following env vars:
AIRFLOW_CTX_DAG_ID=store_DAG
AIRFLOW_CTX_TASK_ID=check_file_exists
AIRFLOW_CTX_EXECUTION_DATE=2020-07-27T00:00:00+00:00
AIRFLOW_CTX_DAG_RUN_ID=scheduled__2020-07-27T00:00:00+00:00
Temporary script location: /tmp/airflowtmpncoh_x02/check_file_existsjkep81pi
Running command: shasum ~/store_files_airflow/raw_store_transactions.csv
Output:
e9e298e9629d72f3255b4838ba07bd220150a146  /usr/local/airflow/store_files_airflow/raw_store_transactions.csv
Command exited with return code 0
[[34m2020-08-04 20:52:08,426[0m] {{[34mlocal_task_job.py:[0m105}} INFO[0m - Task exited with return code 0[0m
message ----> Dependencies all met for <TaskInstance: store_DAG.check_file_exists 2020-07-27T00:00:00+00:00 [queued]>
message ----> Dependencies all met for <TaskInstance: store_DAG.check_file_exists 2020-07-27T00:00:00+00:00 [queued]>
message ----> 
--------------------------------------------------------------------------------
message ----> Starting attempt 1 of 3
message ----> 
--------------------------------------------------------------------------------
message ----> Executing <Task(BashOperator): check_file_exists> on 2020-07-27T00:00:00+00:00
message ----> Running: ['airflow', 'run', 'store_DAG', 'check_file_exists', '2020-07-27T00:00:00+00:00', '--job_id', '10', '--pool', 'default_pool', '--raw', '-sd', 'DAGS_FOLDER/store_DAG.py', '--cfg_path', '/tmp/tmp6657ebxp']
message ----> Job 10: Subtask check_file_exists [2020-08-04 21:09:51,351] {{settings.py:213}} INFO - settings.configure_orm(): Using pool settings. pool_size=5, max_overflow=10, pool_recycle=1800, pid=1749
message ----> Job 10: Subtask check_file_exists /usr/local/lib/python3.7/site-packages/psycopg2/__init__.py:144: UserWarning: The psycopg2 wheel package will be renamed from release 2.8; in order to keep installing from binary please use "pip install psycopg2-binary" instead. For details see: <http://initd.org/psycopg/docs/install.html#binary-install-from-pypi>.
message ----> Job 10: Subtask check_file_exists   """)
message ----> Job 10: Subtask check_file_exists [2020-08-04 21:09:56,018] {{__init__.py:51}} INFO - Using executor LocalExecutor
message ----> Job 10: Subtask check_file_exists [2020-08-04 21:10:03,586] {{dagbag.py:90}} INFO - Filling up the DagBag from /usr/local/airflow/dags/store_DAG.py
message ----> Job 10: Subtask check_file_exists [2020-08-04 21:10:03,907] {{cli.py:516}} INFO - Running <TaskInstance: store_DAG.check_file_exists 2020-07-27T00:00:00+00:00 [running]> on host 0885e5a330eb
message ----> Tmp dir root location: 
 /tmp
message ----> Exporting the following env vars:
AIRFLOW_CTX_DAG_ID=store_DAG
AIRFLOW_CTX_TASK_ID=check_file_exists
AIRFLOW_CTX_EXECUTION_DATE=2020-07-27T00:00:00+00:00
AIRFLOW_CTX_DAG_RUN_ID=scheduled__2020-07-27T00:00:00+00:00
message ----> Temporary script location: /tmp/airflowtmptm_9qg19/check_file_existsia22m_f0
message ----> Running command: shasum ~/store_files_airflow/raw_store_transactions.csv
message ----> Output:
message ----> e9e298e9629d72f3255b4838ba07bd220150a146  /usr/local/airflow/store_files_airflow/raw_store_transactions.csv
message ----> Command exited with return code 0
message ----> [[34m2020-08-04 21:10:07,358[0m] {{[34mlocal_task_job.py:[0m172}} WARNING[0m - State of this instance has been externally set to [1msuccess[0m. Taking the poison pill.[0m
message ----> Sending Signals.SIGTERM to GPID 1749
message ----> Process psutil.Process(pid=1749, status='terminated') (1749) terminated with exit code -15
message ----> [[34m2020-08-04 21:10:07,554[0m] {{[34mlocal_task_job.py:[0m105}} INFO[0m - Task exited with return code 0[0m
