[2020-07-30 22:01:09,831] {{taskinstance.py:616}} INFO - Dependencies all met for <TaskInstance: store_DAG.clean_raw_csv 2020-07-21T00:00:00+00:00 [queued]>
[2020-07-30 22:01:09,882] {{taskinstance.py:616}} INFO - Dependencies all met for <TaskInstance: store_DAG.clean_raw_csv 2020-07-21T00:00:00+00:00 [queued]>
[2020-07-30 22:01:09,883] {{taskinstance.py:834}} INFO - 
--------------------------------------------------------------------------------
[2020-07-30 22:01:09,884] {{taskinstance.py:835}} INFO - Starting attempt 1 of 2
[2020-07-30 22:01:09,884] {{taskinstance.py:836}} INFO - 
--------------------------------------------------------------------------------
[2020-07-30 22:01:09,942] {{taskinstance.py:855}} INFO - Executing <Task(PythonOperator): clean_raw_csv> on 2020-07-21T00:00:00+00:00
[2020-07-30 22:01:09,943] {{base_task_runner.py:133}} INFO - Running: ['airflow', 'run', 'store_DAG', 'clean_raw_csv', '2020-07-21T00:00:00+00:00', '--job_id', '15', '--pool', 'default_pool', '--raw', '-sd', 'DAGS_FOLDER/store_DAG.py', '--cfg_path', '/tmp/tmplklpidc5']
[2020-07-30 22:01:19,156] {{base_task_runner.py:115}} INFO - Job 15: Subtask clean_raw_csv [2020-07-30 22:01:19,154] {{settings.py:213}} INFO - settings.configure_orm(): Using pool settings. pool_size=5, max_overflow=10, pool_recycle=1800, pid=7402
[2020-07-30 22:01:19,453] {{base_task_runner.py:115}} INFO - Job 15: Subtask clean_raw_csv /usr/local/lib/python3.7/site-packages/psycopg2/__init__.py:144: UserWarning: The psycopg2 wheel package will be renamed from release 2.8; in order to keep installing from binary please use "pip install psycopg2-binary" instead. For details see: <http://initd.org/psycopg/docs/install.html#binary-install-from-pypi>.
[2020-07-30 22:01:19,454] {{base_task_runner.py:115}} INFO - Job 15: Subtask clean_raw_csv   """)
[2020-07-30 22:01:21,573] {{base_task_runner.py:115}} INFO - Job 15: Subtask clean_raw_csv [2020-07-30 22:01:21,544] {{__init__.py:51}} INFO - Using executor LocalExecutor
[2020-07-30 22:01:28,962] {{base_task_runner.py:115}} INFO - Job 15: Subtask clean_raw_csv [2020-07-30 22:01:28,962] {{dagbag.py:90}} INFO - Filling up the DagBag from /usr/local/airflow/dags/store_DAG.py
[2020-07-30 22:01:29,646] {{base_task_runner.py:115}} INFO - Job 15: Subtask clean_raw_csv [2020-07-30 22:01:29,633] {{cli.py:516}} INFO - Running <TaskInstance: store_DAG.clean_raw_csv 2020-07-21T00:00:00+00:00 [running]> on host 6097e8989e8b
[2020-07-30 22:01:29,985] {{python_operator.py:105}} INFO - Exporting the following env vars:
AIRFLOW_CTX_DAG_ID=store_DAG
AIRFLOW_CTX_TASK_ID=clean_raw_csv
AIRFLOW_CTX_EXECUTION_DATE=2020-07-21T00:00:00+00:00
AIRFLOW_CTX_DAG_RUN_ID=scheduled__2020-07-21T00:00:00+00:00
[2020-07-30 22:01:37,755] {{python_operator.py:114}} INFO - Done. Returned value was: None
[2020-07-30 22:01:39,991] {{logging_mixin.py:95}} INFO - [[34m2020-07-30 22:01:39,986[0m] {{[34mlocal_task_job.py:[0m172}} WARNING[0m - State of this instance has been externally set to [1msuccess[0m. Taking the poison pill.[0m
[2020-07-30 22:01:40,059] {{helpers.py:319}} INFO - Sending Signals.SIGTERM to GPID 7402
[2020-07-30 22:01:40,202] {{helpers.py:297}} INFO - Process psutil.Process(pid=7402, status='terminated') (7402) terminated with exit code -15
[2020-07-30 22:01:40,203] {{logging_mixin.py:95}} INFO - [[34m2020-07-30 22:01:40,203[0m] {{[34mlocal_task_job.py:[0m105}} INFO[0m - Task exited with return code 0[0m
[2020-08-04 20:45:20,861] {{taskinstance.py:616}} time Dependencies all met for <TaskInstance: store_DAG.clean_raw_csv 2020-07-21T00:00:00+00:00 [queued]>
[2020-08-04 20:45:21,009] {{taskinstance.py:616}} time Dependencies all met for <TaskInstance: store_DAG.clean_raw_csv 2020-07-21T00:00:00+00:00 [queued]>
[2020-08-04 20:45:21,010] {{taskinstance.py:834}} time 
--------------------------------------------------------------------------------
[2020-08-04 20:45:21,011] {{taskinstance.py:835}} time Starting attempt 1 of 2
[2020-08-04 20:45:21,013] {{taskinstance.py:836}} time 
--------------------------------------------------------------------------------
[2020-08-04 20:45:21,125] {{taskinstance.py:855}} time Executing <Task(PythonOperator): clean_raw_csv> on 2020-07-21T00:00:00+00:00
[2020-08-04 20:45:21,125] {{base_task_runner.py:133}} time Running: ['airflow', 'run', 'store_DAG', 'clean_raw_csv', '2020-07-21T00:00:00+00:00', '--job_id', '10', '--pool', 'default_pool', '--raw', '-sd', 'DAGS_FOLDER/store_DAG.py', '--cfg_path', '/tmp/tmpqqeslp3d']
[2020-08-04 20:45:32,293] {{base_task_runner.py:115}} time Job 10: Subtask clean_raw_csv [2020-08-04 20:45:32,289] {{settings.py:213}} INFO - settings.configure_orm(): Using pool settings. pool_size=5, max_overflow=10, pool_recycle=1800, pid=1254
[2020-08-04 20:45:32,616] {{base_task_runner.py:115}} time Job 10: Subtask clean_raw_csv /usr/local/lib/python3.7/site-packages/psycopg2/__init__.py:144: UserWarning: The psycopg2 wheel package will be renamed from release 2.8; in order to keep installing from binary please use "pip install psycopg2-binary" instead. For details see: <http://initd.org/psycopg/docs/install.html#binary-install-from-pypi>.
[2020-08-04 20:45:32,617] {{base_task_runner.py:115}} time Job 10: Subtask clean_raw_csv   """)
[2020-08-04 20:45:35,252] {{base_task_runner.py:115}} time Job 10: Subtask clean_raw_csv [2020-08-04 20:45:35,243] {{__init__.py:51}} INFO - Using executor LocalExecutor
[2020-08-04 20:45:40,000] {{base_task_runner.py:115}} time Job 10: Subtask clean_raw_csv [2020-08-04 20:45:39,995] {{dagbag.py:90}} INFO - Filling up the DagBag from /usr/local/airflow/dags/store_DAG.py
[2020-08-04 20:45:40,280] {{base_task_runner.py:115}} time Job 10: Subtask clean_raw_csv [2020-08-04 20:45:40,279] {{cli.py:516}} INFO - Running <TaskInstance: store_DAG.clean_raw_csv 2020-07-21T00:00:00+00:00 [running]> on host 46a88ec199b8
[2020-08-04 20:45:40,402] {{python_operator.py:105}} time Exporting the following env vars:
AIRFLOW_CTX_DAG_ID=store_DAG
AIRFLOW_CTX_TASK_ID=clean_raw_csv
AIRFLOW_CTX_EXECUTION_DATE=2020-07-21T00:00:00+00:00
AIRFLOW_CTX_DAG_RUN_ID=scheduled__2020-07-21T00:00:00+00:00
[2020-08-04 20:45:45,868] {{python_operator.py:114}} time Done. Returned value was: None
[2020-08-04 20:45:50,878] {{logging_mixin.py:95}} time [[34m2020-08-04 20:45:50,877[0m] {{[34mlocal_task_job.py:[0m105}} INFO[0m - Task exited with return code 0[0m
Dependencies all met for <TaskInstance: store_DAG.clean_raw_csv 2020-07-21T00:00:00+00:00 [queued]>
Dependencies all met for <TaskInstance: store_DAG.clean_raw_csv 2020-07-21T00:00:00+00:00 [queued]>

--------------------------------------------------------------------------------
Starting attempt 1 of 2

--------------------------------------------------------------------------------
Executing <Task(PythonOperator): clean_raw_csv> on 2020-07-21T00:00:00+00:00
Running: ['airflow', 'run', 'store_DAG', 'clean_raw_csv', '2020-07-21T00:00:00+00:00', '--job_id', '7', '--pool', 'default_pool', '--raw', '-sd', 'DAGS_FOLDER/store_DAG.py', '--cfg_path', '/tmp/tmprlcsdw28']
Job 7: Subtask clean_raw_csv [2020-08-04 20:51:15,523] {{settings.py:213}} INFO - settings.configure_orm(): Using pool settings. pool_size=5, max_overflow=10, pool_recycle=1800, pid=1124
Job 7: Subtask clean_raw_csv /usr/local/lib/python3.7/site-packages/psycopg2/__init__.py:144: UserWarning: The psycopg2 wheel package will be renamed from release 2.8; in order to keep installing from binary please use "pip install psycopg2-binary" instead. For details see: <http://initd.org/psycopg/docs/install.html#binary-install-from-pypi>.
Job 7: Subtask clean_raw_csv   """)
Job 7: Subtask clean_raw_csv [2020-08-04 20:51:17,483] {{__init__.py:51}} INFO - Using executor LocalExecutor
Job 7: Subtask clean_raw_csv [2020-08-04 20:51:21,046] {{dagbag.py:90}} INFO - Filling up the DagBag from /usr/local/airflow/dags/store_DAG.py
Job 7: Subtask clean_raw_csv [2020-08-04 20:51:21,358] {{cli.py:516}} INFO - Running <TaskInstance: store_DAG.clean_raw_csv 2020-07-21T00:00:00+00:00 [running]> on host 6a822f9627d0
Exporting the following env vars:
AIRFLOW_CTX_DAG_ID=store_DAG
AIRFLOW_CTX_TASK_ID=clean_raw_csv
AIRFLOW_CTX_EXECUTION_DATE=2020-07-21T00:00:00+00:00
AIRFLOW_CTX_DAG_RUN_ID=scheduled__2020-07-21T00:00:00+00:00
Done. Returned value was: None
[[34m2020-08-04 20:51:38,944[0m] {{[34mlocal_task_job.py:[0m172}} WARNING[0m - State of this instance has been externally set to [1msuccess[0m. Taking the poison pill.[0m
Sending Signals.SIGTERM to GPID 1124
Process psutil.Process(pid=1124, status='terminated') (1124) terminated with exit code -15
[[34m2020-08-04 20:51:39,233[0m] {{[34mlocal_task_job.py:[0m105}} INFO[0m - Task exited with return code 0[0m
message ----> Dependencies all met for <TaskInstance: store_DAG.clean_raw_csv 2020-07-21T00:00:00+00:00 [queued]>
message ----> Dependencies all met for <TaskInstance: store_DAG.clean_raw_csv 2020-07-21T00:00:00+00:00 [queued]>
message ----> 
--------------------------------------------------------------------------------
message ----> Starting attempt 1 of 2
message ----> 
--------------------------------------------------------------------------------
message ----> Executing <Task(PythonOperator): clean_raw_csv> on 2020-07-21T00:00:00+00:00
message ----> Running: ['airflow', 'run', 'store_DAG', 'clean_raw_csv', '2020-07-21T00:00:00+00:00', '--job_id', '8', '--pool', 'default_pool', '--raw', '-sd', 'DAGS_FOLDER/store_DAG.py', '--cfg_path', '/tmp/tmpvjbo8iuf']
message ----> Job 8: Subtask clean_raw_csv [2020-08-04 21:09:32,311] {{settings.py:213}} INFO - settings.configure_orm(): Using pool settings. pool_size=5, max_overflow=10, pool_recycle=1800, pid=1661
message ----> Job 8: Subtask clean_raw_csv /usr/local/lib/python3.7/site-packages/psycopg2/__init__.py:144: UserWarning: The psycopg2 wheel package will be renamed from release 2.8; in order to keep installing from binary please use "pip install psycopg2-binary" instead. For details see: <http://initd.org/psycopg/docs/install.html#binary-install-from-pypi>.
message ----> Job 8: Subtask clean_raw_csv   """)
message ----> Job 8: Subtask clean_raw_csv [2020-08-04 21:09:33,510] {{__init__.py:51}} INFO - Using executor LocalExecutor
message ----> Job 8: Subtask clean_raw_csv [2020-08-04 21:09:37,224] {{dagbag.py:90}} INFO - Filling up the DagBag from /usr/local/airflow/dags/store_DAG.py
message ----> Job 8: Subtask clean_raw_csv [2020-08-04 21:09:37,802] {{cli.py:516}} INFO - Running <TaskInstance: store_DAG.clean_raw_csv 2020-07-21T00:00:00+00:00 [running]> on host 0885e5a330eb
message ----> Exporting the following env vars:
AIRFLOW_CTX_DAG_ID=store_DAG
AIRFLOW_CTX_TASK_ID=clean_raw_csv
AIRFLOW_CTX_EXECUTION_DATE=2020-07-21T00:00:00+00:00
AIRFLOW_CTX_DAG_RUN_ID=scheduled__2020-07-21T00:00:00+00:00
message ----> Done. Returned value was: None
message ----> [[34m2020-08-04 21:09:51,903[0m] {{[34mlocal_task_job.py:[0m172}} WARNING[0m - State of this instance has been externally set to [1msuccess[0m. Taking the poison pill.[0m
message ----> Sending Signals.SIGTERM to GPID 1661
message ----> Process psutil.Process(pid=1661, status='terminated') (1661) terminated with exit code -15
message ----> [[34m2020-08-04 21:09:52,225[0m] {{[34mlocal_task_job.py:[0m105}} INFO[0m - Task exited with return code 0[0m
