Dependencies all met for <TaskInstance: store_DAG.clean_raw_csv 2020-07-31T00:00:00+00:00 [queued]>
Dependencies all met for <TaskInstance: store_DAG.clean_raw_csv 2020-07-31T00:00:00+00:00 [queued]>

--------------------------------------------------------------------------------
Starting attempt 1 of 2

--------------------------------------------------------------------------------
Executing <Task(PythonOperator): clean_raw_csv> on 2020-07-31T00:00:00+00:00
Running: ['airflow', 'run', 'store_DAG', 'clean_raw_csv', '2020-07-31T00:00:00+00:00', '--job_id', '44', '--pool', 'default_pool', '--raw', '-sd', 'DAGS_FOLDER/store_DAG.py', '--cfg_path', '/tmp/tmp9vg4ihmj']
Job 44: Subtask clean_raw_csv [2020-08-04 20:55:18,438] {{settings.py:213}} INFO - settings.configure_orm(): Using pool settings. pool_size=5, max_overflow=10, pool_recycle=1800, pid=1949
Job 44: Subtask clean_raw_csv /usr/local/lib/python3.7/site-packages/psycopg2/__init__.py:144: UserWarning: The psycopg2 wheel package will be renamed from release 2.8; in order to keep installing from binary please use "pip install psycopg2-binary" instead. For details see: <http://initd.org/psycopg/docs/install.html#binary-install-from-pypi>.
Job 44: Subtask clean_raw_csv   """)
Job 44: Subtask clean_raw_csv [2020-08-04 20:55:21,825] {{__init__.py:51}} INFO - Using executor LocalExecutor
Job 44: Subtask clean_raw_csv [2020-08-04 20:55:26,730] {{dagbag.py:90}} INFO - Filling up the DagBag from /usr/local/airflow/dags/store_DAG.py
Job 44: Subtask clean_raw_csv [2020-08-04 20:55:27,255] {{cli.py:516}} INFO - Running <TaskInstance: store_DAG.clean_raw_csv 2020-07-31T00:00:00+00:00 [running]> on host 6a822f9627d0
Exporting the following env vars:
AIRFLOW_CTX_DAG_ID=store_DAG
AIRFLOW_CTX_TASK_ID=clean_raw_csv
AIRFLOW_CTX_EXECUTION_DATE=2020-07-31T00:00:00+00:00
AIRFLOW_CTX_DAG_RUN_ID=scheduled__2020-07-31T00:00:00+00:00
Done. Returned value was: None
[[34m2020-08-04 20:55:35,079[0m] {{[34mlocal_task_job.py:[0m172}} WARNING[0m - State of this instance has been externally set to [1msuccess[0m. Taking the poison pill.[0m
Sending Signals.SIGTERM to GPID 1949
Process psutil.Process(pid=1949, status='terminated') (1949) terminated with exit code -15
[[34m2020-08-04 20:55:35,255[0m] {{[34mlocal_task_job.py:[0m105}} INFO[0m - Task exited with return code 0[0m
message ----> Dependencies all met for <TaskInstance: store_DAG.clean_raw_csv 2020-07-31T00:00:00+00:00 [queued]>
message ----> Dependencies all met for <TaskInstance: store_DAG.clean_raw_csv 2020-07-31T00:00:00+00:00 [queued]>
message ----> 
--------------------------------------------------------------------------------
message ----> Starting attempt 1 of 2
message ----> 
--------------------------------------------------------------------------------
message ----> Executing <Task(PythonOperator): clean_raw_csv> on 2020-07-31T00:00:00+00:00
message ----> Running: ['airflow', 'run', 'store_DAG', 'clean_raw_csv', '2020-07-31T00:00:00+00:00', '--job_id', '34', '--pool', 'default_pool', '--raw', '-sd', 'DAGS_FOLDER/store_DAG.py', '--cfg_path', '/tmp/tmp3bu47vgp']
message ----> Job 34: Subtask clean_raw_csv [2020-08-04 21:11:56,968] {{settings.py:213}} INFO - settings.configure_orm(): Using pool settings. pool_size=5, max_overflow=10, pool_recycle=1800, pid=2385
message ----> Job 34: Subtask clean_raw_csv /usr/local/lib/python3.7/site-packages/psycopg2/__init__.py:144: UserWarning: The psycopg2 wheel package will be renamed from release 2.8; in order to keep installing from binary please use "pip install psycopg2-binary" instead. For details see: <http://initd.org/psycopg/docs/install.html#binary-install-from-pypi>.
message ----> Job 34: Subtask clean_raw_csv   """)
message ----> Job 34: Subtask clean_raw_csv [2020-08-04 21:12:02,608] {{__init__.py:51}} INFO - Using executor LocalExecutor
message ----> Job 34: Subtask clean_raw_csv [2020-08-04 21:12:11,698] {{dagbag.py:90}} INFO - Filling up the DagBag from /usr/local/airflow/dags/store_DAG.py
message ----> Job 34: Subtask clean_raw_csv [2020-08-04 21:12:12,605] {{cli.py:516}} INFO - Running <TaskInstance: store_DAG.clean_raw_csv 2020-07-31T00:00:00+00:00 [running]> on host 0885e5a330eb
message ----> Exporting the following env vars:
AIRFLOW_CTX_DAG_ID=store_DAG
AIRFLOW_CTX_TASK_ID=clean_raw_csv
AIRFLOW_CTX_EXECUTION_DATE=2020-07-31T00:00:00+00:00
AIRFLOW_CTX_DAG_RUN_ID=scheduled__2020-07-31T00:00:00+00:00
message ----> Done. Returned value was: None
message ----> [[34m2020-08-04 21:12:36,532[0m] {{[34mlocal_task_job.py:[0m105}} INFO[0m - Task exited with return code 0[0m
