[2020-07-30 22:01:25,371] {{taskinstance.py:616}} INFO - Dependencies all met for <TaskInstance: store_DAG.clean_raw_csv 2020-07-22T00:00:00+00:00 [queued]>
[2020-07-30 22:01:25,604] {{taskinstance.py:616}} INFO - Dependencies all met for <TaskInstance: store_DAG.clean_raw_csv 2020-07-22T00:00:00+00:00 [queued]>
[2020-07-30 22:01:25,611] {{taskinstance.py:834}} INFO - 
--------------------------------------------------------------------------------
[2020-07-30 22:01:25,613] {{taskinstance.py:835}} INFO - Starting attempt 1 of 2
[2020-07-30 22:01:25,614] {{taskinstance.py:836}} INFO - 
--------------------------------------------------------------------------------
[2020-07-30 22:01:25,661] {{taskinstance.py:855}} INFO - Executing <Task(PythonOperator): clean_raw_csv> on 2020-07-22T00:00:00+00:00
[2020-07-30 22:01:25,665] {{base_task_runner.py:133}} INFO - Running: ['airflow', 'run', 'store_DAG', 'clean_raw_csv', '2020-07-22T00:00:00+00:00', '--job_id', '20', '--pool', 'default_pool', '--raw', '-sd', 'DAGS_FOLDER/store_DAG.py', '--cfg_path', '/tmp/tmpi2o0pe1m']
[2020-07-30 22:01:35,107] {{base_task_runner.py:115}} INFO - Job 20: Subtask clean_raw_csv [2020-07-30 22:01:35,107] {{settings.py:213}} INFO - settings.configure_orm(): Using pool settings. pool_size=5, max_overflow=10, pool_recycle=1800, pid=7497
[2020-07-30 22:01:35,460] {{base_task_runner.py:115}} INFO - Job 20: Subtask clean_raw_csv /usr/local/lib/python3.7/site-packages/psycopg2/__init__.py:144: UserWarning: The psycopg2 wheel package will be renamed from release 2.8; in order to keep installing from binary please use "pip install psycopg2-binary" instead. For details see: <http://initd.org/psycopg/docs/install.html#binary-install-from-pypi>.
[2020-07-30 22:01:35,461] {{base_task_runner.py:115}} INFO - Job 20: Subtask clean_raw_csv   """)
[2020-07-30 22:01:36,737] {{base_task_runner.py:115}} INFO - Job 20: Subtask clean_raw_csv [2020-07-30 22:01:36,725] {{__init__.py:51}} INFO - Using executor LocalExecutor
[2020-07-30 22:01:40,321] {{base_task_runner.py:115}} INFO - Job 20: Subtask clean_raw_csv [2020-07-30 22:01:40,308] {{dagbag.py:90}} INFO - Filling up the DagBag from /usr/local/airflow/dags/store_DAG.py
[2020-07-30 22:01:40,504] {{base_task_runner.py:115}} INFO - Job 20: Subtask clean_raw_csv [2020-07-30 22:01:40,504] {{cli.py:516}} INFO - Running <TaskInstance: store_DAG.clean_raw_csv 2020-07-22T00:00:00+00:00 [running]> on host 6097e8989e8b
[2020-07-30 22:01:40,561] {{python_operator.py:105}} INFO - Exporting the following env vars:
AIRFLOW_CTX_DAG_ID=store_DAG
AIRFLOW_CTX_TASK_ID=clean_raw_csv
AIRFLOW_CTX_EXECUTION_DATE=2020-07-22T00:00:00+00:00
AIRFLOW_CTX_DAG_RUN_ID=scheduled__2020-07-22T00:00:00+00:00
[2020-07-30 22:01:45,753] {{python_operator.py:114}} INFO - Done. Returned value was: None
[2020-07-30 22:01:50,220] {{logging_mixin.py:95}} INFO - [[34m2020-07-30 22:01:50,219[0m] {{[34mlocal_task_job.py:[0m105}} INFO[0m - Task exited with return code 0[0m
[2020-08-04 20:45:43,669] {{taskinstance.py:616}} time Dependencies all met for <TaskInstance: store_DAG.clean_raw_csv 2020-07-22T00:00:00+00:00 [queued]>
[2020-08-04 20:45:43,737] {{taskinstance.py:616}} time Dependencies all met for <TaskInstance: store_DAG.clean_raw_csv 2020-07-22T00:00:00+00:00 [queued]>
[2020-08-04 20:45:43,738] {{taskinstance.py:834}} time 
--------------------------------------------------------------------------------
[2020-08-04 20:45:43,738] {{taskinstance.py:835}} time Starting attempt 1 of 2
[2020-08-04 20:45:43,738] {{taskinstance.py:836}} time 
--------------------------------------------------------------------------------
[2020-08-04 20:45:43,784] {{taskinstance.py:855}} time Executing <Task(PythonOperator): clean_raw_csv> on 2020-07-22T00:00:00+00:00
[2020-08-04 20:45:43,791] {{base_task_runner.py:133}} time Running: ['airflow', 'run', 'store_DAG', 'clean_raw_csv', '2020-07-22T00:00:00+00:00', '--job_id', '13', '--pool', 'default_pool', '--raw', '-sd', 'DAGS_FOLDER/store_DAG.py', '--cfg_path', '/tmp/tmpo_hvs6k6']
[2020-08-04 20:45:49,624] {{base_task_runner.py:115}} time Job 13: Subtask clean_raw_csv [2020-08-04 20:45:49,624] {{settings.py:213}} INFO - settings.configure_orm(): Using pool settings. pool_size=5, max_overflow=10, pool_recycle=1800, pid=1386
[2020-08-04 20:45:49,768] {{base_task_runner.py:115}} time Job 13: Subtask clean_raw_csv /usr/local/lib/python3.7/site-packages/psycopg2/__init__.py:144: UserWarning: The psycopg2 wheel package will be renamed from release 2.8; in order to keep installing from binary please use "pip install psycopg2-binary" instead. For details see: <http://initd.org/psycopg/docs/install.html#binary-install-from-pypi>.
[2020-08-04 20:45:49,770] {{base_task_runner.py:115}} time Job 13: Subtask clean_raw_csv   """)
[2020-08-04 20:45:50,953] {{base_task_runner.py:115}} time Job 13: Subtask clean_raw_csv [2020-08-04 20:45:50,947] {{__init__.py:51}} INFO - Using executor LocalExecutor
[2020-08-04 20:45:53,419] {{base_task_runner.py:115}} time Job 13: Subtask clean_raw_csv [2020-08-04 20:45:53,412] {{dagbag.py:90}} INFO - Filling up the DagBag from /usr/local/airflow/dags/store_DAG.py
[2020-08-04 20:45:53,726] {{base_task_runner.py:115}} time Job 13: Subtask clean_raw_csv [2020-08-04 20:45:53,724] {{cli.py:516}} INFO - Running <TaskInstance: store_DAG.clean_raw_csv 2020-07-22T00:00:00+00:00 [running]> on host 46a88ec199b8
[2020-08-04 20:45:53,871] {{python_operator.py:105}} time Exporting the following env vars:
AIRFLOW_CTX_DAG_ID=store_DAG
AIRFLOW_CTX_TASK_ID=clean_raw_csv
AIRFLOW_CTX_EXECUTION_DATE=2020-07-22T00:00:00+00:00
AIRFLOW_CTX_DAG_RUN_ID=scheduled__2020-07-22T00:00:00+00:00
[2020-08-04 20:45:59,642] {{python_operator.py:114}} time Done. Returned value was: None
[2020-08-04 20:46:03,643] {{logging_mixin.py:95}} time [[34m2020-08-04 20:46:03,636[0m] {{[34mlocal_task_job.py:[0m105}} INFO[0m - Task exited with return code 0[0m
Dependencies all met for <TaskInstance: store_DAG.clean_raw_csv 2020-07-22T00:00:00+00:00 [queued]>
Dependencies all met for <TaskInstance: store_DAG.clean_raw_csv 2020-07-22T00:00:00+00:00 [queued]>

--------------------------------------------------------------------------------
Starting attempt 1 of 2

--------------------------------------------------------------------------------
Executing <Task(PythonOperator): clean_raw_csv> on 2020-07-22T00:00:00+00:00
Running: ['airflow', 'run', 'store_DAG', 'clean_raw_csv', '2020-07-22T00:00:00+00:00', '--job_id', '12', '--pool', 'default_pool', '--raw', '-sd', 'DAGS_FOLDER/store_DAG.py', '--cfg_path', '/tmp/tmpe71yi7e2']
Job 12: Subtask clean_raw_csv [2020-08-04 20:51:23,399] {{settings.py:213}} INFO - settings.configure_orm(): Using pool settings. pool_size=5, max_overflow=10, pool_recycle=1800, pid=1185
Job 12: Subtask clean_raw_csv /usr/local/lib/python3.7/site-packages/psycopg2/__init__.py:144: UserWarning: The psycopg2 wheel package will be renamed from release 2.8; in order to keep installing from binary please use "pip install psycopg2-binary" instead. For details see: <http://initd.org/psycopg/docs/install.html#binary-install-from-pypi>.
Job 12: Subtask clean_raw_csv   """)
Job 12: Subtask clean_raw_csv [2020-08-04 20:51:26,488] {{__init__.py:51}} INFO - Using executor LocalExecutor
Job 12: Subtask clean_raw_csv [2020-08-04 20:51:36,525] {{dagbag.py:90}} INFO - Filling up the DagBag from /usr/local/airflow/dags/store_DAG.py
Job 12: Subtask clean_raw_csv [2020-08-04 20:51:37,123] {{cli.py:516}} INFO - Running <TaskInstance: store_DAG.clean_raw_csv 2020-07-22T00:00:00+00:00 [running]> on host 6a822f9627d0
Exporting the following env vars:
AIRFLOW_CTX_DAG_ID=store_DAG
AIRFLOW_CTX_TASK_ID=clean_raw_csv
AIRFLOW_CTX_EXECUTION_DATE=2020-07-22T00:00:00+00:00
AIRFLOW_CTX_DAG_RUN_ID=scheduled__2020-07-22T00:00:00+00:00
Done. Returned value was: None
[[34m2020-08-04 20:51:56,591[0m] {{[34mlocal_task_job.py:[0m172}} WARNING[0m - State of this instance has been externally set to [1msuccess[0m. Taking the poison pill.[0m
Sending Signals.SIGTERM to GPID 1185
Process psutil.Process(pid=1185, status='terminated') (1185) terminated with exit code -15
[[34m2020-08-04 20:51:56,995[0m] {{[34mlocal_task_job.py:[0m105}} INFO[0m - Task exited with return code 0[0m
message ----> Dependencies all met for <TaskInstance: store_DAG.clean_raw_csv 2020-07-22T00:00:00+00:00 [queued]>
message ----> Dependencies all met for <TaskInstance: store_DAG.clean_raw_csv 2020-07-22T00:00:00+00:00 [queued]>
message ----> 
--------------------------------------------------------------------------------
message ----> Starting attempt 1 of 2
message ----> 
--------------------------------------------------------------------------------
message ----> Executing <Task(PythonOperator): clean_raw_csv> on 2020-07-22T00:00:00+00:00
message ----> Running: ['airflow', 'run', 'store_DAG', 'clean_raw_csv', '2020-07-22T00:00:00+00:00', '--job_id', '12', '--pool', 'default_pool', '--raw', '-sd', 'DAGS_FOLDER/store_DAG.py', '--cfg_path', '/tmp/tmpjn8iqk7v']
message ----> Job 12: Subtask clean_raw_csv [2020-08-04 21:09:54,364] {{settings.py:213}} INFO - settings.configure_orm(): Using pool settings. pool_size=5, max_overflow=10, pool_recycle=1800, pid=1758
message ----> Job 12: Subtask clean_raw_csv /usr/local/lib/python3.7/site-packages/psycopg2/__init__.py:144: UserWarning: The psycopg2 wheel package will be renamed from release 2.8; in order to keep installing from binary please use "pip install psycopg2-binary" instead. For details see: <http://initd.org/psycopg/docs/install.html#binary-install-from-pypi>.
message ----> Job 12: Subtask clean_raw_csv   """)
message ----> Job 12: Subtask clean_raw_csv [2020-08-04 21:09:58,584] {{__init__.py:51}} INFO - Using executor LocalExecutor
message ----> Job 12: Subtask clean_raw_csv [2020-08-04 21:10:04,714] {{dagbag.py:90}} INFO - Filling up the DagBag from /usr/local/airflow/dags/store_DAG.py
message ----> Job 12: Subtask clean_raw_csv [2020-08-04 21:10:05,270] {{cli.py:516}} INFO - Running <TaskInstance: store_DAG.clean_raw_csv 2020-07-22T00:00:00+00:00 [running]> on host 0885e5a330eb
message ----> Exporting the following env vars:
AIRFLOW_CTX_DAG_ID=store_DAG
AIRFLOW_CTX_TASK_ID=clean_raw_csv
AIRFLOW_CTX_EXECUTION_DATE=2020-07-22T00:00:00+00:00
AIRFLOW_CTX_DAG_RUN_ID=scheduled__2020-07-22T00:00:00+00:00
message ----> Done. Returned value was: None
message ----> [[34m2020-08-04 21:10:19,060[0m] {{[34mlocal_task_job.py:[0m105}} INFO[0m - Task exited with return code 0[0m
