[2020-07-30 22:00:48,167] {{taskinstance.py:616}} INFO - Dependencies all met for <TaskInstance: store_DAG.check_file_exists 2020-07-21T00:00:00+00:00 [queued]>
[2020-07-30 22:00:48,203] {{taskinstance.py:616}} INFO - Dependencies all met for <TaskInstance: store_DAG.check_file_exists 2020-07-21T00:00:00+00:00 [queued]>
[2020-07-30 22:00:48,205] {{taskinstance.py:834}} INFO - 
--------------------------------------------------------------------------------
[2020-07-30 22:00:48,206] {{taskinstance.py:835}} INFO - Starting attempt 1 of 3
[2020-07-30 22:00:48,207] {{taskinstance.py:836}} INFO - 
--------------------------------------------------------------------------------
[2020-07-30 22:00:48,251] {{taskinstance.py:855}} INFO - Executing <Task(BashOperator): check_file_exists> on 2020-07-21T00:00:00+00:00
[2020-07-30 22:00:48,253] {{base_task_runner.py:133}} INFO - Running: ['airflow', 'run', 'store_DAG', 'check_file_exists', '2020-07-21T00:00:00+00:00', '--job_id', '11', '--pool', 'default_pool', '--raw', '-sd', 'DAGS_FOLDER/store_DAG.py', '--cfg_path', '/tmp/tmp6ul9xzvx']
[2020-07-30 22:00:49,956] {{base_task_runner.py:115}} INFO - Job 11: Subtask check_file_exists [2020-07-30 22:00:49,956] {{settings.py:213}} INFO - settings.configure_orm(): Using pool settings. pool_size=5, max_overflow=10, pool_recycle=1800, pid=7275
[2020-07-30 22:00:50,088] {{base_task_runner.py:115}} INFO - Job 11: Subtask check_file_exists /usr/local/lib/python3.7/site-packages/psycopg2/__init__.py:144: UserWarning: The psycopg2 wheel package will be renamed from release 2.8; in order to keep installing from binary please use "pip install psycopg2-binary" instead. For details see: <http://initd.org/psycopg/docs/install.html#binary-install-from-pypi>.
[2020-07-30 22:00:50,089] {{base_task_runner.py:115}} INFO - Job 11: Subtask check_file_exists   """)
[2020-07-30 22:00:50,893] {{base_task_runner.py:115}} INFO - Job 11: Subtask check_file_exists [2020-07-30 22:00:50,887] {{__init__.py:51}} INFO - Using executor LocalExecutor
[2020-07-30 22:00:52,346] {{base_task_runner.py:115}} INFO - Job 11: Subtask check_file_exists [2020-07-30 22:00:52,339] {{dagbag.py:90}} INFO - Filling up the DagBag from /usr/local/airflow/dags/store_DAG.py
[2020-07-30 22:00:52,598] {{base_task_runner.py:115}} INFO - Job 11: Subtask check_file_exists [2020-07-30 22:00:52,596] {{cli.py:516}} INFO - Running <TaskInstance: store_DAG.check_file_exists 2020-07-21T00:00:00+00:00 [running]> on host 6097e8989e8b
[2020-07-30 22:00:52,707] {{bash_operator.py:81}} INFO - Tmp dir root location: 
 /tmp
[2020-07-30 22:00:52,710] {{bash_operator.py:91}} INFO - Exporting the following env vars:
AIRFLOW_CTX_DAG_ID=store_DAG
AIRFLOW_CTX_TASK_ID=check_file_exists
AIRFLOW_CTX_EXECUTION_DATE=2020-07-21T00:00:00+00:00
AIRFLOW_CTX_DAG_RUN_ID=scheduled__2020-07-21T00:00:00+00:00
[2020-07-30 22:00:52,715] {{bash_operator.py:105}} INFO - Temporary script location: /tmp/airflowtmpsh1mreua/check_file_existsg32oo0l2
[2020-07-30 22:00:52,715] {{bash_operator.py:115}} INFO - Running command: shasum ~/store_files_airflow/raw_store_transactions.csv
[2020-07-30 22:00:52,768] {{bash_operator.py:124}} INFO - Output:
[2020-07-30 22:00:52,996] {{bash_operator.py:128}} INFO - e9e298e9629d72f3255b4838ba07bd220150a146  /usr/local/airflow/store_files_airflow/raw_store_transactions.csv
[2020-07-30 22:00:53,002] {{bash_operator.py:132}} INFO - Command exited with return code 0
[2020-07-30 22:00:53,188] {{logging_mixin.py:95}} INFO - [[34m2020-07-30 22:00:53,183[0m] {{[34mlocal_task_job.py:[0m172}} WARNING[0m - State of this instance has been externally set to [1msuccess[0m. Taking the poison pill.[0m
[2020-07-30 22:00:53,219] {{helpers.py:319}} INFO - Sending Signals.SIGTERM to GPID 7275
[2020-07-30 22:00:53,256] {{helpers.py:297}} INFO - Process psutil.Process(pid=7275, status='terminated') (7275) terminated with exit code -15
[2020-07-30 22:00:53,258] {{logging_mixin.py:95}} INFO - [[34m2020-07-30 22:00:53,257[0m] {{[34mlocal_task_job.py:[0m105}} INFO[0m - Task exited with return code 0[0m
[2020-08-04 20:44:59,409] {{taskinstance.py:616}} time Dependencies all met for <TaskInstance: store_DAG.check_file_exists 2020-07-21T00:00:00+00:00 [queued]>
[2020-08-04 20:44:59,418] {{taskinstance.py:616}} time Dependencies all met for <TaskInstance: store_DAG.check_file_exists 2020-07-21T00:00:00+00:00 [queued]>
[2020-08-04 20:44:59,419] {{taskinstance.py:834}} time 
--------------------------------------------------------------------------------
[2020-08-04 20:44:59,419] {{taskinstance.py:835}} time Starting attempt 1 of 3
[2020-08-04 20:44:59,420] {{taskinstance.py:836}} time 
--------------------------------------------------------------------------------
[2020-08-04 20:44:59,446] {{taskinstance.py:855}} time Executing <Task(BashOperator): check_file_exists> on 2020-07-21T00:00:00+00:00
[2020-08-04 20:44:59,447] {{base_task_runner.py:133}} time Running: ['airflow', 'run', 'store_DAG', 'check_file_exists', '2020-07-21T00:00:00+00:00', '--job_id', '5', '--pool', 'default_pool', '--raw', '-sd', 'DAGS_FOLDER/store_DAG.py', '--cfg_path', '/tmp/tmpvc7608jp']
[2020-08-04 20:45:00,797] {{base_task_runner.py:115}} time Job 5: Subtask check_file_exists [2020-08-04 20:45:00,797] {{settings.py:213}} INFO - settings.configure_orm(): Using pool settings. pool_size=5, max_overflow=10, pool_recycle=1800, pid=1057
[2020-08-04 20:45:00,866] {{base_task_runner.py:115}} time Job 5: Subtask check_file_exists /usr/local/lib/python3.7/site-packages/psycopg2/__init__.py:144: UserWarning: The psycopg2 wheel package will be renamed from release 2.8; in order to keep installing from binary please use "pip install psycopg2-binary" instead. For details see: <http://initd.org/psycopg/docs/install.html#binary-install-from-pypi>.
[2020-08-04 20:45:00,867] {{base_task_runner.py:115}} time Job 5: Subtask check_file_exists   """)
[2020-08-04 20:45:01,582] {{base_task_runner.py:115}} time Job 5: Subtask check_file_exists [2020-08-04 20:45:01,579] {{__init__.py:51}} INFO - Using executor LocalExecutor
[2020-08-04 20:45:03,455] {{base_task_runner.py:115}} time Job 5: Subtask check_file_exists [2020-08-04 20:45:03,454] {{dagbag.py:90}} INFO - Filling up the DagBag from /usr/local/airflow/dags/store_DAG.py
[2020-08-04 20:45:03,615] {{base_task_runner.py:115}} time Job 5: Subtask check_file_exists [2020-08-04 20:45:03,614] {{cli.py:516}} INFO - Running <TaskInstance: store_DAG.check_file_exists 2020-07-21T00:00:00+00:00 [running]> on host 46a88ec199b8
[2020-08-04 20:45:03,676] {{bash_operator.py:81}} time Tmp dir root location: 
 /tmp
[2020-08-04 20:45:03,678] {{bash_operator.py:91}} time Exporting the following env vars:
AIRFLOW_CTX_DAG_ID=store_DAG
AIRFLOW_CTX_TASK_ID=check_file_exists
AIRFLOW_CTX_EXECUTION_DATE=2020-07-21T00:00:00+00:00
AIRFLOW_CTX_DAG_RUN_ID=scheduled__2020-07-21T00:00:00+00:00
[2020-08-04 20:45:03,679] {{bash_operator.py:105}} time Temporary script location: /tmp/airflowtmpg5n2a5t2/check_file_existswg512332
[2020-08-04 20:45:03,680] {{bash_operator.py:115}} time Running command: shasum ~/store_files_airflow/raw_store_transactions.csv
[2020-08-04 20:45:03,717] {{bash_operator.py:124}} time Output:
[2020-08-04 20:45:04,199] {{bash_operator.py:128}} time e9e298e9629d72f3255b4838ba07bd220150a146  /usr/local/airflow/store_files_airflow/raw_store_transactions.csv
[2020-08-04 20:45:04,210] {{bash_operator.py:132}} time Command exited with return code 0
[2020-08-04 20:45:09,899] {{logging_mixin.py:95}} time [[34m2020-08-04 20:45:09,886[0m] {{[34mlocal_task_job.py:[0m105}} INFO[0m - Task exited with return code 0[0m
Dependencies all met for <TaskInstance: store_DAG.check_file_exists 2020-07-21T00:00:00+00:00 [queued]>
Dependencies all met for <TaskInstance: store_DAG.check_file_exists 2020-07-21T00:00:00+00:00 [queued]>

--------------------------------------------------------------------------------
Starting attempt 1 of 3

--------------------------------------------------------------------------------
Executing <Task(BashOperator): check_file_exists> on 2020-07-21T00:00:00+00:00
Running: ['airflow', 'run', 'store_DAG', 'check_file_exists', '2020-07-21T00:00:00+00:00', '--job_id', '2', '--pool', 'default_pool', '--raw', '-sd', 'DAGS_FOLDER/store_DAG.py', '--cfg_path', '/tmp/tmpup2ok7rp']
Job 2: Subtask check_file_exists [2020-08-04 20:50:44,117] {{settings.py:213}} INFO - settings.configure_orm(): Using pool settings. pool_size=5, max_overflow=10, pool_recycle=1800, pid=891
Job 2: Subtask check_file_exists /usr/local/lib/python3.7/site-packages/psycopg2/__init__.py:144: UserWarning: The psycopg2 wheel package will be renamed from release 2.8; in order to keep installing from binary please use "pip install psycopg2-binary" instead. For details see: <http://initd.org/psycopg/docs/install.html#binary-install-from-pypi>.
Job 2: Subtask check_file_exists   """)
Job 2: Subtask check_file_exists [2020-08-04 20:50:45,878] {{__init__.py:51}} INFO - Using executor LocalExecutor
Job 2: Subtask check_file_exists [2020-08-04 20:50:48,320] {{dagbag.py:90}} INFO - Filling up the DagBag from /usr/local/airflow/dags/store_DAG.py
Job 2: Subtask check_file_exists [2020-08-04 20:50:48,468] {{cli.py:516}} INFO - Running <TaskInstance: store_DAG.check_file_exists 2020-07-21T00:00:00+00:00 [running]> on host 6a822f9627d0
Tmp dir root location: 
 /tmp
Exporting the following env vars:
AIRFLOW_CTX_DAG_ID=store_DAG
AIRFLOW_CTX_TASK_ID=check_file_exists
AIRFLOW_CTX_EXECUTION_DATE=2020-07-21T00:00:00+00:00
AIRFLOW_CTX_DAG_RUN_ID=scheduled__2020-07-21T00:00:00+00:00
Temporary script location: /tmp/airflowtmpugxl3h5r/check_file_exists8mooz_eg
Running command: shasum ~/store_files_airflow/raw_store_transactions.csv
Output:
e9e298e9629d72f3255b4838ba07bd220150a146  /usr/local/airflow/store_files_airflow/raw_store_transactions.csv
Command exited with return code 0
[[34m2020-08-04 20:50:52,968[0m] {{[34mlocal_task_job.py:[0m105}} INFO[0m - Task exited with return code 0[0m
message ----> Dependencies all met for <TaskInstance: store_DAG.check_file_exists 2020-07-21T00:00:00+00:00 [queued]>
message ----> Dependencies all met for <TaskInstance: store_DAG.check_file_exists 2020-07-21T00:00:00+00:00 [queued]>
message ----> 
--------------------------------------------------------------------------------
message ----> Starting attempt 1 of 3
message ----> 
--------------------------------------------------------------------------------
message ----> Executing <Task(BashOperator): check_file_exists> on 2020-07-21T00:00:00+00:00
message ----> Running: ['airflow', 'run', 'store_DAG', 'check_file_exists', '2020-07-21T00:00:00+00:00', '--job_id', '2', '--pool', 'default_pool', '--raw', '-sd', 'DAGS_FOLDER/store_DAG.py', '--cfg_path', '/tmp/tmp1pdzukrg']
message ----> Job 2: Subtask check_file_exists [2020-08-04 21:09:10,807] {{settings.py:213}} INFO - settings.configure_orm(): Using pool settings. pool_size=5, max_overflow=10, pool_recycle=1800, pid=1486
message ----> Job 2: Subtask check_file_exists /usr/local/lib/python3.7/site-packages/psycopg2/__init__.py:144: UserWarning: The psycopg2 wheel package will be renamed from release 2.8; in order to keep installing from binary please use "pip install psycopg2-binary" instead. For details see: <http://initd.org/psycopg/docs/install.html#binary-install-from-pypi>.
message ----> Job 2: Subtask check_file_exists   """)
message ----> Job 2: Subtask check_file_exists [2020-08-04 21:09:11,492] {{__init__.py:51}} INFO - Using executor LocalExecutor
message ----> Job 2: Subtask check_file_exists [2020-08-04 21:09:13,771] {{dagbag.py:90}} INFO - Filling up the DagBag from /usr/local/airflow/dags/store_DAG.py
message ----> Job 2: Subtask check_file_exists [2020-08-04 21:09:13,973] {{cli.py:516}} INFO - Running <TaskInstance: store_DAG.check_file_exists 2020-07-21T00:00:00+00:00 [running]> on host 0885e5a330eb
message ----> Tmp dir root location: 
 /tmp
message ----> Exporting the following env vars:
AIRFLOW_CTX_DAG_ID=store_DAG
AIRFLOW_CTX_TASK_ID=check_file_exists
AIRFLOW_CTX_EXECUTION_DATE=2020-07-21T00:00:00+00:00
AIRFLOW_CTX_DAG_RUN_ID=scheduled__2020-07-21T00:00:00+00:00
message ----> Temporary script location: /tmp/airflowtmpxv6a0gx_/check_file_existsssmo5vb6
message ----> Running command: shasum ~/store_files_airflow/raw_store_transactions.csv
message ----> Output:
message ----> e9e298e9629d72f3255b4838ba07bd220150a146  /usr/local/airflow/store_files_airflow/raw_store_transactions.csv
message ----> Command exited with return code 0
message ----> [[34m2020-08-04 21:09:16,915[0m] {{[34mlocal_task_job.py:[0m105}} INFO[0m - Task exited with return code 0[0m
