[2020-07-30 22:01:24,361] {{taskinstance.py:616}} INFO - Dependencies all met for <TaskInstance: store_DAG.check_file_exists 2020-07-25T00:00:00+00:00 [queued]>
[2020-07-30 22:01:24,454] {{taskinstance.py:616}} INFO - Dependencies all met for <TaskInstance: store_DAG.check_file_exists 2020-07-25T00:00:00+00:00 [queued]>
[2020-07-30 22:01:24,458] {{taskinstance.py:834}} INFO - 
--------------------------------------------------------------------------------
[2020-07-30 22:01:24,460] {{taskinstance.py:835}} INFO - Starting attempt 1 of 3
[2020-07-30 22:01:24,465] {{taskinstance.py:836}} INFO - 
--------------------------------------------------------------------------------
[2020-07-30 22:01:24,648] {{taskinstance.py:855}} INFO - Executing <Task(BashOperator): check_file_exists> on 2020-07-25T00:00:00+00:00
[2020-07-30 22:01:24,661] {{base_task_runner.py:133}} INFO - Running: ['airflow', 'run', 'store_DAG', 'check_file_exists', '2020-07-25T00:00:00+00:00', '--job_id', '19', '--pool', 'default_pool', '--raw', '-sd', 'DAGS_FOLDER/store_DAG.py', '--cfg_path', '/tmp/tmps0oohbhb']
[2020-07-30 22:01:34,492] {{base_task_runner.py:115}} INFO - Job 19: Subtask check_file_exists [2020-07-30 22:01:34,485] {{settings.py:213}} INFO - settings.configure_orm(): Using pool settings. pool_size=5, max_overflow=10, pool_recycle=1800, pid=7491
[2020-07-30 22:01:34,597] {{base_task_runner.py:115}} INFO - Job 19: Subtask check_file_exists /usr/local/lib/python3.7/site-packages/psycopg2/__init__.py:144: UserWarning: The psycopg2 wheel package will be renamed from release 2.8; in order to keep installing from binary please use "pip install psycopg2-binary" instead. For details see: <http://initd.org/psycopg/docs/install.html#binary-install-from-pypi>.
[2020-07-30 22:01:34,597] {{base_task_runner.py:115}} INFO - Job 19: Subtask check_file_exists   """)
[2020-07-30 22:01:35,855] {{base_task_runner.py:115}} INFO - Job 19: Subtask check_file_exists [2020-07-30 22:01:35,855] {{__init__.py:51}} INFO - Using executor LocalExecutor
[2020-07-30 22:01:38,795] {{base_task_runner.py:115}} INFO - Job 19: Subtask check_file_exists [2020-07-30 22:01:38,795] {{dagbag.py:90}} INFO - Filling up the DagBag from /usr/local/airflow/dags/store_DAG.py
[2020-07-30 22:01:38,976] {{base_task_runner.py:115}} INFO - Job 19: Subtask check_file_exists [2020-07-30 22:01:38,975] {{cli.py:516}} INFO - Running <TaskInstance: store_DAG.check_file_exists 2020-07-25T00:00:00+00:00 [running]> on host 6097e8989e8b
[2020-07-30 22:01:39,018] {{bash_operator.py:81}} INFO - Tmp dir root location: 
 /tmp
[2020-07-30 22:01:39,018] {{bash_operator.py:91}} INFO - Exporting the following env vars:
AIRFLOW_CTX_DAG_ID=store_DAG
AIRFLOW_CTX_TASK_ID=check_file_exists
AIRFLOW_CTX_EXECUTION_DATE=2020-07-25T00:00:00+00:00
AIRFLOW_CTX_DAG_RUN_ID=scheduled__2020-07-25T00:00:00+00:00
[2020-07-30 22:01:39,019] {{bash_operator.py:105}} INFO - Temporary script location: /tmp/airflowtmp7y174tl1/check_file_existsru0zix8x
[2020-07-30 22:01:39,019] {{bash_operator.py:115}} INFO - Running command: shasum ~/store_files_airflow/raw_store_transactions.csv
[2020-07-30 22:01:39,037] {{bash_operator.py:124}} INFO - Output:
[2020-07-30 22:01:39,309] {{bash_operator.py:128}} INFO - e9e298e9629d72f3255b4838ba07bd220150a146  /usr/local/airflow/store_files_airflow/raw_store_transactions.csv
[2020-07-30 22:01:39,315] {{bash_operator.py:132}} INFO - Command exited with return code 0
[2020-07-30 22:01:44,350] {{logging_mixin.py:95}} INFO - [[34m2020-07-30 22:01:44,342[0m] {{[34mlocal_task_job.py:[0m105}} INFO[0m - Task exited with return code 0[0m
[2020-08-04 20:45:36,306] {{taskinstance.py:616}} time Dependencies all met for <TaskInstance: store_DAG.check_file_exists 2020-07-25T00:00:00+00:00 [queued]>
[2020-08-04 20:45:36,377] {{taskinstance.py:616}} time Dependencies all met for <TaskInstance: store_DAG.check_file_exists 2020-07-25T00:00:00+00:00 [queued]>
[2020-08-04 20:45:36,378] {{taskinstance.py:834}} time 
--------------------------------------------------------------------------------
[2020-08-04 20:45:36,379] {{taskinstance.py:835}} time Starting attempt 1 of 3
[2020-08-04 20:45:36,381] {{taskinstance.py:836}} time 
--------------------------------------------------------------------------------
[2020-08-04 20:45:36,478] {{taskinstance.py:855}} time Executing <Task(BashOperator): check_file_exists> on 2020-07-25T00:00:00+00:00
[2020-08-04 20:45:36,481] {{base_task_runner.py:133}} time Running: ['airflow', 'run', 'store_DAG', 'check_file_exists', '2020-07-25T00:00:00+00:00', '--job_id', '11', '--pool', 'default_pool', '--raw', '-sd', 'DAGS_FOLDER/store_DAG.py', '--cfg_path', '/tmp/tmppvukc01j']
[2020-08-04 20:45:44,176] {{base_task_runner.py:115}} time Job 11: Subtask check_file_exists [2020-08-04 20:45:44,176] {{settings.py:213}} INFO - settings.configure_orm(): Using pool settings. pool_size=5, max_overflow=10, pool_recycle=1800, pid=1331
[2020-08-04 20:45:44,294] {{base_task_runner.py:115}} time Job 11: Subtask check_file_exists /usr/local/lib/python3.7/site-packages/psycopg2/__init__.py:144: UserWarning: The psycopg2 wheel package will be renamed from release 2.8; in order to keep installing from binary please use "pip install psycopg2-binary" instead. For details see: <http://initd.org/psycopg/docs/install.html#binary-install-from-pypi>.
[2020-08-04 20:45:44,294] {{base_task_runner.py:115}} time Job 11: Subtask check_file_exists   """)
[2020-08-04 20:45:45,005] {{base_task_runner.py:115}} time Job 11: Subtask check_file_exists [2020-08-04 20:45:45,001] {{__init__.py:51}} INFO - Using executor LocalExecutor
[2020-08-04 20:45:48,045] {{base_task_runner.py:115}} time Job 11: Subtask check_file_exists [2020-08-04 20:45:48,025] {{dagbag.py:90}} INFO - Filling up the DagBag from /usr/local/airflow/dags/store_DAG.py
[2020-08-04 20:45:48,277] {{base_task_runner.py:115}} time Job 11: Subtask check_file_exists [2020-08-04 20:45:48,276] {{cli.py:516}} INFO - Running <TaskInstance: store_DAG.check_file_exists 2020-07-25T00:00:00+00:00 [running]> on host 46a88ec199b8
[2020-08-04 20:45:48,368] {{bash_operator.py:81}} time Tmp dir root location: 
 /tmp
[2020-08-04 20:45:48,369] {{bash_operator.py:91}} time Exporting the following env vars:
AIRFLOW_CTX_DAG_ID=store_DAG
AIRFLOW_CTX_TASK_ID=check_file_exists
AIRFLOW_CTX_EXECUTION_DATE=2020-07-25T00:00:00+00:00
AIRFLOW_CTX_DAG_RUN_ID=scheduled__2020-07-25T00:00:00+00:00
[2020-08-04 20:45:48,374] {{bash_operator.py:105}} time Temporary script location: /tmp/airflowtmpw3fn0rr8/check_file_exists1hlkby_j
[2020-08-04 20:45:48,379] {{bash_operator.py:115}} time Running command: shasum ~/store_files_airflow/raw_store_transactions.csv
[2020-08-04 20:45:48,413] {{bash_operator.py:124}} time Output:
[2020-08-04 20:45:48,667] {{bash_operator.py:128}} time e9e298e9629d72f3255b4838ba07bd220150a146  /usr/local/airflow/store_files_airflow/raw_store_transactions.csv
[2020-08-04 20:45:48,669] {{bash_operator.py:132}} time Command exited with return code 0
[2020-08-04 20:45:51,099] {{logging_mixin.py:95}} time [[34m2020-08-04 20:45:51,099[0m] {{[34mlocal_task_job.py:[0m105}} INFO[0m - Task exited with return code 0[0m
Dependencies all met for <TaskInstance: store_DAG.check_file_exists 2020-07-25T00:00:00+00:00 [queued]>
Dependencies all met for <TaskInstance: store_DAG.check_file_exists 2020-07-25T00:00:00+00:00 [queued]>

--------------------------------------------------------------------------------
Starting attempt 1 of 3

--------------------------------------------------------------------------------
Executing <Task(BashOperator): check_file_exists> on 2020-07-25T00:00:00+00:00
Running: ['airflow', 'run', 'store_DAG', 'check_file_exists', '2020-07-25T00:00:00+00:00', '--job_id', '9', '--pool', 'default_pool', '--raw', '-sd', 'DAGS_FOLDER/store_DAG.py', '--cfg_path', '/tmp/tmp8uj857s7']
Job 9: Subtask check_file_exists [2020-08-04 20:51:16,463] {{settings.py:213}} INFO - settings.configure_orm(): Using pool settings. pool_size=5, max_overflow=10, pool_recycle=1800, pid=1133
Job 9: Subtask check_file_exists /usr/local/lib/python3.7/site-packages/psycopg2/__init__.py:144: UserWarning: The psycopg2 wheel package will be renamed from release 2.8; in order to keep installing from binary please use "pip install psycopg2-binary" instead. For details see: <http://initd.org/psycopg/docs/install.html#binary-install-from-pypi>.
Job 9: Subtask check_file_exists   """)
Job 9: Subtask check_file_exists [2020-08-04 20:51:17,874] {{__init__.py:51}} INFO - Using executor LocalExecutor
Job 9: Subtask check_file_exists [2020-08-04 20:51:21,555] {{dagbag.py:90}} INFO - Filling up the DagBag from /usr/local/airflow/dags/store_DAG.py
Job 9: Subtask check_file_exists [2020-08-04 20:51:21,859] {{cli.py:516}} INFO - Running <TaskInstance: store_DAG.check_file_exists 2020-07-25T00:00:00+00:00 [running]> on host 6a822f9627d0
Tmp dir root location: 
 /tmp
Exporting the following env vars:
AIRFLOW_CTX_DAG_ID=store_DAG
AIRFLOW_CTX_TASK_ID=check_file_exists
AIRFLOW_CTX_EXECUTION_DATE=2020-07-25T00:00:00+00:00
AIRFLOW_CTX_DAG_RUN_ID=scheduled__2020-07-25T00:00:00+00:00
Temporary script location: /tmp/airflowtmpbopz2otn/check_file_exists77wvca_0
Running command: shasum ~/store_files_airflow/raw_store_transactions.csv
Output:
e9e298e9629d72f3255b4838ba07bd220150a146  /usr/local/airflow/store_files_airflow/raw_store_transactions.csv
Command exited with return code 0
[[34m2020-08-04 20:51:24,360[0m] {{[34mlocal_task_job.py:[0m172}} WARNING[0m - State of this instance has been externally set to [1msuccess[0m. Taking the poison pill.[0m
Sending Signals.SIGTERM to GPID 1133
Process psutil.Process(pid=1133, status='terminated') (1133) terminated with exit code -15
[[34m2020-08-04 20:51:24,541[0m] {{[34mlocal_task_job.py:[0m105}} INFO[0m - Task exited with return code 0[0m
message ----> Dependencies all met for <TaskInstance: store_DAG.check_file_exists 2020-07-25T00:00:00+00:00 [queued]>
message ----> Dependencies all met for <TaskInstance: store_DAG.check_file_exists 2020-07-25T00:00:00+00:00 [queued]>
message ----> 
--------------------------------------------------------------------------------
message ----> Starting attempt 1 of 3
message ----> 
--------------------------------------------------------------------------------
message ----> Executing <Task(BashOperator): check_file_exists> on 2020-07-25T00:00:00+00:00
message ----> Running: ['airflow', 'run', 'store_DAG', 'check_file_exists', '2020-07-25T00:00:00+00:00', '--job_id', '7', '--pool', 'default_pool', '--raw', '-sd', 'DAGS_FOLDER/store_DAG.py', '--cfg_path', '/tmp/tmp1l_75hig']
message ----> Job 7: Subtask check_file_exists [2020-08-04 21:09:31,738] {{settings.py:213}} INFO - settings.configure_orm(): Using pool settings. pool_size=5, max_overflow=10, pool_recycle=1800, pid=1657
message ----> Job 7: Subtask check_file_exists /usr/local/lib/python3.7/site-packages/psycopg2/__init__.py:144: UserWarning: The psycopg2 wheel package will be renamed from release 2.8; in order to keep installing from binary please use "pip install psycopg2-binary" instead. For details see: <http://initd.org/psycopg/docs/install.html#binary-install-from-pypi>.
message ----> Job 7: Subtask check_file_exists   """)
message ----> Job 7: Subtask check_file_exists [2020-08-04 21:09:32,888] {{__init__.py:51}} INFO - Using executor LocalExecutor
message ----> Job 7: Subtask check_file_exists [2020-08-04 21:09:35,847] {{dagbag.py:90}} INFO - Filling up the DagBag from /usr/local/airflow/dags/store_DAG.py
message ----> Job 7: Subtask check_file_exists [2020-08-04 21:09:36,214] {{cli.py:516}} INFO - Running <TaskInstance: store_DAG.check_file_exists 2020-07-25T00:00:00+00:00 [running]> on host 0885e5a330eb
message ----> Tmp dir root location: 
 /tmp
message ----> Exporting the following env vars:
AIRFLOW_CTX_DAG_ID=store_DAG
AIRFLOW_CTX_TASK_ID=check_file_exists
AIRFLOW_CTX_EXECUTION_DATE=2020-07-25T00:00:00+00:00
AIRFLOW_CTX_DAG_RUN_ID=scheduled__2020-07-25T00:00:00+00:00
message ----> Temporary script location: /tmp/airflowtmp4_i4nc7x/check_file_existsemrxe680
message ----> Running command: shasum ~/store_files_airflow/raw_store_transactions.csv
message ----> Output:
message ----> e9e298e9629d72f3255b4838ba07bd220150a146  /usr/local/airflow/store_files_airflow/raw_store_transactions.csv
message ----> Command exited with return code 0
message ----> [[34m2020-08-04 21:09:41,488[0m] {{[34mlocal_task_job.py:[0m105}} INFO[0m - Task exited with return code 0[0m
