[2020-07-30 22:01:24,220] {{taskinstance.py:616}} INFO - Dependencies all met for <TaskInstance: store_DAG.clean_raw_csv 2020-07-23T00:00:00+00:00 [queued]>
[2020-07-30 22:01:24,497] {{taskinstance.py:616}} INFO - Dependencies all met for <TaskInstance: store_DAG.clean_raw_csv 2020-07-23T00:00:00+00:00 [queued]>
[2020-07-30 22:01:24,505] {{taskinstance.py:834}} INFO - 
--------------------------------------------------------------------------------
[2020-07-30 22:01:24,511] {{taskinstance.py:835}} INFO - Starting attempt 1 of 2
[2020-07-30 22:01:24,520] {{taskinstance.py:836}} INFO - 
--------------------------------------------------------------------------------
[2020-07-30 22:01:24,740] {{taskinstance.py:855}} INFO - Executing <Task(PythonOperator): clean_raw_csv> on 2020-07-23T00:00:00+00:00
[2020-07-30 22:01:24,759] {{base_task_runner.py:133}} INFO - Running: ['airflow', 'run', 'store_DAG', 'clean_raw_csv', '2020-07-23T00:00:00+00:00', '--job_id', '18', '--pool', 'default_pool', '--raw', '-sd', 'DAGS_FOLDER/store_DAG.py', '--cfg_path', '/tmp/tmpz6mi85gj']
[2020-07-30 22:01:34,788] {{base_task_runner.py:115}} INFO - Job 18: Subtask clean_raw_csv [2020-07-30 22:01:34,780] {{settings.py:213}} INFO - settings.configure_orm(): Using pool settings. pool_size=5, max_overflow=10, pool_recycle=1800, pid=7493
[2020-07-30 22:01:34,923] {{base_task_runner.py:115}} INFO - Job 18: Subtask clean_raw_csv /usr/local/lib/python3.7/site-packages/psycopg2/__init__.py:144: UserWarning: The psycopg2 wheel package will be renamed from release 2.8; in order to keep installing from binary please use "pip install psycopg2-binary" instead. For details see: <http://initd.org/psycopg/docs/install.html#binary-install-from-pypi>.
[2020-07-30 22:01:34,924] {{base_task_runner.py:115}} INFO - Job 18: Subtask clean_raw_csv   """)
[2020-07-30 22:01:36,418] {{base_task_runner.py:115}} INFO - Job 18: Subtask clean_raw_csv [2020-07-30 22:01:36,418] {{__init__.py:51}} INFO - Using executor LocalExecutor
[2020-07-30 22:01:39,121] {{base_task_runner.py:115}} INFO - Job 18: Subtask clean_raw_csv [2020-07-30 22:01:39,115] {{dagbag.py:90}} INFO - Filling up the DagBag from /usr/local/airflow/dags/store_DAG.py
[2020-07-30 22:01:39,573] {{base_task_runner.py:115}} INFO - Job 18: Subtask clean_raw_csv [2020-07-30 22:01:39,571] {{cli.py:516}} INFO - Running <TaskInstance: store_DAG.clean_raw_csv 2020-07-23T00:00:00+00:00 [running]> on host 6097e8989e8b
[2020-07-30 22:01:39,730] {{python_operator.py:105}} INFO - Exporting the following env vars:
AIRFLOW_CTX_DAG_ID=store_DAG
AIRFLOW_CTX_TASK_ID=clean_raw_csv
AIRFLOW_CTX_EXECUTION_DATE=2020-07-23T00:00:00+00:00
AIRFLOW_CTX_DAG_RUN_ID=scheduled__2020-07-23T00:00:00+00:00
[2020-07-30 22:01:45,395] {{python_operator.py:114}} INFO - Done. Returned value was: None
[2020-07-30 22:01:48,802] {{logging_mixin.py:95}} INFO - [[34m2020-07-30 22:01:48,802[0m] {{[34mlocal_task_job.py:[0m105}} INFO[0m - Task exited with return code 0[0m
[2020-08-04 20:45:53,316] {{taskinstance.py:616}} time Dependencies all met for <TaskInstance: store_DAG.clean_raw_csv 2020-07-23T00:00:00+00:00 [queued]>
[2020-08-04 20:45:53,483] {{taskinstance.py:616}} time Dependencies all met for <TaskInstance: store_DAG.clean_raw_csv 2020-07-23T00:00:00+00:00 [queued]>
[2020-08-04 20:45:53,485] {{taskinstance.py:834}} time 
--------------------------------------------------------------------------------
[2020-08-04 20:45:53,486] {{taskinstance.py:835}} time Starting attempt 1 of 2
[2020-08-04 20:45:53,487] {{taskinstance.py:836}} time 
--------------------------------------------------------------------------------
[2020-08-04 20:45:53,599] {{taskinstance.py:855}} time Executing <Task(PythonOperator): clean_raw_csv> on 2020-07-23T00:00:00+00:00
[2020-08-04 20:45:53,603] {{base_task_runner.py:133}} time Running: ['airflow', 'run', 'store_DAG', 'clean_raw_csv', '2020-07-23T00:00:00+00:00', '--job_id', '15', '--pool', 'default_pool', '--raw', '-sd', 'DAGS_FOLDER/store_DAG.py', '--cfg_path', '/tmp/tmpwyik_okf']
[2020-08-04 20:45:59,763] {{base_task_runner.py:115}} time Job 15: Subtask clean_raw_csv [2020-08-04 20:45:59,762] {{settings.py:213}} INFO - settings.configure_orm(): Using pool settings. pool_size=5, max_overflow=10, pool_recycle=1800, pid=1464
[2020-08-04 20:45:59,888] {{base_task_runner.py:115}} time Job 15: Subtask clean_raw_csv /usr/local/lib/python3.7/site-packages/psycopg2/__init__.py:144: UserWarning: The psycopg2 wheel package will be renamed from release 2.8; in order to keep installing from binary please use "pip install psycopg2-binary" instead. For details see: <http://initd.org/psycopg/docs/install.html#binary-install-from-pypi>.
[2020-08-04 20:45:59,888] {{base_task_runner.py:115}} time Job 15: Subtask clean_raw_csv   """)
[2020-08-04 20:46:01,024] {{base_task_runner.py:115}} time Job 15: Subtask clean_raw_csv [2020-08-04 20:46:01,023] {{__init__.py:51}} INFO - Using executor LocalExecutor
[2020-08-04 20:46:02,919] {{base_task_runner.py:115}} time Job 15: Subtask clean_raw_csv [2020-08-04 20:46:02,916] {{dagbag.py:90}} INFO - Filling up the DagBag from /usr/local/airflow/dags/store_DAG.py
[2020-08-04 20:46:03,079] {{base_task_runner.py:115}} time Job 15: Subtask clean_raw_csv [2020-08-04 20:46:03,077] {{cli.py:516}} INFO - Running <TaskInstance: store_DAG.clean_raw_csv 2020-07-23T00:00:00+00:00 [running]> on host 46a88ec199b8
[2020-08-04 20:46:03,213] {{python_operator.py:105}} time Exporting the following env vars:
AIRFLOW_CTX_DAG_ID=store_DAG
AIRFLOW_CTX_TASK_ID=clean_raw_csv
AIRFLOW_CTX_EXECUTION_DATE=2020-07-23T00:00:00+00:00
AIRFLOW_CTX_DAG_RUN_ID=scheduled__2020-07-23T00:00:00+00:00
[2020-08-04 20:46:09,337] {{python_operator.py:114}} time Done. Returned value was: None
[2020-08-04 20:46:13,263] {{logging_mixin.py:95}} time [[34m2020-08-04 20:46:13,263[0m] {{[34mlocal_task_job.py:[0m105}} INFO[0m - Task exited with return code 0[0m
Dependencies all met for <TaskInstance: store_DAG.clean_raw_csv 2020-07-23T00:00:00+00:00 [queued]>
Dependencies all met for <TaskInstance: store_DAG.clean_raw_csv 2020-07-23T00:00:00+00:00 [queued]>

--------------------------------------------------------------------------------
Starting attempt 1 of 2

--------------------------------------------------------------------------------
Executing <Task(PythonOperator): clean_raw_csv> on 2020-07-23T00:00:00+00:00
Running: ['airflow', 'run', 'store_DAG', 'clean_raw_csv', '2020-07-23T00:00:00+00:00', '--job_id', '10', '--pool', 'default_pool', '--raw', '-sd', 'DAGS_FOLDER/store_DAG.py', '--cfg_path', '/tmp/tmp00hakrl7']
Job 10: Subtask clean_raw_csv [2020-08-04 20:51:23,316] {{settings.py:213}} INFO - settings.configure_orm(): Using pool settings. pool_size=5, max_overflow=10, pool_recycle=1800, pid=1183
Job 10: Subtask clean_raw_csv /usr/local/lib/python3.7/site-packages/psycopg2/__init__.py:144: UserWarning: The psycopg2 wheel package will be renamed from release 2.8; in order to keep installing from binary please use "pip install psycopg2-binary" instead. For details see: <http://initd.org/psycopg/docs/install.html#binary-install-from-pypi>.
Job 10: Subtask clean_raw_csv   """)
Job 10: Subtask clean_raw_csv [2020-08-04 20:51:26,218] {{__init__.py:51}} INFO - Using executor LocalExecutor
Job 10: Subtask clean_raw_csv [2020-08-04 20:51:35,941] {{dagbag.py:90}} INFO - Filling up the DagBag from /usr/local/airflow/dags/store_DAG.py
Job 10: Subtask clean_raw_csv [2020-08-04 20:51:36,554] {{cli.py:516}} INFO - Running <TaskInstance: store_DAG.clean_raw_csv 2020-07-23T00:00:00+00:00 [running]> on host 6a822f9627d0
Exporting the following env vars:
AIRFLOW_CTX_DAG_ID=store_DAG
AIRFLOW_CTX_TASK_ID=clean_raw_csv
AIRFLOW_CTX_EXECUTION_DATE=2020-07-23T00:00:00+00:00
AIRFLOW_CTX_DAG_RUN_ID=scheduled__2020-07-23T00:00:00+00:00
Done. Returned value was: None
[[34m2020-08-04 20:51:55,744[0m] {{[34mlocal_task_job.py:[0m172}} WARNING[0m - State of this instance has been externally set to [1msuccess[0m. Taking the poison pill.[0m
Sending Signals.SIGTERM to GPID 1183
Process psutil.Process(pid=1183, status='terminated') (1183) terminated with exit code -15
[[34m2020-08-04 20:51:56,115[0m] {{[34mlocal_task_job.py:[0m105}} INFO[0m - Task exited with return code 0[0m
message ----> Dependencies all met for <TaskInstance: store_DAG.clean_raw_csv 2020-07-23T00:00:00+00:00 [queued]>
message ----> Dependencies all met for <TaskInstance: store_DAG.clean_raw_csv 2020-07-23T00:00:00+00:00 [queued]>
message ----> 
--------------------------------------------------------------------------------
message ----> Starting attempt 1 of 2
message ----> 
--------------------------------------------------------------------------------
message ----> Executing <Task(PythonOperator): clean_raw_csv> on 2020-07-23T00:00:00+00:00
message ----> Running: ['airflow', 'run', 'store_DAG', 'clean_raw_csv', '2020-07-23T00:00:00+00:00', '--job_id', '13', '--pool', 'default_pool', '--raw', '-sd', 'DAGS_FOLDER/store_DAG.py', '--cfg_path', '/tmp/tmpze7iqywc']
message ----> Job 13: Subtask clean_raw_csv [2020-08-04 21:10:04,010] {{settings.py:213}} INFO - settings.configure_orm(): Using pool settings. pool_size=5, max_overflow=10, pool_recycle=1800, pid=1812
message ----> Job 13: Subtask clean_raw_csv /usr/local/lib/python3.7/site-packages/psycopg2/__init__.py:144: UserWarning: The psycopg2 wheel package will be renamed from release 2.8; in order to keep installing from binary please use "pip install psycopg2-binary" instead. For details see: <http://initd.org/psycopg/docs/install.html#binary-install-from-pypi>.
message ----> Job 13: Subtask clean_raw_csv   """)
message ----> Job 13: Subtask clean_raw_csv [2020-08-04 21:10:06,521] {{__init__.py:51}} INFO - Using executor LocalExecutor
message ----> Job 13: Subtask clean_raw_csv [2020-08-04 21:10:12,448] {{dagbag.py:90}} INFO - Filling up the DagBag from /usr/local/airflow/dags/store_DAG.py
message ----> Job 13: Subtask clean_raw_csv [2020-08-04 21:10:12,734] {{cli.py:516}} INFO - Running <TaskInstance: store_DAG.clean_raw_csv 2020-07-23T00:00:00+00:00 [running]> on host 0885e5a330eb
message ----> Exporting the following env vars:
AIRFLOW_CTX_DAG_ID=store_DAG
AIRFLOW_CTX_TASK_ID=clean_raw_csv
AIRFLOW_CTX_EXECUTION_DATE=2020-07-23T00:00:00+00:00
AIRFLOW_CTX_DAG_RUN_ID=scheduled__2020-07-23T00:00:00+00:00
message ----> Done. Returned value was: None
message ----> [[34m2020-08-04 21:10:23,433[0m] {{[34mlocal_task_job.py:[0m105}} INFO[0m - Task exited with return code 0[0m
