[2020-08-04 20:45:36,586] {{taskinstance.py:616}} time Dependencies all met for <TaskInstance: store_DAG.clean_raw_csv 2020-08-04T20:44:56.089578+00:00 [queued]>
[2020-08-04 20:45:36,726] {{taskinstance.py:616}} time Dependencies all met for <TaskInstance: store_DAG.clean_raw_csv 2020-08-04T20:44:56.089578+00:00 [queued]>
[2020-08-04 20:45:36,728] {{taskinstance.py:834}} time 
--------------------------------------------------------------------------------
[2020-08-04 20:45:36,730] {{taskinstance.py:835}} time Starting attempt 1 of 2
[2020-08-04 20:45:36,731] {{taskinstance.py:836}} time 
--------------------------------------------------------------------------------
[2020-08-04 20:45:36,804] {{taskinstance.py:855}} time Executing <Task(PythonOperator): clean_raw_csv> on 2020-08-04T20:44:56.089578+00:00
[2020-08-04 20:45:36,807] {{base_task_runner.py:133}} time Running: ['airflow', 'run', 'store_DAG', 'clean_raw_csv', '2020-08-04T20:44:56.089578+00:00', '--job_id', '12', '--pool', 'default_pool', '--raw', '-sd', 'DAGS_FOLDER/store_DAG.py', '--cfg_path', '/tmp/tmpzbhzjgw7']
[2020-08-04 20:45:44,161] {{base_task_runner.py:115}} time Job 12: Subtask clean_raw_csv [2020-08-04 20:45:44,156] {{settings.py:213}} INFO - settings.configure_orm(): Using pool settings. pool_size=5, max_overflow=10, pool_recycle=1800, pid=1339
[2020-08-04 20:45:44,275] {{base_task_runner.py:115}} time Job 12: Subtask clean_raw_csv /usr/local/lib/python3.7/site-packages/psycopg2/__init__.py:144: UserWarning: The psycopg2 wheel package will be renamed from release 2.8; in order to keep installing from binary please use "pip install psycopg2-binary" instead. For details see: <http://initd.org/psycopg/docs/install.html#binary-install-from-pypi>.
[2020-08-04 20:45:44,275] {{base_task_runner.py:115}} time Job 12: Subtask clean_raw_csv   """)
[2020-08-04 20:45:45,047] {{base_task_runner.py:115}} time Job 12: Subtask clean_raw_csv [2020-08-04 20:45:45,044] {{__init__.py:51}} INFO - Using executor LocalExecutor
[2020-08-04 20:45:47,824] {{base_task_runner.py:115}} time Job 12: Subtask clean_raw_csv [2020-08-04 20:45:47,817] {{dagbag.py:90}} INFO - Filling up the DagBag from /usr/local/airflow/dags/store_DAG.py
[2020-08-04 20:45:48,031] {{base_task_runner.py:115}} time Job 12: Subtask clean_raw_csv [2020-08-04 20:45:48,030] {{cli.py:516}} INFO - Running <TaskInstance: store_DAG.clean_raw_csv 2020-08-04T20:44:56.089578+00:00 [running]> on host 46a88ec199b8
[2020-08-04 20:45:48,108] {{python_operator.py:105}} time Exporting the following env vars:
AIRFLOW_CTX_DAG_ID=store_DAG
AIRFLOW_CTX_TASK_ID=clean_raw_csv
AIRFLOW_CTX_EXECUTION_DATE=2020-08-04T20:44:56.089578+00:00
AIRFLOW_CTX_DAG_RUN_ID=manual__2020-08-04T20:44:56.089578+00:00
[2020-08-04 20:45:53,787] {{python_operator.py:114}} time Done. Returned value was: None
[2020-08-04 20:45:56,356] {{logging_mixin.py:95}} time [[34m2020-08-04 20:45:56,351[0m] {{[34mlocal_task_job.py:[0m105}} INFO[0m - Task exited with return code 0[0m
