[2020-07-30 22:01:46,242] {{taskinstance.py:616}} INFO - Dependencies all met for <TaskInstance: store_DAG.clean_raw_csv 2020-07-24T00:00:00+00:00 [queued]>
[2020-07-30 22:01:46,382] {{taskinstance.py:616}} INFO - Dependencies all met for <TaskInstance: store_DAG.clean_raw_csv 2020-07-24T00:00:00+00:00 [queued]>
[2020-07-30 22:01:46,382] {{taskinstance.py:834}} INFO - 
--------------------------------------------------------------------------------
[2020-07-30 22:01:46,384] {{taskinstance.py:835}} INFO - Starting attempt 1 of 2
[2020-07-30 22:01:46,385] {{taskinstance.py:836}} INFO - 
--------------------------------------------------------------------------------
[2020-07-30 22:01:46,471] {{taskinstance.py:855}} INFO - Executing <Task(PythonOperator): clean_raw_csv> on 2020-07-24T00:00:00+00:00
[2020-07-30 22:01:46,478] {{base_task_runner.py:133}} INFO - Running: ['airflow', 'run', 'store_DAG', 'clean_raw_csv', '2020-07-24T00:00:00+00:00', '--job_id', '23', '--pool', 'default_pool', '--raw', '-sd', 'DAGS_FOLDER/store_DAG.py', '--cfg_path', '/tmp/tmp63edovk0']
[2020-07-30 22:01:51,867] {{base_task_runner.py:115}} INFO - Job 23: Subtask clean_raw_csv [2020-07-30 22:01:51,867] {{settings.py:213}} INFO - settings.configure_orm(): Using pool settings. pool_size=5, max_overflow=10, pool_recycle=1800, pid=7635
[2020-07-30 22:01:51,968] {{base_task_runner.py:115}} INFO - Job 23: Subtask clean_raw_csv /usr/local/lib/python3.7/site-packages/psycopg2/__init__.py:144: UserWarning: The psycopg2 wheel package will be renamed from release 2.8; in order to keep installing from binary please use "pip install psycopg2-binary" instead. For details see: <http://initd.org/psycopg/docs/install.html#binary-install-from-pypi>.
[2020-07-30 22:01:51,971] {{base_task_runner.py:115}} INFO - Job 23: Subtask clean_raw_csv   """)
[2020-07-30 22:01:52,627] {{base_task_runner.py:115}} INFO - Job 23: Subtask clean_raw_csv [2020-07-30 22:01:52,627] {{__init__.py:51}} INFO - Using executor LocalExecutor
[2020-07-30 22:01:54,987] {{base_task_runner.py:115}} INFO - Job 23: Subtask clean_raw_csv [2020-07-30 22:01:54,977] {{dagbag.py:90}} INFO - Filling up the DagBag from /usr/local/airflow/dags/store_DAG.py
[2020-07-30 22:01:55,328] {{base_task_runner.py:115}} INFO - Job 23: Subtask clean_raw_csv [2020-07-30 22:01:55,328] {{cli.py:516}} INFO - Running <TaskInstance: store_DAG.clean_raw_csv 2020-07-24T00:00:00+00:00 [running]> on host 6097e8989e8b
[2020-07-30 22:01:55,478] {{python_operator.py:105}} INFO - Exporting the following env vars:
AIRFLOW_CTX_DAG_ID=store_DAG
AIRFLOW_CTX_TASK_ID=clean_raw_csv
AIRFLOW_CTX_EXECUTION_DATE=2020-07-24T00:00:00+00:00
AIRFLOW_CTX_DAG_RUN_ID=scheduled__2020-07-24T00:00:00+00:00
[2020-07-30 22:02:01,244] {{python_operator.py:114}} INFO - Done. Returned value was: None
[2020-07-30 22:02:06,213] {{logging_mixin.py:95}} INFO - [[34m2020-07-30 22:02:06,213[0m] {{[34mlocal_task_job.py:[0m105}} INFO[0m - Task exited with return code 0[0m
[2020-08-04 20:45:53,695] {{taskinstance.py:616}} time Dependencies all met for <TaskInstance: store_DAG.clean_raw_csv 2020-07-24T00:00:00+00:00 [queued]>
[2020-08-04 20:45:53,877] {{taskinstance.py:616}} time Dependencies all met for <TaskInstance: store_DAG.clean_raw_csv 2020-07-24T00:00:00+00:00 [queued]>
[2020-08-04 20:45:53,878] {{taskinstance.py:834}} time 
--------------------------------------------------------------------------------
[2020-08-04 20:45:53,881] {{taskinstance.py:835}} time Starting attempt 1 of 2
[2020-08-04 20:45:53,883] {{taskinstance.py:836}} time 
--------------------------------------------------------------------------------
[2020-08-04 20:45:53,953] {{taskinstance.py:855}} time Executing <Task(PythonOperator): clean_raw_csv> on 2020-07-24T00:00:00+00:00
[2020-08-04 20:45:53,958] {{base_task_runner.py:133}} time Running: ['airflow', 'run', 'store_DAG', 'clean_raw_csv', '2020-07-24T00:00:00+00:00', '--job_id', '17', '--pool', 'default_pool', '--raw', '-sd', 'DAGS_FOLDER/store_DAG.py', '--cfg_path', '/tmp/tmpzwr0ao1d']
[2020-08-04 20:45:59,947] {{base_task_runner.py:115}} time Job 17: Subtask clean_raw_csv [2020-08-04 20:45:59,947] {{settings.py:213}} INFO - settings.configure_orm(): Using pool settings. pool_size=5, max_overflow=10, pool_recycle=1800, pid=1469
[2020-08-04 20:46:00,105] {{base_task_runner.py:115}} time Job 17: Subtask clean_raw_csv /usr/local/lib/python3.7/site-packages/psycopg2/__init__.py:144: UserWarning: The psycopg2 wheel package will be renamed from release 2.8; in order to keep installing from binary please use "pip install psycopg2-binary" instead. For details see: <http://initd.org/psycopg/docs/install.html#binary-install-from-pypi>.
[2020-08-04 20:46:00,106] {{base_task_runner.py:115}} time Job 17: Subtask clean_raw_csv   """)
[2020-08-04 20:46:01,313] {{base_task_runner.py:115}} time Job 17: Subtask clean_raw_csv [2020-08-04 20:46:01,304] {{__init__.py:51}} INFO - Using executor LocalExecutor
[2020-08-04 20:46:03,047] {{base_task_runner.py:115}} time Job 17: Subtask clean_raw_csv [2020-08-04 20:46:03,045] {{dagbag.py:90}} INFO - Filling up the DagBag from /usr/local/airflow/dags/store_DAG.py
[2020-08-04 20:46:03,494] {{base_task_runner.py:115}} time Job 17: Subtask clean_raw_csv [2020-08-04 20:46:03,488] {{cli.py:516}} INFO - Running <TaskInstance: store_DAG.clean_raw_csv 2020-07-24T00:00:00+00:00 [running]> on host 46a88ec199b8
[2020-08-04 20:46:03,695] {{python_operator.py:105}} time Exporting the following env vars:
AIRFLOW_CTX_DAG_ID=store_DAG
AIRFLOW_CTX_TASK_ID=clean_raw_csv
AIRFLOW_CTX_EXECUTION_DATE=2020-07-24T00:00:00+00:00
AIRFLOW_CTX_DAG_RUN_ID=scheduled__2020-07-24T00:00:00+00:00
[2020-08-04 20:46:09,721] {{python_operator.py:114}} time Done. Returned value was: None
[2020-08-04 20:46:13,441] {{logging_mixin.py:95}} time [[34m2020-08-04 20:46:13,438[0m] {{[34mlocal_task_job.py:[0m105}} INFO[0m - Task exited with return code 0[0m
Dependencies all met for <TaskInstance: store_DAG.clean_raw_csv 2020-07-24T00:00:00+00:00 [queued]>
Dependencies all met for <TaskInstance: store_DAG.clean_raw_csv 2020-07-24T00:00:00+00:00 [queued]>

--------------------------------------------------------------------------------
Starting attempt 1 of 2

--------------------------------------------------------------------------------
Executing <Task(PythonOperator): clean_raw_csv> on 2020-07-24T00:00:00+00:00
Running: ['airflow', 'run', 'store_DAG', 'clean_raw_csv', '2020-07-24T00:00:00+00:00', '--job_id', '14', '--pool', 'default_pool', '--raw', '-sd', 'DAGS_FOLDER/store_DAG.py', '--cfg_path', '/tmp/tmp6z8o2wxl']
Job 14: Subtask clean_raw_csv [2020-08-04 20:51:51,539] {{settings.py:213}} INFO - settings.configure_orm(): Using pool settings. pool_size=5, max_overflow=10, pool_recycle=1800, pid=1277
Job 14: Subtask clean_raw_csv /usr/local/lib/python3.7/site-packages/psycopg2/__init__.py:144: UserWarning: The psycopg2 wheel package will be renamed from release 2.8; in order to keep installing from binary please use "pip install psycopg2-binary" instead. For details see: <http://initd.org/psycopg/docs/install.html#binary-install-from-pypi>.
Job 14: Subtask clean_raw_csv   """)
Job 14: Subtask clean_raw_csv [2020-08-04 20:51:54,243] {{__init__.py:51}} INFO - Using executor LocalExecutor
Job 14: Subtask clean_raw_csv [2020-08-04 20:52:03,678] {{dagbag.py:90}} INFO - Filling up the DagBag from /usr/local/airflow/dags/store_DAG.py
Job 14: Subtask clean_raw_csv [2020-08-04 20:52:04,026] {{cli.py:516}} INFO - Running <TaskInstance: store_DAG.clean_raw_csv 2020-07-24T00:00:00+00:00 [running]> on host 6a822f9627d0
Exporting the following env vars:
AIRFLOW_CTX_DAG_ID=store_DAG
AIRFLOW_CTX_TASK_ID=clean_raw_csv
AIRFLOW_CTX_EXECUTION_DATE=2020-07-24T00:00:00+00:00
AIRFLOW_CTX_DAG_RUN_ID=scheduled__2020-07-24T00:00:00+00:00
Done. Returned value was: None
[[34m2020-08-04 20:52:14,041[0m] {{[34mlocal_task_job.py:[0m105}} INFO[0m - Task exited with return code 0[0m
message ----> Dependencies all met for <TaskInstance: store_DAG.clean_raw_csv 2020-07-24T00:00:00+00:00 [queued]>
message ----> Dependencies all met for <TaskInstance: store_DAG.clean_raw_csv 2020-07-24T00:00:00+00:00 [queued]>
message ----> 
--------------------------------------------------------------------------------
message ----> Starting attempt 1 of 2
message ----> 
--------------------------------------------------------------------------------
message ----> Executing <Task(PythonOperator): clean_raw_csv> on 2020-07-24T00:00:00+00:00
message ----> Running: ['airflow', 'run', 'store_DAG', 'clean_raw_csv', '2020-07-24T00:00:00+00:00', '--job_id', '15', '--pool', 'default_pool', '--raw', '-sd', 'DAGS_FOLDER/store_DAG.py', '--cfg_path', '/tmp/tmpxghzohm1']
message ----> Job 15: Subtask clean_raw_csv [2020-08-04 21:10:16,075] {{settings.py:213}} INFO - settings.configure_orm(): Using pool settings. pool_size=5, max_overflow=10, pool_recycle=1800, pid=1896
message ----> Job 15: Subtask clean_raw_csv /usr/local/lib/python3.7/site-packages/psycopg2/__init__.py:144: UserWarning: The psycopg2 wheel package will be renamed from release 2.8; in order to keep installing from binary please use "pip install psycopg2-binary" instead. For details see: <http://initd.org/psycopg/docs/install.html#binary-install-from-pypi>.
message ----> Job 15: Subtask clean_raw_csv   """)
message ----> Job 15: Subtask clean_raw_csv [2020-08-04 21:10:16,811] {{__init__.py:51}} INFO - Using executor LocalExecutor
message ----> Job 15: Subtask clean_raw_csv [2020-08-04 21:10:21,452] {{dagbag.py:90}} INFO - Filling up the DagBag from /usr/local/airflow/dags/store_DAG.py
message ----> Job 15: Subtask clean_raw_csv [2020-08-04 21:10:21,906] {{cli.py:516}} INFO - Running <TaskInstance: store_DAG.clean_raw_csv 2020-07-24T00:00:00+00:00 [running]> on host 0885e5a330eb
message ----> Exporting the following env vars:
AIRFLOW_CTX_DAG_ID=store_DAG
AIRFLOW_CTX_TASK_ID=clean_raw_csv
AIRFLOW_CTX_EXECUTION_DATE=2020-07-24T00:00:00+00:00
AIRFLOW_CTX_DAG_RUN_ID=scheduled__2020-07-24T00:00:00+00:00
message ----> Done. Returned value was: None
message ----> [[34m2020-08-04 21:10:31,928[0m] {{[34mlocal_task_job.py:[0m172}} WARNING[0m - State of this instance has been externally set to [1msuccess[0m. Taking the poison pill.[0m
message ----> Sending Signals.SIGTERM to GPID 1896
message ----> Process psutil.Process(pid=1896, status='terminated') (1896) terminated with exit code -15
message ----> [[34m2020-08-04 21:10:32,165[0m] {{[34mlocal_task_job.py:[0m105}} INFO[0m - Task exited with return code 0[0m
