[2020-08-10 00:17:11,236] | {{logging_mixin.py:95}} | INFO | [2020-08-10 00:17:11,235] | {{settings.py:213}} | INFO | settings.configure_orm(): Using pool settings. pool_size=5, max_overflow=10, pool_recycle=1800, pid=165
[2020-08-10 00:17:11,273] | {{scheduler_job.py:146}} | INFO | Started process (PID=165) to work on /usr/local/airflow/dags/mapping1.adm
[2020-08-10 00:17:11,288] | {{scheduler_job.py:1493}} | INFO | Processing file /usr/local/airflow/dags/mapping1.adm for tasks to queue
[2020-08-10 00:17:11,289] | {{logging_mixin.py:95}} | INFO | [2020-08-10 00:17:11,289] | {{dagbag.py:90}} | INFO | Filling up the DagBag from /usr/local/airflow/dags/mapping1.adm
[2020-08-10 00:17:11,304] | {{scheduler_job.py:1507}} | WARNING | No viable dags retrieved from /usr/local/airflow/dags/mapping1.adm
[2020-08-10 00:17:11,398] | {{scheduler_job.py:152}} | INFO | Processing /usr/local/airflow/dags/mapping1.adm took 0.126 seconds
[2020-08-10 00:17:15,456] | {{logging_mixin.py:95}} | INFO | [2020-08-10 00:17:15,453] | {{settings.py:213}} | INFO | settings.configure_orm(): Using pool settings. pool_size=5, max_overflow=10, pool_recycle=1800, pid=211
[2020-08-10 00:17:15,498] | {{scheduler_job.py:146}} | INFO | Started process (PID=211) to work on /usr/local/airflow/dags/mapping1.adm
[2020-08-10 00:17:15,552] | {{scheduler_job.py:1493}} | INFO | Processing file /usr/local/airflow/dags/mapping1.adm for tasks to queue
[2020-08-10 00:17:15,562] | {{logging_mixin.py:95}} | INFO | [2020-08-10 00:17:15,561] | {{dagbag.py:90}} | INFO | Filling up the DagBag from /usr/local/airflow/dags/mapping1.adm
[2020-08-10 00:17:15,615] | {{scheduler_job.py:1507}} | WARNING | No viable dags retrieved from /usr/local/airflow/dags/mapping1.adm
[2020-08-10 00:17:15,720] | {{scheduler_job.py:152}} | INFO | Processing /usr/local/airflow/dags/mapping1.adm took 0.223 seconds
[2020-08-10 00:17:16,543] | {{logging_mixin.py:95}} | INFO | [2020-08-10 00:17:16,533] | {{settings.py:213}} | INFO | settings.configure_orm(): Using pool settings. pool_size=5, max_overflow=10, pool_recycle=1800, pid=223
[2020-08-10 00:17:16,594] | {{scheduler_job.py:146}} | INFO | Started process (PID=223) to work on /usr/local/airflow/dags/mapping1.adm
[2020-08-10 00:17:16,654] | {{scheduler_job.py:1493}} | INFO | Processing file /usr/local/airflow/dags/mapping1.adm for tasks to queue
[2020-08-10 00:17:16,666] | {{logging_mixin.py:95}} | INFO | [2020-08-10 00:17:16,662] | {{dagbag.py:90}} | INFO | Filling up the DagBag from /usr/local/airflow/dags/mapping1.adm
[2020-08-10 00:17:16,726] | {{scheduler_job.py:1507}} | WARNING | No viable dags retrieved from /usr/local/airflow/dags/mapping1.adm
[2020-08-10 00:17:16,888] | {{scheduler_job.py:152}} | INFO | Processing /usr/local/airflow/dags/mapping1.adm took 0.294 seconds
[2020-08-10 00:17:20,611] | {{logging_mixin.py:95}} | INFO | [2020-08-10 00:17:20,610] | {{settings.py:213}} | INFO | settings.configure_orm(): Using pool settings. pool_size=5, max_overflow=10, pool_recycle=1800, pid=254
[2020-08-10 00:17:20,628] | {{scheduler_job.py:146}} | INFO | Started process (PID=254) to work on /usr/local/airflow/dags/mapping1.adm
[2020-08-10 00:17:20,655] | {{scheduler_job.py:1493}} | INFO | Processing file /usr/local/airflow/dags/mapping1.adm for tasks to queue
[2020-08-10 00:17:20,660] | {{logging_mixin.py:95}} | INFO | [2020-08-10 00:17:20,659] | {{dagbag.py:90}} | INFO | Filling up the DagBag from /usr/local/airflow/dags/mapping1.adm
[2020-08-10 00:17:20,689] | {{scheduler_job.py:1507}} | WARNING | No viable dags retrieved from /usr/local/airflow/dags/mapping1.adm
[2020-08-10 00:17:20,851] | {{scheduler_job.py:152}} | INFO | Processing /usr/local/airflow/dags/mapping1.adm took 0.223 seconds
[2020-08-10 00:17:22,629] | {{logging_mixin.py:95}} | INFO | [2020-08-10 00:17:22,628] | {{settings.py:213}} | INFO | settings.configure_orm(): Using pool settings. pool_size=5, max_overflow=10, pool_recycle=1800, pid=273
[2020-08-10 00:17:22,653] | {{scheduler_job.py:146}} | INFO | Started process (PID=273) to work on /usr/local/airflow/dags/mapping1.adm
[2020-08-10 00:17:22,673] | {{scheduler_job.py:1493}} | INFO | Processing file /usr/local/airflow/dags/mapping1.adm for tasks to queue
[2020-08-10 00:17:22,676] | {{logging_mixin.py:95}} | INFO | [2020-08-10 00:17:22,676] | {{dagbag.py:90}} | INFO | Filling up the DagBag from /usr/local/airflow/dags/mapping1.adm
[2020-08-10 00:17:22,717] | {{scheduler_job.py:1507}} | WARNING | No viable dags retrieved from /usr/local/airflow/dags/mapping1.adm
[2020-08-10 00:17:22,791] | {{scheduler_job.py:152}} | INFO | Processing /usr/local/airflow/dags/mapping1.adm took 0.138 seconds
[2020-08-10 00:17:25,713] | {{logging_mixin.py:95}} | INFO | [2020-08-10 00:17:25,711] | {{settings.py:213}} | INFO | settings.configure_orm(): Using pool settings. pool_size=5, max_overflow=10, pool_recycle=1800, pid=294
[2020-08-10 00:17:25,744] | {{scheduler_job.py:146}} | INFO | Started process (PID=294) to work on /usr/local/airflow/dags/mapping1.adm
[2020-08-10 00:17:25,766] | {{scheduler_job.py:1493}} | INFO | Processing file /usr/local/airflow/dags/mapping1.adm for tasks to queue
[2020-08-10 00:17:25,768] | {{logging_mixin.py:95}} | INFO | [2020-08-10 00:17:25,768] | {{dagbag.py:90}} | INFO | Filling up the DagBag from /usr/local/airflow/dags/mapping1.adm
[2020-08-10 00:17:25,821] | {{scheduler_job.py:1507}} | WARNING | No viable dags retrieved from /usr/local/airflow/dags/mapping1.adm
[2020-08-10 00:17:26,063] | {{scheduler_job.py:152}} | INFO | Processing /usr/local/airflow/dags/mapping1.adm took 0.318 seconds
[2020-08-10 00:17:27,735] | {{logging_mixin.py:95}} | INFO | [2020-08-10 00:17:27,732] | {{settings.py:213}} | INFO | settings.configure_orm(): Using pool settings. pool_size=5, max_overflow=10, pool_recycle=1800, pid=318
[2020-08-10 00:17:27,772] | {{scheduler_job.py:146}} | INFO | Started process (PID=318) to work on /usr/local/airflow/dags/mapping1.adm
[2020-08-10 00:17:27,802] | {{scheduler_job.py:1493}} | INFO | Processing file /usr/local/airflow/dags/mapping1.adm for tasks to queue
[2020-08-10 00:17:27,804] | {{logging_mixin.py:95}} | INFO | [2020-08-10 00:17:27,804] | {{dagbag.py:90}} | INFO | Filling up the DagBag from /usr/local/airflow/dags/mapping1.adm
[2020-08-10 00:17:27,835] | {{scheduler_job.py:1507}} | WARNING | No viable dags retrieved from /usr/local/airflow/dags/mapping1.adm
[2020-08-10 00:17:27,949] | {{scheduler_job.py:152}} | INFO | Processing /usr/local/airflow/dags/mapping1.adm took 0.177 seconds
[2020-08-10 00:17:30,848] | {{logging_mixin.py:95}} | INFO | [2020-08-10 00:17:30,847] | {{settings.py:213}} | INFO | settings.configure_orm(): Using pool settings. pool_size=5, max_overflow=10, pool_recycle=1800, pid=339
[2020-08-10 00:17:30,860] | {{scheduler_job.py:146}} | INFO | Started process (PID=339) to work on /usr/local/airflow/dags/mapping1.adm
[2020-08-10 00:17:30,872] | {{scheduler_job.py:1493}} | INFO | Processing file /usr/local/airflow/dags/mapping1.adm for tasks to queue
[2020-08-10 00:17:30,875] | {{logging_mixin.py:95}} | INFO | [2020-08-10 00:17:30,874] | {{dagbag.py:90}} | INFO | Filling up the DagBag from /usr/local/airflow/dags/mapping1.adm
[2020-08-10 00:17:30,891] | {{scheduler_job.py:1507}} | WARNING | No viable dags retrieved from /usr/local/airflow/dags/mapping1.adm
[2020-08-10 00:17:31,027] | {{scheduler_job.py:152}} | INFO | Processing /usr/local/airflow/dags/mapping1.adm took 0.167 seconds
[2020-08-10 00:17:33,009] | {{logging_mixin.py:95}} | INFO | [2020-08-10 00:17:33,003] | {{settings.py:213}} | INFO | settings.configure_orm(): Using pool settings. pool_size=5, max_overflow=10, pool_recycle=1800, pid=357
[2020-08-10 00:17:33,074] | {{scheduler_job.py:146}} | INFO | Started process (PID=357) to work on /usr/local/airflow/dags/mapping1.adm
[2020-08-10 00:17:33,113] | {{scheduler_job.py:1493}} | INFO | Processing file /usr/local/airflow/dags/mapping1.adm for tasks to queue
[2020-08-10 00:17:33,119] | {{logging_mixin.py:95}} | INFO | [2020-08-10 00:17:33,118] | {{dagbag.py:90}} | INFO | Filling up the DagBag from /usr/local/airflow/dags/mapping1.adm
[2020-08-10 00:17:33,167] | {{scheduler_job.py:1507}} | WARNING | No viable dags retrieved from /usr/local/airflow/dags/mapping1.adm
[2020-08-10 00:17:33,293] | {{scheduler_job.py:152}} | INFO | Processing /usr/local/airflow/dags/mapping1.adm took 0.220 seconds
[2020-08-10 00:17:36,137] | {{logging_mixin.py:95}} | INFO | [2020-08-10 00:17:36,133] | {{settings.py:213}} | INFO | settings.configure_orm(): Using pool settings. pool_size=5, max_overflow=10, pool_recycle=1800, pid=379
[2020-08-10 00:17:36,174] | {{scheduler_job.py:146}} | INFO | Started process (PID=379) to work on /usr/local/airflow/dags/mapping1.adm
[2020-08-10 00:17:36,234] | {{scheduler_job.py:1493}} | INFO | Processing file /usr/local/airflow/dags/mapping1.adm for tasks to queue
[2020-08-10 00:17:36,239] | {{logging_mixin.py:95}} | INFO | [2020-08-10 00:17:36,238] | {{dagbag.py:90}} | INFO | Filling up the DagBag from /usr/local/airflow/dags/mapping1.adm
[2020-08-10 00:17:36,263] | {{scheduler_job.py:1507}} | WARNING | No viable dags retrieved from /usr/local/airflow/dags/mapping1.adm
[2020-08-10 00:17:36,393] | {{scheduler_job.py:152}} | INFO | Processing /usr/local/airflow/dags/mapping1.adm took 0.220 seconds
[2020-08-10 00:17:38,206] | {{logging_mixin.py:95}} | INFO | [2020-08-10 00:17:38,204] | {{settings.py:213}} | INFO | settings.configure_orm(): Using pool settings. pool_size=5, max_overflow=10, pool_recycle=1800, pid=397
[2020-08-10 00:17:38,228] | {{scheduler_job.py:146}} | INFO | Started process (PID=397) to work on /usr/local/airflow/dags/mapping1.adm
[2020-08-10 00:17:38,246] | {{scheduler_job.py:1493}} | INFO | Processing file /usr/local/airflow/dags/mapping1.adm for tasks to queue
[2020-08-10 00:17:38,252] | {{logging_mixin.py:95}} | INFO | [2020-08-10 00:17:38,251] | {{dagbag.py:90}} | INFO | Filling up the DagBag from /usr/local/airflow/dags/mapping1.adm
[2020-08-10 00:17:38,271] | {{scheduler_job.py:1507}} | WARNING | No viable dags retrieved from /usr/local/airflow/dags/mapping1.adm
[2020-08-10 00:17:38,427] | {{scheduler_job.py:152}} | INFO | Processing /usr/local/airflow/dags/mapping1.adm took 0.199 seconds
[2020-08-10 00:17:40,164] | {{logging_mixin.py:95}} | INFO | [2020-08-10 00:17:40,163] | {{settings.py:213}} | INFO | settings.configure_orm(): Using pool settings. pool_size=5, max_overflow=10, pool_recycle=1800, pid=418
[2020-08-10 00:17:40,167] | {{scheduler_job.py:146}} | INFO | Started process (PID=418) to work on /usr/local/airflow/dags/mapping1.adm
[2020-08-10 00:17:40,172] | {{scheduler_job.py:1493}} | INFO | Processing file /usr/local/airflow/dags/mapping1.adm for tasks to queue
[2020-08-10 00:17:40,174] | {{logging_mixin.py:95}} | INFO | [2020-08-10 00:17:40,174] | {{dagbag.py:90}} | INFO | Filling up the DagBag from /usr/local/airflow/dags/mapping1.adm
[2020-08-10 00:17:40,183] | {{scheduler_job.py:1507}} | WARNING | No viable dags retrieved from /usr/local/airflow/dags/mapping1.adm
[2020-08-10 00:17:40,207] | {{scheduler_job.py:152}} | INFO | Processing /usr/local/airflow/dags/mapping1.adm took 0.040 seconds
[2020-08-10 00:17:42,190] | {{logging_mixin.py:95}} | INFO | [2020-08-10 00:17:42,190] | {{settings.py:213}} | INFO | settings.configure_orm(): Using pool settings. pool_size=5, max_overflow=10, pool_recycle=1800, pid=438
[2020-08-10 00:17:42,193] | {{scheduler_job.py:146}} | INFO | Started process (PID=438) to work on /usr/local/airflow/dags/mapping1.adm
[2020-08-10 00:17:42,197] | {{scheduler_job.py:1493}} | INFO | Processing file /usr/local/airflow/dags/mapping1.adm for tasks to queue
[2020-08-10 00:17:42,198] | {{logging_mixin.py:95}} | INFO | [2020-08-10 00:17:42,198] | {{dagbag.py:90}} | INFO | Filling up the DagBag from /usr/local/airflow/dags/mapping1.adm
[2020-08-10 00:17:42,209] | {{scheduler_job.py:1507}} | WARNING | No viable dags retrieved from /usr/local/airflow/dags/mapping1.adm
[2020-08-10 00:17:42,227] | {{scheduler_job.py:152}} | INFO | Processing /usr/local/airflow/dags/mapping1.adm took 0.033 seconds
[2020-08-10 00:17:44,248] | {{logging_mixin.py:95}} | INFO | [2020-08-10 00:17:44,247] | {{settings.py:213}} | INFO | settings.configure_orm(): Using pool settings. pool_size=5, max_overflow=10, pool_recycle=1800, pid=457
[2020-08-10 00:17:44,251] | {{scheduler_job.py:146}} | INFO | Started process (PID=457) to work on /usr/local/airflow/dags/mapping1.adm
[2020-08-10 00:17:44,262] | {{scheduler_job.py:1493}} | INFO | Processing file /usr/local/airflow/dags/mapping1.adm for tasks to queue
[2020-08-10 00:17:44,263] | {{logging_mixin.py:95}} | INFO | [2020-08-10 00:17:44,263] | {{dagbag.py:90}} | INFO | Filling up the DagBag from /usr/local/airflow/dags/mapping1.adm
[2020-08-10 00:17:44,277] | {{scheduler_job.py:1507}} | WARNING | No viable dags retrieved from /usr/local/airflow/dags/mapping1.adm
[2020-08-10 00:17:44,297] | {{scheduler_job.py:152}} | INFO | Processing /usr/local/airflow/dags/mapping1.adm took 0.046 seconds
