[2020-07-30 22:00:52,200] {{taskinstance.py:616}} INFO - Dependencies all met for <TaskInstance: store_DAG.check_file_exists 2020-07-30T22:00:45.546208+00:00 [queued]>
[2020-07-30 22:00:52,251] {{taskinstance.py:616}} INFO - Dependencies all met for <TaskInstance: store_DAG.check_file_exists 2020-07-30T22:00:45.546208+00:00 [queued]>
[2020-07-30 22:00:52,252] {{taskinstance.py:834}} INFO - 
--------------------------------------------------------------------------------
[2020-07-30 22:00:52,252] {{taskinstance.py:835}} INFO - Starting attempt 1 of 3
[2020-07-30 22:00:52,253] {{taskinstance.py:836}} INFO - 
--------------------------------------------------------------------------------
[2020-07-30 22:00:52,296] {{taskinstance.py:855}} INFO - Executing <Task(BashOperator): check_file_exists> on 2020-07-30T22:00:45.546208+00:00
[2020-07-30 22:00:52,297] {{base_task_runner.py:133}} INFO - Running: ['airflow', 'run', 'store_DAG', 'check_file_exists', '2020-07-30T22:00:45.546208+00:00', '--job_id', '13', '--pool', 'default_pool', '--raw', '-sd', 'DAGS_FOLDER/store_DAG.py', '--cfg_path', '/tmp/tmpku663asx']
[2020-07-30 22:00:57,933] {{base_task_runner.py:115}} INFO - Job 13: Subtask check_file_exists [2020-07-30 22:00:57,929] {{settings.py:213}} INFO - settings.configure_orm(): Using pool settings. pool_size=5, max_overflow=10, pool_recycle=1800, pid=7327
[2020-07-30 22:00:58,097] {{base_task_runner.py:115}} INFO - Job 13: Subtask check_file_exists /usr/local/lib/python3.7/site-packages/psycopg2/__init__.py:144: UserWarning: The psycopg2 wheel package will be renamed from release 2.8; in order to keep installing from binary please use "pip install psycopg2-binary" instead. For details see: <http://initd.org/psycopg/docs/install.html#binary-install-from-pypi>.
[2020-07-30 22:00:58,098] {{base_task_runner.py:115}} INFO - Job 13: Subtask check_file_exists   """)
[2020-07-30 22:00:58,886] {{base_task_runner.py:115}} INFO - Job 13: Subtask check_file_exists [2020-07-30 22:00:58,882] {{__init__.py:51}} INFO - Using executor LocalExecutor
[2020-07-30 22:01:01,395] {{base_task_runner.py:115}} INFO - Job 13: Subtask check_file_exists [2020-07-30 22:01:01,394] {{dagbag.py:90}} INFO - Filling up the DagBag from /usr/local/airflow/dags/store_DAG.py
[2020-07-30 22:01:01,556] {{base_task_runner.py:115}} INFO - Job 13: Subtask check_file_exists [2020-07-30 22:01:01,554] {{cli.py:516}} INFO - Running <TaskInstance: store_DAG.check_file_exists 2020-07-30T22:00:45.546208+00:00 [running]> on host 6097e8989e8b
[2020-07-30 22:01:01,615] {{bash_operator.py:81}} INFO - Tmp dir root location: 
 /tmp
[2020-07-30 22:01:01,616] {{bash_operator.py:91}} INFO - Exporting the following env vars:
AIRFLOW_CTX_DAG_ID=store_DAG
AIRFLOW_CTX_TASK_ID=check_file_exists
AIRFLOW_CTX_EXECUTION_DATE=2020-07-30T22:00:45.546208+00:00
AIRFLOW_CTX_DAG_RUN_ID=manual__2020-07-30T22:00:45.546208+00:00
[2020-07-30 22:01:01,618] {{bash_operator.py:105}} INFO - Temporary script location: /tmp/airflowtmpghr5vsdk/check_file_exists06lpzqfq
[2020-07-30 22:01:01,618] {{bash_operator.py:115}} INFO - Running command: shasum ~/store_files_airflow/raw_store_transactions.csv
[2020-07-30 22:01:01,635] {{bash_operator.py:124}} INFO - Output:
[2020-07-30 22:01:01,724] {{bash_operator.py:128}} INFO - e9e298e9629d72f3255b4838ba07bd220150a146  /usr/local/airflow/store_files_airflow/raw_store_transactions.csv
[2020-07-30 22:01:01,727] {{bash_operator.py:132}} INFO - Command exited with return code 0
[2020-07-30 22:01:02,121] {{logging_mixin.py:95}} INFO - [[34m2020-07-30 22:01:02,120[0m] {{[34mlocal_task_job.py:[0m172}} WARNING[0m - State of this instance has been externally set to [1msuccess[0m. Taking the poison pill.[0m
[2020-07-30 22:01:02,135] {{helpers.py:319}} INFO - Sending Signals.SIGTERM to GPID 7327
[2020-07-30 22:01:02,156] {{helpers.py:297}} INFO - Process psutil.Process(pid=7327, status='terminated') (7327) terminated with exit code -15
[2020-07-30 22:01:02,159] {{logging_mixin.py:95}} INFO - [[34m2020-07-30 22:01:02,158[0m] {{[34mlocal_task_job.py:[0m105}} INFO[0m - Task exited with return code 0[0m
