message ----> Dependencies all met for <TaskInstance: store_DAG.check_file_exists 2020-08-04T21:09:04.010509+00:00 [queued]>
message ----> Dependencies all met for <TaskInstance: store_DAG.check_file_exists 2020-08-04T21:09:04.010509+00:00 [queued]>
message ----> 
--------------------------------------------------------------------------------
message ----> Starting attempt 1 of 3
message ----> 
--------------------------------------------------------------------------------
message ----> Executing <Task(BashOperator): check_file_exists> on 2020-08-04T21:09:04.010509+00:00
message ----> Running: ['airflow', 'run', 'store_DAG', 'check_file_exists', '2020-08-04T21:09:04.010509+00:00', '--job_id', '4', '--pool', 'default_pool', '--raw', '-sd', 'DAGS_FOLDER/store_DAG.py', '--cfg_path', '/tmp/tmppmahjvx5']
message ----> Job 4: Subtask check_file_exists [2020-08-04 21:09:20,332] {{settings.py:213}} INFO - settings.configure_orm(): Using pool settings. pool_size=5, max_overflow=10, pool_recycle=1800, pid=1550
message ----> Job 4: Subtask check_file_exists /usr/local/lib/python3.7/site-packages/psycopg2/__init__.py:144: UserWarning: The psycopg2 wheel package will be renamed from release 2.8; in order to keep installing from binary please use "pip install psycopg2-binary" instead. For details see: <http://initd.org/psycopg/docs/install.html#binary-install-from-pypi>.
message ----> Job 4: Subtask check_file_exists   """)
message ----> Job 4: Subtask check_file_exists [2020-08-04 21:09:21,017] {{__init__.py:51}} INFO - Using executor LocalExecutor
message ----> Job 4: Subtask check_file_exists [2020-08-04 21:09:23,265] {{dagbag.py:90}} INFO - Filling up the DagBag from /usr/local/airflow/dags/store_DAG.py
message ----> Job 4: Subtask check_file_exists [2020-08-04 21:09:23,501] {{cli.py:516}} INFO - Running <TaskInstance: store_DAG.check_file_exists 2020-08-04T21:09:04.010509+00:00 [running]> on host 0885e5a330eb
message ----> Tmp dir root location: 
 /tmp
message ----> Exporting the following env vars:
AIRFLOW_CTX_DAG_ID=store_DAG
AIRFLOW_CTX_TASK_ID=check_file_exists
AIRFLOW_CTX_EXECUTION_DATE=2020-08-04T21:09:04.010509+00:00
AIRFLOW_CTX_DAG_RUN_ID=manual__2020-08-04T21:09:04.010509+00:00
message ----> Temporary script location: /tmp/airflowtmptbzwzbin/check_file_exists3d8d58hq
message ----> Running command: shasum ~/store_files_airflow/raw_store_transactions.csv
message ----> Output:
message ----> e9e298e9629d72f3255b4838ba07bd220150a146  /usr/local/airflow/store_files_airflow/raw_store_transactions.csv
message ----> Command exited with return code 0
message ----> [[34m2020-08-04 21:09:24,314[0m] {{[34mlocal_task_job.py:[0m172}} WARNING[0m - State of this instance has been externally set to [1msuccess[0m. Taking the poison pill.[0m
message ----> Sending Signals.SIGTERM to GPID 1550
message ----> Process psutil.Process(pid=1550, status='terminated') (1550) terminated with exit code -15
message ----> [[34m2020-08-04 21:09:24,392[0m] {{[34mlocal_task_job.py:[0m105}} INFO[0m - Task exited with return code 0[0m
