time---> [2020-08-04 21:47:15,666] filename and line ---> {{taskinstance.py:616}} level ----> INFO message ----> Dependencies all met for <TaskInstance: store_DAG.check_file_exists 2020-08-04T21:47:06.275543+00:00 [queued]>
time---> [2020-08-04 21:47:15,679] filename and line ---> {{taskinstance.py:616}} level ----> INFO message ----> Dependencies all met for <TaskInstance: store_DAG.check_file_exists 2020-08-04T21:47:06.275543+00:00 [queued]>
time---> [2020-08-04 21:47:15,680] filename and line ---> {{taskinstance.py:834}} level ----> INFO message ----> 
--------------------------------------------------------------------------------
time---> [2020-08-04 21:47:15,680] filename and line ---> {{taskinstance.py:835}} level ----> INFO message ----> Starting attempt 1 of 3
time---> [2020-08-04 21:47:15,680] filename and line ---> {{taskinstance.py:836}} level ----> INFO message ----> 
--------------------------------------------------------------------------------
time---> [2020-08-04 21:47:15,708] filename and line ---> {{taskinstance.py:855}} level ----> INFO message ----> Executing <Task(BashOperator): check_file_exists> on 2020-08-04T21:47:06.275543+00:00
time---> [2020-08-04 21:47:15,709] filename and line ---> {{base_task_runner.py:133}} level ----> INFO message ----> Running: ['airflow', 'run', 'store_DAG', 'check_file_exists', '2020-08-04T21:47:06.275543+00:00', '--job_id', '8', '--pool', 'default_pool', '--raw', '-sd', 'DAGS_FOLDER/store_DAG.py', '--cfg_path', '/tmp/tmpbvbk5oyf']
time---> [2020-08-04 21:47:17,903] filename and line ---> {{base_task_runner.py:115}} level ----> INFO message ----> Job 8: Subtask check_file_exists [2020-08-04 21:47:17,902] {{settings.py:213}} INFO - settings.configure_orm(): Using pool settings. pool_size=5, max_overflow=10, pool_recycle=1800, pid=1132
time---> [2020-08-04 21:47:17,932] filename and line ---> {{base_task_runner.py:115}} level ----> INFO message ----> Job 8: Subtask check_file_exists /usr/local/lib/python3.7/site-packages/psycopg2/__init__.py:144: UserWarning: The psycopg2 wheel package will be renamed from release 2.8; in order to keep installing from binary please use "pip install psycopg2-binary" instead. For details see: <http://initd.org/psycopg/docs/install.html#binary-install-from-pypi>.
time---> [2020-08-04 21:47:17,933] filename and line ---> {{base_task_runner.py:115}} level ----> INFO message ----> Job 8: Subtask check_file_exists   """)
time---> [2020-08-04 21:47:18,284] filename and line ---> {{base_task_runner.py:115}} level ----> INFO message ----> Job 8: Subtask check_file_exists [2020-08-04 21:47:18,284] {{__init__.py:51}} INFO - Using executor LocalExecutor
time---> [2020-08-04 21:47:19,471] filename and line ---> {{base_task_runner.py:115}} level ----> INFO message ----> Job 8: Subtask check_file_exists [2020-08-04 21:47:19,470] {{dagbag.py:90}} INFO - Filling up the DagBag from /usr/local/airflow/dags/store_DAG.py
time---> [2020-08-04 21:47:19,676] filename and line ---> {{base_task_runner.py:115}} level ----> INFO message ----> Job 8: Subtask check_file_exists [2020-08-04 21:47:19,675] {{cli.py:516}} INFO - Running <TaskInstance: store_DAG.check_file_exists 2020-08-04T21:47:06.275543+00:00 [running]> on host 9783af82c2b4
time---> [2020-08-04 21:47:19,737] filename and line ---> {{bash_operator.py:81}} level ----> INFO message ----> Tmp dir root location: 
 /tmp
time---> [2020-08-04 21:47:19,738] filename and line ---> {{bash_operator.py:91}} level ----> INFO message ----> Exporting the following env vars:
AIRFLOW_CTX_DAG_ID=store_DAG
AIRFLOW_CTX_TASK_ID=check_file_exists
AIRFLOW_CTX_EXECUTION_DATE=2020-08-04T21:47:06.275543+00:00
AIRFLOW_CTX_DAG_RUN_ID=manual__2020-08-04T21:47:06.275543+00:00
time---> [2020-08-04 21:47:19,739] filename and line ---> {{bash_operator.py:105}} level ----> INFO message ----> Temporary script location: /tmp/airflowtmpbuocfsvg/check_file_existstbitoxto
time---> [2020-08-04 21:47:19,740] filename and line ---> {{bash_operator.py:115}} level ----> INFO message ----> Running command: shasum ~/store_files_airflow/raw_store_transactions.csv
time---> [2020-08-04 21:47:19,760] filename and line ---> {{bash_operator.py:124}} level ----> INFO message ----> Output:
time---> [2020-08-04 21:47:19,883] filename and line ---> {{bash_operator.py:128}} level ----> INFO message ----> e9e298e9629d72f3255b4838ba07bd220150a146  /usr/local/airflow/store_files_airflow/raw_store_transactions.csv
time---> [2020-08-04 21:47:19,885] filename and line ---> {{bash_operator.py:132}} level ----> INFO message ----> Command exited with return code 0
time---> [2020-08-04 21:47:20,645] filename and line ---> {{logging_mixin.py:95}} level ----> INFO message ----> [[34m2020-08-04 21:47:20,635[0m] {{[34mlocal_task_job.py:[0m105}} INFO[0m - Task exited with return code 0[0m
